[0.038s] Invoking command in '/home/a/deep-rl-navigation/DRL_robot_navigation_ros2/build/velodyne_gazebo_plugins': CMAKE_PREFIX_PATH=${CMAKE_PREFIX_PATH}:/opt/ros/humble /usr/bin/cmake --build /home/a/deep-rl-navigation/DRL_robot_navigation_ros2/build/velodyne_gazebo_plugins -- -j8 -l8
[0.179s] [100%] Built target gazebo_ros_velodyne_laser
[0.293s] Invoked command in '/home/a/deep-rl-navigation/DRL_robot_navigation_ros2/build/velodyne_gazebo_plugins' returned '0': CMAKE_PREFIX_PATH=${CMAKE_PREFIX_PATH}:/opt/ros/humble /usr/bin/cmake --build /home/a/deep-rl-navigation/DRL_robot_navigation_ros2/build/velodyne_gazebo_plugins -- -j8 -l8
[0.347s] Invoking command in '/home/a/deep-rl-navigation/DRL_robot_navigation_ros2/build/velodyne_gazebo_plugins': CMAKE_PREFIX_PATH=${CMAKE_PREFIX_PATH}:/opt/ros/humble /usr/bin/cmake --install /home/a/deep-rl-navigation/DRL_robot_navigation_ros2/build/velodyne_gazebo_plugins
[0.366s] -- Install configuration: ""
[0.366s] -- Up-to-date: /home/a/deep-rl-navigation/DRL_robot_navigation_ros2/install/velodyne_gazebo_plugins/share/velodyne_gazebo_plugins/environment/library_path.sh
[0.366s] -- Up-to-date: /home/a/deep-rl-navigation/DRL_robot_navigation_ros2/install/velodyne_gazebo_plugins/share/velodyne_gazebo_plugins/environment/library_path.dsv
[0.367s] -- Up-to-date: /home/a/deep-rl-navigation/DRL_robot_navigation_ros2/install/velodyne_gazebo_plugins/share/ament_index/resource_index/package_run_dependencies/velodyne_gazebo_plugins
[0.367s] -- Up-to-date: /home/a/deep-rl-navigation/DRL_robot_navigation_ros2/install/velodyne_gazebo_plugins/share/ament_index/resource_index/parent_prefix_path/velodyne_gazebo_plugins
[0.368s] -- Up-to-date: /home/a/deep-rl-navigation/DRL_robot_navigation_ros2/install/velodyne_gazebo_plugins/share/velodyne_gazebo_plugins/environment/ament_prefix_path.sh
[0.368s] -- Up-to-date: /home/a/deep-rl-navigation/DRL_robot_navigation_ros2/install/velodyne_gazebo_plugins/share/velodyne_gazebo_plugins/environment/ament_prefix_path.dsv
[0.368s] -- Up-to-date: /home/a/deep-rl-navigation/DRL_robot_navigation_ros2/install/velodyne_gazebo_plugins/share/velodyne_gazebo_plugins/environment/path.sh
[0.369s] -- Up-to-date: /home/a/deep-rl-navigation/DRL_robot_navigation_ros2/install/velodyne_gazebo_plugins/share/velodyne_gazebo_plugins/environment/path.dsv
[0.369s] -- Up-to-date: /home/a/deep-rl-navigation/DRL_robot_navigation_ros2/install/velodyne_gazebo_plugins/share/velodyne_gazebo_plugins/local_setup.bash
[0.369s] -- Up-to-date: /home/a/deep-rl-navigation/DRL_robot_navigation_ros2/install/velodyne_gazebo_plugins/share/velodyne_gazebo_plugins/local_setup.sh
[0.369s] -- Up-to-date: /home/a/deep-rl-navigation/DRL_robot_navigation_ros2/install/velodyne_gazebo_plugins/share/velodyne_gazebo_plugins/local_setup.zsh
[0.369s] -- Up-to-date: /home/a/deep-rl-navigation/DRL_robot_navigation_ros2/install/velodyne_gazebo_plugins/share/velodyne_gazebo_plugins/local_setup.dsv
[0.370s] -- Installing: /home/a/deep-rl-navigation/DRL_robot_navigation_ros2/install/velodyne_gazebo_plugins/share/velodyne_gazebo_plugins/package.dsv
[0.370s] -- Up-to-date: /home/a/deep-rl-navigation/DRL_robot_navigation_ros2/install/velodyne_gazebo_plugins/share/ament_index/resource_index/packages/velodyne_gazebo_plugins
[0.370s] -- Up-to-date: /home/a/deep-rl-navigation/DRL_robot_navigation_ros2/install/velodyne_gazebo_plugins/share/velodyne_gazebo_plugins/cmake/ament_cmake_export_libraries-extras.cmake
[0.370s] -- Up-to-date: /home/a/deep-rl-navigation/DRL_robot_navigation_ros2/install/velodyne_gazebo_plugins/share/velodyne_gazebo_plugins/cmake/ament_cmake_export_include_directories-extras.cmake
[0.370s] -- Up-to-date: /home/a/deep-rl-navigation/DRL_robot_navigation_ros2/install/velodyne_gazebo_plugins/share/velodyne_gazebo_plugins/cmake/ament_cmake_export_dependencies-extras.cmake
[0.370s] -- Up-to-date: /home/a/deep-rl-navigation/DRL_robot_navigation_ros2/install/velodyne_gazebo_plugins/share/velodyne_gazebo_plugins/cmake/velodyne_gazebo_pluginsConfig.cmake
[0.371s] -- Up-to-date: /home/a/deep-rl-navigation/DRL_robot_navigation_ros2/install/velodyne_gazebo_plugins/share/velodyne_gazebo_plugins/cmake/velodyne_gazebo_pluginsConfig-version.cmake
[0.371s] -- Up-to-date: /home/a/deep-rl-navigation/DRL_robot_navigation_ros2/install/velodyne_gazebo_plugins/share/velodyne_gazebo_plugins/package.xml
[0.371s] -- Up-to-date: /home/a/deep-rl-navigation/DRL_robot_navigation_ros2/install/velodyne_gazebo_plugins/include
[0.371s] -- Up-to-date: /home/a/deep-rl-navigation/DRL_robot_navigation_ros2/install/velodyne_gazebo_plugins/include/velodyne_gazebo_plugins
[0.372s] -- Up-to-date: /home/a/deep-rl-navigation/DRL_robot_navigation_ros2/install/velodyne_gazebo_plugins/include/velodyne_gazebo_plugins/GazeboRosVelodyneLaser.h
[0.373s] -- Up-to-date: /home/a/deep-rl-navigation/DRL_robot_navigation_ros2/install/velodyne_gazebo_plugins/lib/libgazebo_ros_velodyne_laser.so
[0.380s] Invoked command in '/home/a/deep-rl-navigation/DRL_robot_navigation_ros2/build/velodyne_gazebo_plugins' returned '0': CMAKE_PREFIX_PATH=${CMAKE_PREFIX_PATH}:/opt/ros/humble /usr/bin/cmake --install /home/a/deep-rl-navigation/DRL_robot_navigation_ros2/build/velodyne_gazebo_plugins
