[0.144s] DEBUG:colcon:Command line arguments: ['/usr/bin/colcon', 'build']
[0.145s] DEBUG:colcon:Parsed command line arguments: Namespace(log_base=None, log_level=None, verb_name='build', build_base='build', install_base='install', merge_install=False, symlink_install=False, test_result_base=None, continue_on_error=False, executor='parallel', parallel_workers=8, event_handlers=None, ignore_user_meta=False, metas=['./colcon.meta'], base_paths=['.'], packages_ignore=None, packages_ignore_regex=None, paths=None, packages_up_to=None, packages_up_to_regex=None, packages_above=None, packages_above_and_dependencies=None, packages_above_depth=None, packages_select_by_dep=None, packages_skip_by_dep=None, packages_skip_up_to=None, packages_select_build_failed=False, packages_skip_build_finished=False, packages_select_test_failures=False, packages_skip_test_passed=False, packages_select=None, packages_skip=None, packages_select_regex=None, packages_skip_regex=None, packages_start=None, packages_end=None, allow_overriding=[], cmake_args=None, cmake_target=None, cmake_target_skip_unavailable=False, cmake_clean_cache=False, cmake_clean_first=False, cmake_force_configure=False, ament_cmake_args=None, catkin_cmake_args=None, catkin_skip_building_tests=False, verb_parser=<colcon_defaults.argument_parser.defaults.DefaultArgumentsDecorator object at 0x758d61f58b80>, verb_extension=<colcon_core.verb.build.BuildVerb object at 0x758d61f58730>, main=<bound method BuildVerb.main of <colcon_core.verb.build.BuildVerb object at 0x758d61f58730>>)
[0.416s] Level 1:colcon.colcon_core.package_discovery:discover_packages(colcon_meta) check parameters
[0.416s] Level 1:colcon.colcon_core.package_discovery:discover_packages(recursive) check parameters
[0.416s] Level 1:colcon.colcon_core.package_discovery:discover_packages(ignore) check parameters
[0.417s] Level 1:colcon.colcon_core.package_discovery:discover_packages(path) check parameters
[0.417s] Level 1:colcon.colcon_core.package_discovery:discover_packages(colcon_meta) discover
[0.417s] Level 1:colcon.colcon_core.package_discovery:discover_packages(recursive) discover
[0.417s] INFO:colcon.colcon_core.package_discovery:Crawling recursively for packages in '/home/a/deep-rl-navigation/DRL_robot_navigation_ros2'
[0.417s] Level 1:colcon.colcon_core.package_identification:_identify(.) by extensions ['ignore', 'ignore_ament_install']
[0.417s] Level 1:colcon.colcon_core.package_identification:_identify(.) by extension 'ignore'
[0.417s] Level 1:colcon.colcon_core.package_identification:_identify(.) by extension 'ignore_ament_install'
[0.417s] Level 1:colcon.colcon_core.package_identification:_identify(.) by extensions ['colcon_pkg']
[0.417s] Level 1:colcon.colcon_core.package_identification:_identify(.) by extension 'colcon_pkg'
[0.417s] Level 1:colcon.colcon_core.package_identification:_identify(.) by extensions ['colcon_meta']
[0.417s] Level 1:colcon.colcon_core.package_identification:_identify(.) by extension 'colcon_meta'
[0.417s] Level 1:colcon.colcon_core.package_identification:_identify(.) by extensions ['ros']
[0.418s] Level 1:colcon.colcon_core.package_identification:_identify(.) by extension 'ros'
[0.449s] Level 1:colcon.colcon_core.package_identification:_identify(.) by extensions ['cmake', 'python']
[0.449s] Level 1:colcon.colcon_core.package_identification:_identify(.) by extension 'cmake'
[0.449s] Level 1:colcon.colcon_core.package_identification:_identify(.) by extension 'python'
[0.450s] Level 1:colcon.colcon_core.package_identification:_identify(.) by extensions ['python_setup_py']
[0.450s] Level 1:colcon.colcon_core.package_identification:_identify(.) by extension 'python_setup_py'
[0.450s] Level 1:colcon.colcon_core.package_identification:_identify(build) by extensions ['ignore', 'ignore_ament_install']
[0.450s] Level 1:colcon.colcon_core.package_identification:_identify(build) by extension 'ignore'
[0.450s] Level 1:colcon.colcon_core.package_identification:_identify(build) ignored
[0.450s] Level 1:colcon.colcon_core.package_identification:_identify(install) by extensions ['ignore', 'ignore_ament_install']
[0.451s] Level 1:colcon.colcon_core.package_identification:_identify(install) by extension 'ignore'
[0.451s] Level 1:colcon.colcon_core.package_identification:_identify(install) ignored
[0.451s] Level 1:colcon.colcon_core.package_identification:_identify(log) by extensions ['ignore', 'ignore_ament_install']
[0.451s] Level 1:colcon.colcon_core.package_identification:_identify(log) by extension 'ignore'
[0.451s] Level 1:colcon.colcon_core.package_identification:_identify(log) ignored
[0.451s] Level 1:colcon.colcon_core.package_identification:_identify(results) by extensions ['ignore', 'ignore_ament_install']
[0.451s] Level 1:colcon.colcon_core.package_identification:_identify(results) by extension 'ignore'
[0.452s] Level 1:colcon.colcon_core.package_identification:_identify(results) by extension 'ignore_ament_install'
[0.452s] Level 1:colcon.colcon_core.package_identification:_identify(results) by extensions ['colcon_pkg']
[0.452s] Level 1:colcon.colcon_core.package_identification:_identify(results) by extension 'colcon_pkg'
[0.452s] Level 1:colcon.colcon_core.package_identification:_identify(results) by extensions ['colcon_meta']
[0.452s] Level 1:colcon.colcon_core.package_identification:_identify(results) by extension 'colcon_meta'
[0.452s] Level 1:colcon.colcon_core.package_identification:_identify(results) by extensions ['ros']
[0.452s] Level 1:colcon.colcon_core.package_identification:_identify(results) by extension 'ros'
[0.452s] Level 1:colcon.colcon_core.package_identification:_identify(results) by extensions ['cmake', 'python']
[0.452s] Level 1:colcon.colcon_core.package_identification:_identify(results) by extension 'cmake'
[0.452s] Level 1:colcon.colcon_core.package_identification:_identify(results) by extension 'python'
[0.452s] Level 1:colcon.colcon_core.package_identification:_identify(results) by extensions ['python_setup_py']
[0.452s] Level 1:colcon.colcon_core.package_identification:_identify(results) by extension 'python_setup_py'
[0.452s] Level 1:colcon.colcon_core.package_identification:_identify(src) by extensions ['ignore', 'ignore_ament_install']
[0.453s] Level 1:colcon.colcon_core.package_identification:_identify(src) by extension 'ignore'
[0.453s] Level 1:colcon.colcon_core.package_identification:_identify(src) by extension 'ignore_ament_install'
[0.453s] Level 1:colcon.colcon_core.package_identification:_identify(src) by extensions ['colcon_pkg']
[0.453s] Level 1:colcon.colcon_core.package_identification:_identify(src) by extension 'colcon_pkg'
[0.453s] Level 1:colcon.colcon_core.package_identification:_identify(src) by extensions ['colcon_meta']
[0.453s] Level 1:colcon.colcon_core.package_identification:_identify(src) by extension 'colcon_meta'
[0.453s] Level 1:colcon.colcon_core.package_identification:_identify(src) by extensions ['ros']
[0.453s] Level 1:colcon.colcon_core.package_identification:_identify(src) by extension 'ros'
[0.453s] Level 1:colcon.colcon_core.package_identification:_identify(src) by extensions ['cmake', 'python']
[0.453s] Level 1:colcon.colcon_core.package_identification:_identify(src) by extension 'cmake'
[0.453s] Level 1:colcon.colcon_core.package_identification:_identify(src) by extension 'python'
[0.453s] Level 1:colcon.colcon_core.package_identification:_identify(src) by extensions ['python_setup_py']
[0.453s] Level 1:colcon.colcon_core.package_identification:_identify(src) by extension 'python_setup_py'
[0.454s] Level 1:colcon.colcon_core.package_identification:_identify(src/td3) by extensions ['ignore', 'ignore_ament_install']
[0.454s] Level 1:colcon.colcon_core.package_identification:_identify(src/td3) by extension 'ignore'
[0.454s] Level 1:colcon.colcon_core.package_identification:_identify(src/td3) by extension 'ignore_ament_install'
[0.454s] Level 1:colcon.colcon_core.package_identification:_identify(src/td3) by extensions ['colcon_pkg']
[0.454s] Level 1:colcon.colcon_core.package_identification:_identify(src/td3) by extension 'colcon_pkg'
[0.454s] Level 1:colcon.colcon_core.package_identification:_identify(src/td3) by extensions ['colcon_meta']
[0.454s] Level 1:colcon.colcon_core.package_identification:_identify(src/td3) by extension 'colcon_meta'
[0.454s] Level 1:colcon.colcon_core.package_identification:_identify(src/td3) by extensions ['ros']
[0.454s] Level 1:colcon.colcon_core.package_identification:_identify(src/td3) by extension 'ros'
[0.458s] DEBUG:colcon.colcon_core.package_identification:Package 'src/td3' with type 'ros.ament_cmake' and name 'td3'
[0.458s] Level 1:colcon.colcon_core.package_identification:_identify(src/velodyne_simulator) by extensions ['ignore', 'ignore_ament_install']
[0.458s] Level 1:colcon.colcon_core.package_identification:_identify(src/velodyne_simulator) by extension 'ignore'
[0.458s] Level 1:colcon.colcon_core.package_identification:_identify(src/velodyne_simulator) by extension 'ignore_ament_install'
[0.458s] Level 1:colcon.colcon_core.package_identification:_identify(src/velodyne_simulator) by extensions ['colcon_pkg']
[0.458s] Level 1:colcon.colcon_core.package_identification:_identify(src/velodyne_simulator) by extension 'colcon_pkg'
[0.458s] Level 1:colcon.colcon_core.package_identification:_identify(src/velodyne_simulator) by extensions ['colcon_meta']
[0.459s] Level 1:colcon.colcon_core.package_identification:_identify(src/velodyne_simulator) by extension 'colcon_meta'
[0.459s] Level 1:colcon.colcon_core.package_identification:_identify(src/velodyne_simulator) by extensions ['ros']
[0.459s] Level 1:colcon.colcon_core.package_identification:_identify(src/velodyne_simulator) by extension 'ros'
[0.459s] Level 1:colcon.colcon_core.package_identification:_identify(src/velodyne_simulator) by extensions ['cmake', 'python']
[0.459s] Level 1:colcon.colcon_core.package_identification:_identify(src/velodyne_simulator) by extension 'cmake'
[0.459s] Level 1:colcon.colcon_core.package_identification:_identify(src/velodyne_simulator) by extension 'python'
[0.459s] Level 1:colcon.colcon_core.package_identification:_identify(src/velodyne_simulator) by extensions ['python_setup_py']
[0.459s] Level 1:colcon.colcon_core.package_identification:_identify(src/velodyne_simulator) by extension 'python_setup_py'
[0.459s] Level 1:colcon.colcon_core.package_identification:_identify(src/velodyne_simulator/img) by extensions ['ignore', 'ignore_ament_install']
[0.459s] Level 1:colcon.colcon_core.package_identification:_identify(src/velodyne_simulator/img) by extension 'ignore'
[0.459s] Level 1:colcon.colcon_core.package_identification:_identify(src/velodyne_simulator/img) by extension 'ignore_ament_install'
[0.459s] Level 1:colcon.colcon_core.package_identification:_identify(src/velodyne_simulator/img) by extensions ['colcon_pkg']
[0.459s] Level 1:colcon.colcon_core.package_identification:_identify(src/velodyne_simulator/img) by extension 'colcon_pkg'
[0.459s] Level 1:colcon.colcon_core.package_identification:_identify(src/velodyne_simulator/img) by extensions ['colcon_meta']
[0.459s] Level 1:colcon.colcon_core.package_identification:_identify(src/velodyne_simulator/img) by extension 'colcon_meta'
[0.460s] Level 1:colcon.colcon_core.package_identification:_identify(src/velodyne_simulator/img) by extensions ['ros']
[0.460s] Level 1:colcon.colcon_core.package_identification:_identify(src/velodyne_simulator/img) by extension 'ros'
[0.460s] Level 1:colcon.colcon_core.package_identification:_identify(src/velodyne_simulator/img) by extensions ['cmake', 'python']
[0.460s] Level 1:colcon.colcon_core.package_identification:_identify(src/velodyne_simulator/img) by extension 'cmake'
[0.460s] Level 1:colcon.colcon_core.package_identification:_identify(src/velodyne_simulator/img) by extension 'python'
[0.460s] Level 1:colcon.colcon_core.package_identification:_identify(src/velodyne_simulator/img) by extensions ['python_setup_py']
[0.460s] Level 1:colcon.colcon_core.package_identification:_identify(src/velodyne_simulator/img) by extension 'python_setup_py'
[0.460s] Level 1:colcon.colcon_core.package_identification:_identify(src/velodyne_simulator/velodyne_description) by extensions ['ignore', 'ignore_ament_install']
[0.460s] Level 1:colcon.colcon_core.package_identification:_identify(src/velodyne_simulator/velodyne_description) by extension 'ignore'
[0.460s] Level 1:colcon.colcon_core.package_identification:_identify(src/velodyne_simulator/velodyne_description) by extension 'ignore_ament_install'
[0.460s] Level 1:colcon.colcon_core.package_identification:_identify(src/velodyne_simulator/velodyne_description) by extensions ['colcon_pkg']
[0.460s] Level 1:colcon.colcon_core.package_identification:_identify(src/velodyne_simulator/velodyne_description) by extension 'colcon_pkg'
[0.460s] Level 1:colcon.colcon_core.package_identification:_identify(src/velodyne_simulator/velodyne_description) by extensions ['colcon_meta']
[0.460s] Level 1:colcon.colcon_core.package_identification:_identify(src/velodyne_simulator/velodyne_description) by extension 'colcon_meta'
[0.460s] Level 1:colcon.colcon_core.package_identification:_identify(src/velodyne_simulator/velodyne_description) by extensions ['ros']
[0.460s] Level 1:colcon.colcon_core.package_identification:_identify(src/velodyne_simulator/velodyne_description) by extension 'ros'
[0.461s] DEBUG:colcon.colcon_core.package_identification:Package 'src/velodyne_simulator/velodyne_description' with type 'ros.ament_cmake' and name 'velodyne_description'
[0.461s] Level 1:colcon.colcon_core.package_identification:_identify(src/velodyne_simulator/velodyne_gazebo_plugins) by extensions ['ignore', 'ignore_ament_install']
[0.462s] Level 1:colcon.colcon_core.package_identification:_identify(src/velodyne_simulator/velodyne_gazebo_plugins) by extension 'ignore'
[0.462s] Level 1:colcon.colcon_core.package_identification:_identify(src/velodyne_simulator/velodyne_gazebo_plugins) by extension 'ignore_ament_install'
[0.462s] Level 1:colcon.colcon_core.package_identification:_identify(src/velodyne_simulator/velodyne_gazebo_plugins) by extensions ['colcon_pkg']
[0.462s] Level 1:colcon.colcon_core.package_identification:_identify(src/velodyne_simulator/velodyne_gazebo_plugins) by extension 'colcon_pkg'
[0.462s] Level 1:colcon.colcon_core.package_identification:_identify(src/velodyne_simulator/velodyne_gazebo_plugins) by extensions ['colcon_meta']
[0.462s] Level 1:colcon.colcon_core.package_identification:_identify(src/velodyne_simulator/velodyne_gazebo_plugins) by extension 'colcon_meta'
[0.462s] Level 1:colcon.colcon_core.package_identification:_identify(src/velodyne_simulator/velodyne_gazebo_plugins) by extensions ['ros']
[0.462s] Level 1:colcon.colcon_core.package_identification:_identify(src/velodyne_simulator/velodyne_gazebo_plugins) by extension 'ros'
[0.463s] DEBUG:colcon.colcon_core.package_identification:Package 'src/velodyne_simulator/velodyne_gazebo_plugins' with type 'ros.ament_cmake' and name 'velodyne_gazebo_plugins'
[0.463s] Level 1:colcon.colcon_core.package_identification:_identify(src/velodyne_simulator/velodyne_simulator) by extensions ['ignore', 'ignore_ament_install']
[0.463s] Level 1:colcon.colcon_core.package_identification:_identify(src/velodyne_simulator/velodyne_simulator) by extension 'ignore'
[0.463s] Level 1:colcon.colcon_core.package_identification:_identify(src/velodyne_simulator/velodyne_simulator) by extension 'ignore_ament_install'
[0.463s] Level 1:colcon.colcon_core.package_identification:_identify(src/velodyne_simulator/velodyne_simulator) by extensions ['colcon_pkg']
[0.464s] Level 1:colcon.colcon_core.package_identification:_identify(src/velodyne_simulator/velodyne_simulator) by extension 'colcon_pkg'
[0.464s] Level 1:colcon.colcon_core.package_identification:_identify(src/velodyne_simulator/velodyne_simulator) by extensions ['colcon_meta']
[0.464s] Level 1:colcon.colcon_core.package_identification:_identify(src/velodyne_simulator/velodyne_simulator) by extension 'colcon_meta'
[0.464s] Level 1:colcon.colcon_core.package_identification:_identify(src/velodyne_simulator/velodyne_simulator) by extensions ['ros']
[0.464s] Level 1:colcon.colcon_core.package_identification:_identify(src/velodyne_simulator/velodyne_simulator) by extension 'ros'
[0.465s] DEBUG:colcon.colcon_core.package_identification:Package 'src/velodyne_simulator/velodyne_simulator' with type 'ros.ament_cmake' and name 'velodyne_simulator'
[0.465s] Level 1:colcon.colcon_core.package_discovery:discover_packages(recursive) using defaults
[0.465s] Level 1:colcon.colcon_core.package_discovery:discover_packages(ignore) discover
[0.465s] Level 1:colcon.colcon_core.package_discovery:discover_packages(ignore) using defaults
[0.465s] Level 1:colcon.colcon_core.package_discovery:discover_packages(path) discover
[0.465s] Level 1:colcon.colcon_core.package_discovery:discover_packages(path) using defaults
[0.496s] Level 1:colcon.colcon_core.package_discovery:discover_packages(prefix_path) check parameters
[0.496s] Level 1:colcon.colcon_core.package_discovery:discover_packages(prefix_path) discover
[0.500s] DEBUG:colcon.colcon_installed_package_information.package_discovery:Found 4 installed packages in /home/a/deep-rl-navigation/DRL_robot_navigation_ros2/install
[0.501s] DEBUG:colcon.colcon_installed_package_information.package_discovery:Found 278 installed packages in /opt/ros/humble
[0.504s] Level 1:colcon.colcon_core.package_discovery:discover_packages(prefix_path) using defaults
[0.563s] Level 5:colcon.colcon_core.verb:set package 'td3' build argument 'cmake_args' from command line to 'None'
[0.563s] Level 5:colcon.colcon_core.verb:set package 'td3' build argument 'cmake_target' from command line to 'None'
[0.563s] Level 5:colcon.colcon_core.verb:set package 'td3' build argument 'cmake_target_skip_unavailable' from command line to 'False'
[0.563s] Level 5:colcon.colcon_core.verb:set package 'td3' build argument 'cmake_clean_cache' from command line to 'False'
[0.563s] Level 5:colcon.colcon_core.verb:set package 'td3' build argument 'cmake_clean_first' from command line to 'False'
[0.563s] Level 5:colcon.colcon_core.verb:set package 'td3' build argument 'cmake_force_configure' from command line to 'False'
[0.563s] Level 5:colcon.colcon_core.verb:set package 'td3' build argument 'ament_cmake_args' from command line to 'None'
[0.563s] Level 5:colcon.colcon_core.verb:set package 'td3' build argument 'catkin_cmake_args' from command line to 'None'
[0.563s] Level 5:colcon.colcon_core.verb:set package 'td3' build argument 'catkin_skip_building_tests' from command line to 'False'
[0.564s] DEBUG:colcon.colcon_core.verb:Building package 'td3' with the following arguments: {'ament_cmake_args': None, 'build_base': '/home/a/deep-rl-navigation/DRL_robot_navigation_ros2/build/td3', 'catkin_cmake_args': None, 'catkin_skip_building_tests': False, 'cmake_args': None, 'cmake_clean_cache': False, 'cmake_clean_first': False, 'cmake_force_configure': False, 'cmake_target': None, 'cmake_target_skip_unavailable': False, 'install_base': '/home/a/deep-rl-navigation/DRL_robot_navigation_ros2/install/td3', 'merge_install': False, 'path': '/home/a/deep-rl-navigation/DRL_robot_navigation_ros2/src/td3', 'symlink_install': False, 'test_result_base': None}
[0.564s] Level 5:colcon.colcon_core.verb:set package 'velodyne_description' build argument 'cmake_args' from command line to 'None'
[0.564s] Level 5:colcon.colcon_core.verb:set package 'velodyne_description' build argument 'cmake_target' from command line to 'None'
[0.564s] Level 5:colcon.colcon_core.verb:set package 'velodyne_description' build argument 'cmake_target_skip_unavailable' from command line to 'False'
[0.564s] Level 5:colcon.colcon_core.verb:set package 'velodyne_description' build argument 'cmake_clean_cache' from command line to 'False'
[0.564s] Level 5:colcon.colcon_core.verb:set package 'velodyne_description' build argument 'cmake_clean_first' from command line to 'False'
[0.564s] Level 5:colcon.colcon_core.verb:set package 'velodyne_description' build argument 'cmake_force_configure' from command line to 'False'
[0.564s] Level 5:colcon.colcon_core.verb:set package 'velodyne_description' build argument 'ament_cmake_args' from command line to 'None'
[0.564s] Level 5:colcon.colcon_core.verb:set package 'velodyne_description' build argument 'catkin_cmake_args' from command line to 'None'
[0.564s] Level 5:colcon.colcon_core.verb:set package 'velodyne_description' build argument 'catkin_skip_building_tests' from command line to 'False'
[0.564s] DEBUG:colcon.colcon_core.verb:Building package 'velodyne_description' with the following arguments: {'ament_cmake_args': None, 'build_base': '/home/a/deep-rl-navigation/DRL_robot_navigation_ros2/build/velodyne_description', 'catkin_cmake_args': None, 'catkin_skip_building_tests': False, 'cmake_args': None, 'cmake_clean_cache': False, 'cmake_clean_first': False, 'cmake_force_configure': False, 'cmake_target': None, 'cmake_target_skip_unavailable': False, 'install_base': '/home/a/deep-rl-navigation/DRL_robot_navigation_ros2/install/velodyne_description', 'merge_install': False, 'path': '/home/a/deep-rl-navigation/DRL_robot_navigation_ros2/src/velodyne_simulator/velodyne_description', 'symlink_install': False, 'test_result_base': None}
[0.565s] Level 5:colcon.colcon_core.verb:set package 'velodyne_gazebo_plugins' build argument 'cmake_args' from command line to 'None'
[0.565s] Level 5:colcon.colcon_core.verb:set package 'velodyne_gazebo_plugins' build argument 'cmake_target' from command line to 'None'
[0.565s] Level 5:colcon.colcon_core.verb:set package 'velodyne_gazebo_plugins' build argument 'cmake_target_skip_unavailable' from command line to 'False'
[0.565s] Level 5:colcon.colcon_core.verb:set package 'velodyne_gazebo_plugins' build argument 'cmake_clean_cache' from command line to 'False'
[0.565s] Level 5:colcon.colcon_core.verb:set package 'velodyne_gazebo_plugins' build argument 'cmake_clean_first' from command line to 'False'
[0.565s] Level 5:colcon.colcon_core.verb:set package 'velodyne_gazebo_plugins' build argument 'cmake_force_configure' from command line to 'False'
[0.565s] Level 5:colcon.colcon_core.verb:set package 'velodyne_gazebo_plugins' build argument 'ament_cmake_args' from command line to 'None'
[0.565s] Level 5:colcon.colcon_core.verb:set package 'velodyne_gazebo_plugins' build argument 'catkin_cmake_args' from command line to 'None'
[0.565s] Level 5:colcon.colcon_core.verb:set package 'velodyne_gazebo_plugins' build argument 'catkin_skip_building_tests' from command line to 'False'
[0.565s] DEBUG:colcon.colcon_core.verb:Building package 'velodyne_gazebo_plugins' with the following arguments: {'ament_cmake_args': None, 'build_base': '/home/a/deep-rl-navigation/DRL_robot_navigation_ros2/build/velodyne_gazebo_plugins', 'catkin_cmake_args': None, 'catkin_skip_building_tests': False, 'cmake_args': None, 'cmake_clean_cache': False, 'cmake_clean_first': False, 'cmake_force_configure': False, 'cmake_target': None, 'cmake_target_skip_unavailable': False, 'install_base': '/home/a/deep-rl-navigation/DRL_robot_navigation_ros2/install/velodyne_gazebo_plugins', 'merge_install': False, 'path': '/home/a/deep-rl-navigation/DRL_robot_navigation_ros2/src/velodyne_simulator/velodyne_gazebo_plugins', 'symlink_install': False, 'test_result_base': None}
[0.565s] Level 5:colcon.colcon_core.verb:set package 'velodyne_simulator' build argument 'cmake_args' from command line to 'None'
[0.565s] Level 5:colcon.colcon_core.verb:set package 'velodyne_simulator' build argument 'cmake_target' from command line to 'None'
[0.565s] Level 5:colcon.colcon_core.verb:set package 'velodyne_simulator' build argument 'cmake_target_skip_unavailable' from command line to 'False'
[0.565s] Level 5:colcon.colcon_core.verb:set package 'velodyne_simulator' build argument 'cmake_clean_cache' from command line to 'False'
[0.565s] Level 5:colcon.colcon_core.verb:set package 'velodyne_simulator' build argument 'cmake_clean_first' from command line to 'False'
[0.565s] Level 5:colcon.colcon_core.verb:set package 'velodyne_simulator' build argument 'cmake_force_configure' from command line to 'False'
[0.565s] Level 5:colcon.colcon_core.verb:set package 'velodyne_simulator' build argument 'ament_cmake_args' from command line to 'None'
[0.565s] Level 5:colcon.colcon_core.verb:set package 'velodyne_simulator' build argument 'catkin_cmake_args' from command line to 'None'
[0.565s] Level 5:colcon.colcon_core.verb:set package 'velodyne_simulator' build argument 'catkin_skip_building_tests' from command line to 'False'
[0.565s] DEBUG:colcon.colcon_core.verb:Building package 'velodyne_simulator' with the following arguments: {'ament_cmake_args': None, 'build_base': '/home/a/deep-rl-navigation/DRL_robot_navigation_ros2/build/velodyne_simulator', 'catkin_cmake_args': None, 'catkin_skip_building_tests': False, 'cmake_args': None, 'cmake_clean_cache': False, 'cmake_clean_first': False, 'cmake_force_configure': False, 'cmake_target': None, 'cmake_target_skip_unavailable': False, 'install_base': '/home/a/deep-rl-navigation/DRL_robot_navigation_ros2/install/velodyne_simulator', 'merge_install': False, 'path': '/home/a/deep-rl-navigation/DRL_robot_navigation_ros2/src/velodyne_simulator/velodyne_simulator', 'symlink_install': False, 'test_result_base': None}
[0.566s] INFO:colcon.colcon_core.executor:Executing jobs using 'parallel' executor
[0.568s] DEBUG:colcon.colcon_parallel_executor.executor.parallel:run_until_complete
[0.568s] INFO:colcon.colcon_ros.task.ament_cmake.build:Building ROS package in '/home/a/deep-rl-navigation/DRL_robot_navigation_ros2/src/velodyne_simulator/velodyne_description' with build type 'ament_cmake'
[0.568s] INFO:colcon.colcon_cmake.task.cmake.build:Building CMake package in '/home/a/deep-rl-navigation/DRL_robot_navigation_ros2/src/velodyne_simulator/velodyne_description'
[0.571s] INFO:colcon.colcon_core.plugin_system:Skipping extension 'colcon_core.shell.bat': Not used on non-Windows systems
[0.572s] INFO:colcon.colcon_core.shell:Skip shell extension 'powershell' for command environment: Not usable outside of PowerShell
[0.572s] DEBUG:colcon.colcon_core.shell:Skip shell extension 'dsv' for command environment
[0.578s] INFO:colcon.colcon_ros.task.ament_cmake.build:Building ROS package in '/home/a/deep-rl-navigation/DRL_robot_navigation_ros2/src/velodyne_simulator/velodyne_gazebo_plugins' with build type 'ament_cmake'
[0.578s] INFO:colcon.colcon_cmake.task.cmake.build:Building CMake package in '/home/a/deep-rl-navigation/DRL_robot_navigation_ros2/src/velodyne_simulator/velodyne_gazebo_plugins'
[0.579s] INFO:colcon.colcon_core.shell:Skip shell extension 'powershell' for command environment: Not usable outside of PowerShell
[0.579s] DEBUG:colcon.colcon_core.shell:Skip shell extension 'dsv' for command environment
[0.586s] INFO:colcon.colcon_ros.task.ament_cmake.build:Building ROS package in '/home/a/deep-rl-navigation/DRL_robot_navigation_ros2/src/td3' with build type 'ament_cmake'
[0.586s] INFO:colcon.colcon_cmake.task.cmake.build:Building CMake package in '/home/a/deep-rl-navigation/DRL_robot_navigation_ros2/src/td3'
[0.587s] INFO:colcon.colcon_core.shell:Skip shell extension 'powershell' for command environment: Not usable outside of PowerShell
[0.587s] DEBUG:colcon.colcon_core.shell:Skip shell extension 'dsv' for command environment
[0.606s] DEBUG:colcon.colcon_core.event_handler.log_command:Invoking command in '/home/a/deep-rl-navigation/DRL_robot_navigation_ros2/build/velodyne_description': CMAKE_PREFIX_PATH=${CMAKE_PREFIX_PATH}:/opt/ros/humble /usr/bin/cmake --build /home/a/deep-rl-navigation/DRL_robot_navigation_ros2/build/velodyne_description -- -j8 -l8
[0.613s] DEBUG:colcon.colcon_core.event_handler.log_command:Invoking command in '/home/a/deep-rl-navigation/DRL_robot_navigation_ros2/build/velodyne_gazebo_plugins': CMAKE_PREFIX_PATH=${CMAKE_PREFIX_PATH}:/opt/ros/humble /usr/bin/cmake --build /home/a/deep-rl-navigation/DRL_robot_navigation_ros2/build/velodyne_gazebo_plugins -- -j8 -l8
[0.625s] DEBUG:colcon.colcon_core.event_handler.log_command:Invoking command in '/home/a/deep-rl-navigation/DRL_robot_navigation_ros2/build/td3': CMAKE_PREFIX_PATH=${CMAKE_PREFIX_PATH}:/opt/ros/humble /usr/bin/cmake --build /home/a/deep-rl-navigation/DRL_robot_navigation_ros2/build/td3 -- -j8 -l8
[0.685s] DEBUG:colcon.colcon_core.event_handler.log_command:Invoked command in '/home/a/deep-rl-navigation/DRL_robot_navigation_ros2/build/velodyne_description' returned '0': CMAKE_PREFIX_PATH=${CMAKE_PREFIX_PATH}:/opt/ros/humble /usr/bin/cmake --build /home/a/deep-rl-navigation/DRL_robot_navigation_ros2/build/velodyne_description -- -j8 -l8
[0.709s] DEBUG:colcon.colcon_core.event_handler.log_command:Invoked command in '/home/a/deep-rl-navigation/DRL_robot_navigation_ros2/build/td3' returned '0': CMAKE_PREFIX_PATH=${CMAKE_PREFIX_PATH}:/opt/ros/humble /usr/bin/cmake --build /home/a/deep-rl-navigation/DRL_robot_navigation_ros2/build/td3 -- -j8 -l8
[0.766s] DEBUG:colcon.colcon_core.event_handler.log_command:Invoking command in '/home/a/deep-rl-navigation/DRL_robot_navigation_ros2/build/velodyne_description': CMAKE_PREFIX_PATH=${CMAKE_PREFIX_PATH}:/opt/ros/humble /usr/bin/cmake --install /home/a/deep-rl-navigation/DRL_robot_navigation_ros2/build/velodyne_description
[0.771s] DEBUG:colcon.colcon_core.event_handler.log_command:Invoking command in '/home/a/deep-rl-navigation/DRL_robot_navigation_ros2/build/td3': CMAKE_PREFIX_PATH=${CMAKE_PREFIX_PATH}:/opt/ros/humble /usr/bin/cmake --install /home/a/deep-rl-navigation/DRL_robot_navigation_ros2/build/td3
[0.809s] Level 1:colcon.colcon_core.environment:create_environment_scripts_only(velodyne_description)
[0.821s] DEBUG:colcon.colcon_core.event_handler.log_command:Invoked command in '/home/a/deep-rl-navigation/DRL_robot_navigation_ros2/build/velodyne_gazebo_plugins' returned '0': CMAKE_PREFIX_PATH=${CMAKE_PREFIX_PATH}:/opt/ros/humble /usr/bin/cmake --build /home/a/deep-rl-navigation/DRL_robot_navigation_ros2/build/velodyne_gazebo_plugins -- -j8 -l8
[0.839s] Level 1:colcon.colcon_core.environment:checking '/home/a/deep-rl-navigation/DRL_robot_navigation_ros2/install/velodyne_description' for CMake module files
[0.844s] Level 1:colcon.colcon_core.environment:checking '/home/a/deep-rl-navigation/DRL_robot_navigation_ros2/install/velodyne_description' for CMake config files
[0.845s] Level 1:colcon.colcon_core.shell:create_environment_hook('velodyne_description', 'cmake_prefix_path')
[0.845s] INFO:colcon.colcon_core.shell:Creating environment hook '/home/a/deep-rl-navigation/DRL_robot_navigation_ros2/install/velodyne_description/share/velodyne_description/hook/cmake_prefix_path.ps1'
[0.848s] INFO:colcon.colcon_core.shell:Creating environment descriptor '/home/a/deep-rl-navigation/DRL_robot_navigation_ros2/install/velodyne_description/share/velodyne_description/hook/cmake_prefix_path.dsv'
[0.850s] INFO:colcon.colcon_core.shell:Creating environment hook '/home/a/deep-rl-navigation/DRL_robot_navigation_ros2/install/velodyne_description/share/velodyne_description/hook/cmake_prefix_path.sh'
[0.857s] Level 1:colcon.colcon_core.environment:checking '/home/a/deep-rl-navigation/DRL_robot_navigation_ros2/install/velodyne_description/bin'
[0.857s] Level 1:colcon.colcon_core.environment:checking '/home/a/deep-rl-navigation/DRL_robot_navigation_ros2/install/velodyne_description/lib/pkgconfig/velodyne_description.pc'
[0.858s] Level 1:colcon.colcon_core.environment:checking '/home/a/deep-rl-navigation/DRL_robot_navigation_ros2/install/velodyne_description/lib/python3.10/site-packages'
[0.858s] Level 1:colcon.colcon_core.environment:checking '/home/a/deep-rl-navigation/DRL_robot_navigation_ros2/install/velodyne_description/bin'
[0.858s] INFO:colcon.colcon_core.shell:Creating package script '/home/a/deep-rl-navigation/DRL_robot_navigation_ros2/install/velodyne_description/share/velodyne_description/package.ps1'
[0.862s] INFO:colcon.colcon_core.shell:Creating package descriptor '/home/a/deep-rl-navigation/DRL_robot_navigation_ros2/install/velodyne_description/share/velodyne_description/package.dsv'
[0.864s] INFO:colcon.colcon_core.shell:Creating package script '/home/a/deep-rl-navigation/DRL_robot_navigation_ros2/install/velodyne_description/share/velodyne_description/package.sh'
[0.868s] INFO:colcon.colcon_core.shell:Creating package script '/home/a/deep-rl-navigation/DRL_robot_navigation_ros2/install/velodyne_description/share/velodyne_description/package.bash'
[0.871s] INFO:colcon.colcon_core.shell:Creating package script '/home/a/deep-rl-navigation/DRL_robot_navigation_ros2/install/velodyne_description/share/velodyne_description/package.zsh'
[0.873s] Level 1:colcon.colcon_core.environment:create_file_with_runtime_dependencies(/home/a/deep-rl-navigation/DRL_robot_navigation_ros2/install/velodyne_description/share/colcon-core/packages/velodyne_description)
[0.889s] Level 1:colcon.colcon_core.environment:create_environment_scripts_only(td3)
[0.890s] Level 1:colcon.colcon_core.environment:checking '/home/a/deep-rl-navigation/DRL_robot_navigation_ros2/install/td3' for CMake module files
[0.895s] Level 1:colcon.colcon_core.environment:checking '/home/a/deep-rl-navigation/DRL_robot_navigation_ros2/install/td3' for CMake config files
[0.897s] Level 1:colcon.colcon_core.shell:create_environment_hook('td3', 'cmake_prefix_path')
[0.898s] INFO:colcon.colcon_core.shell:Creating environment hook '/home/a/deep-rl-navigation/DRL_robot_navigation_ros2/install/td3/share/td3/hook/cmake_prefix_path.ps1'
[0.901s] INFO:colcon.colcon_core.shell:Creating environment descriptor '/home/a/deep-rl-navigation/DRL_robot_navigation_ros2/install/td3/share/td3/hook/cmake_prefix_path.dsv'
[0.906s] DEBUG:colcon.colcon_core.event_handler.log_command:Invoked command in '/home/a/deep-rl-navigation/DRL_robot_navigation_ros2/build/velodyne_description' returned '0': CMAKE_PREFIX_PATH=${CMAKE_PREFIX_PATH}:/opt/ros/humble /usr/bin/cmake --install /home/a/deep-rl-navigation/DRL_robot_navigation_ros2/build/velodyne_description
[0.909s] INFO:colcon.colcon_core.shell:Creating environment hook '/home/a/deep-rl-navigation/DRL_robot_navigation_ros2/install/td3/share/td3/hook/cmake_prefix_path.sh'
[0.913s] Level 1:colcon.colcon_core.environment:checking '/home/a/deep-rl-navigation/DRL_robot_navigation_ros2/install/td3/lib'
[0.913s] Level 1:colcon.colcon_core.environment:checking '/home/a/deep-rl-navigation/DRL_robot_navigation_ros2/install/td3/bin'
[0.913s] Level 1:colcon.colcon_core.environment:checking '/home/a/deep-rl-navigation/DRL_robot_navigation_ros2/install/td3/lib/pkgconfig/td3.pc'
[0.914s] Level 1:colcon.colcon_core.environment:checking '/home/a/deep-rl-navigation/DRL_robot_navigation_ros2/install/td3/lib/python3.10/site-packages'
[0.914s] Level 1:colcon.colcon_core.environment:checking '/home/a/deep-rl-navigation/DRL_robot_navigation_ros2/install/td3/bin'
[0.915s] INFO:colcon.colcon_core.shell:Creating package script '/home/a/deep-rl-navigation/DRL_robot_navigation_ros2/install/td3/share/td3/package.ps1'
[0.918s] DEBUG:colcon.colcon_core.event_handler.log_command:Invoking command in '/home/a/deep-rl-navigation/DRL_robot_navigation_ros2/build/velodyne_gazebo_plugins': CMAKE_PREFIX_PATH=${CMAKE_PREFIX_PATH}:/opt/ros/humble /usr/bin/cmake --install /home/a/deep-rl-navigation/DRL_robot_navigation_ros2/build/velodyne_gazebo_plugins
[0.919s] DEBUG:colcon.colcon_core.event_handler.log_command:Invoked command in '/home/a/deep-rl-navigation/DRL_robot_navigation_ros2/build/td3' returned '0': CMAKE_PREFIX_PATH=${CMAKE_PREFIX_PATH}:/opt/ros/humble /usr/bin/cmake --install /home/a/deep-rl-navigation/DRL_robot_navigation_ros2/build/td3
[0.921s] INFO:colcon.colcon_core.shell:Creating package descriptor '/home/a/deep-rl-navigation/DRL_robot_navigation_ros2/install/td3/share/td3/package.dsv'
[0.923s] INFO:colcon.colcon_core.shell:Creating package script '/home/a/deep-rl-navigation/DRL_robot_navigation_ros2/install/td3/share/td3/package.sh'
[0.926s] INFO:colcon.colcon_core.shell:Creating package script '/home/a/deep-rl-navigation/DRL_robot_navigation_ros2/install/td3/share/td3/package.bash'
[0.926s] INFO:colcon.colcon_core.shell:Creating package script '/home/a/deep-rl-navigation/DRL_robot_navigation_ros2/install/td3/share/td3/package.zsh'
[0.927s] Level 1:colcon.colcon_core.environment:create_file_with_runtime_dependencies(/home/a/deep-rl-navigation/DRL_robot_navigation_ros2/install/td3/share/colcon-core/packages/td3)
[0.932s] Level 1:colcon.colcon_core.environment:create_environment_scripts_only(velodyne_gazebo_plugins)
[0.932s] Level 1:colcon.colcon_core.environment:checking '/home/a/deep-rl-navigation/DRL_robot_navigation_ros2/install/velodyne_gazebo_plugins' for CMake module files
[0.934s] DEBUG:colcon.colcon_core.event_handler.log_command:Invoked command in '/home/a/deep-rl-navigation/DRL_robot_navigation_ros2/build/velodyne_gazebo_plugins' returned '0': CMAKE_PREFIX_PATH=${CMAKE_PREFIX_PATH}:/opt/ros/humble /usr/bin/cmake --install /home/a/deep-rl-navigation/DRL_robot_navigation_ros2/build/velodyne_gazebo_plugins
[0.934s] Level 1:colcon.colcon_core.environment:checking '/home/a/deep-rl-navigation/DRL_robot_navigation_ros2/install/velodyne_gazebo_plugins' for CMake config files
[0.935s] Level 1:colcon.colcon_core.shell:create_environment_hook('velodyne_gazebo_plugins', 'cmake_prefix_path')
[0.935s] INFO:colcon.colcon_core.shell:Creating environment hook '/home/a/deep-rl-navigation/DRL_robot_navigation_ros2/install/velodyne_gazebo_plugins/share/velodyne_gazebo_plugins/hook/cmake_prefix_path.ps1'
[0.936s] INFO:colcon.colcon_core.shell:Creating environment descriptor '/home/a/deep-rl-navigation/DRL_robot_navigation_ros2/install/velodyne_gazebo_plugins/share/velodyne_gazebo_plugins/hook/cmake_prefix_path.dsv'
[0.936s] INFO:colcon.colcon_core.shell:Creating environment hook '/home/a/deep-rl-navigation/DRL_robot_navigation_ros2/install/velodyne_gazebo_plugins/share/velodyne_gazebo_plugins/hook/cmake_prefix_path.sh'
[0.937s] Level 1:colcon.colcon_core.environment:checking '/home/a/deep-rl-navigation/DRL_robot_navigation_ros2/install/velodyne_gazebo_plugins/lib'
[0.937s] Level 1:colcon.colcon_core.shell:create_environment_hook('velodyne_gazebo_plugins', 'ld_library_path_lib')
[0.938s] INFO:colcon.colcon_core.shell:Creating environment hook '/home/a/deep-rl-navigation/DRL_robot_navigation_ros2/install/velodyne_gazebo_plugins/share/velodyne_gazebo_plugins/hook/ld_library_path_lib.ps1'
[0.938s] INFO:colcon.colcon_core.shell:Creating environment descriptor '/home/a/deep-rl-navigation/DRL_robot_navigation_ros2/install/velodyne_gazebo_plugins/share/velodyne_gazebo_plugins/hook/ld_library_path_lib.dsv'
[0.939s] INFO:colcon.colcon_core.shell:Creating environment hook '/home/a/deep-rl-navigation/DRL_robot_navigation_ros2/install/velodyne_gazebo_plugins/share/velodyne_gazebo_plugins/hook/ld_library_path_lib.sh'
[0.940s] Level 1:colcon.colcon_core.environment:checking '/home/a/deep-rl-navigation/DRL_robot_navigation_ros2/install/velodyne_gazebo_plugins/bin'
[0.940s] Level 1:colcon.colcon_core.environment:checking '/home/a/deep-rl-navigation/DRL_robot_navigation_ros2/install/velodyne_gazebo_plugins/lib/pkgconfig/velodyne_gazebo_plugins.pc'
[0.940s] Level 1:colcon.colcon_core.environment:checking '/home/a/deep-rl-navigation/DRL_robot_navigation_ros2/install/velodyne_gazebo_plugins/lib/python3.10/site-packages'
[0.941s] Level 1:colcon.colcon_core.environment:checking '/home/a/deep-rl-navigation/DRL_robot_navigation_ros2/install/velodyne_gazebo_plugins/bin'
[0.941s] INFO:colcon.colcon_core.shell:Creating package script '/home/a/deep-rl-navigation/DRL_robot_navigation_ros2/install/velodyne_gazebo_plugins/share/velodyne_gazebo_plugins/package.ps1'
[0.942s] INFO:colcon.colcon_core.shell:Creating package descriptor '/home/a/deep-rl-navigation/DRL_robot_navigation_ros2/install/velodyne_gazebo_plugins/share/velodyne_gazebo_plugins/package.dsv'
[0.942s] INFO:colcon.colcon_core.shell:Creating package script '/home/a/deep-rl-navigation/DRL_robot_navigation_ros2/install/velodyne_gazebo_plugins/share/velodyne_gazebo_plugins/package.sh'
[0.943s] INFO:colcon.colcon_core.shell:Creating package script '/home/a/deep-rl-navigation/DRL_robot_navigation_ros2/install/velodyne_gazebo_plugins/share/velodyne_gazebo_plugins/package.bash'
[0.944s] INFO:colcon.colcon_core.shell:Creating package script '/home/a/deep-rl-navigation/DRL_robot_navigation_ros2/install/velodyne_gazebo_plugins/share/velodyne_gazebo_plugins/package.zsh'
[0.944s] Level 1:colcon.colcon_core.environment:create_file_with_runtime_dependencies(/home/a/deep-rl-navigation/DRL_robot_navigation_ros2/install/velodyne_gazebo_plugins/share/colcon-core/packages/velodyne_gazebo_plugins)
[0.948s] Level 1:colcon.colcon_core.environment:create_environment_scripts_only(velodyne_description)
[0.948s] Level 1:colcon.colcon_core.environment:checking '/home/a/deep-rl-navigation/DRL_robot_navigation_ros2/install/velodyne_description' for CMake module files
[0.949s] Level 1:colcon.colcon_core.environment:checking '/home/a/deep-rl-navigation/DRL_robot_navigation_ros2/install/velodyne_description' for CMake config files
[0.949s] Level 1:colcon.colcon_core.shell:create_environment_hook('velodyne_description', 'cmake_prefix_path')
[0.950s] INFO:colcon.colcon_core.shell:Creating environment hook '/home/a/deep-rl-navigation/DRL_robot_navigation_ros2/install/velodyne_description/share/velodyne_description/hook/cmake_prefix_path.ps1'
[0.951s] INFO:colcon.colcon_core.shell:Creating environment descriptor '/home/a/deep-rl-navigation/DRL_robot_navigation_ros2/install/velodyne_description/share/velodyne_description/hook/cmake_prefix_path.dsv'
[0.952s] INFO:colcon.colcon_core.shell:Creating environment hook '/home/a/deep-rl-navigation/DRL_robot_navigation_ros2/install/velodyne_description/share/velodyne_description/hook/cmake_prefix_path.sh'
[0.953s] Level 1:colcon.colcon_core.environment:checking '/home/a/deep-rl-navigation/DRL_robot_navigation_ros2/install/velodyne_description/bin'
[0.953s] Level 1:colcon.colcon_core.environment:checking '/home/a/deep-rl-navigation/DRL_robot_navigation_ros2/install/velodyne_description/lib/pkgconfig/velodyne_description.pc'
[0.954s] Level 1:colcon.colcon_core.environment:checking '/home/a/deep-rl-navigation/DRL_robot_navigation_ros2/install/velodyne_description/lib/python3.10/site-packages'
[0.954s] Level 1:colcon.colcon_core.environment:checking '/home/a/deep-rl-navigation/DRL_robot_navigation_ros2/install/velodyne_description/bin'
[0.955s] INFO:colcon.colcon_core.shell:Creating package script '/home/a/deep-rl-navigation/DRL_robot_navigation_ros2/install/velodyne_description/share/velodyne_description/package.ps1'
[0.955s] INFO:colcon.colcon_core.shell:Creating package descriptor '/home/a/deep-rl-navigation/DRL_robot_navigation_ros2/install/velodyne_description/share/velodyne_description/package.dsv'
[0.956s] INFO:colcon.colcon_core.shell:Creating package script '/home/a/deep-rl-navigation/DRL_robot_navigation_ros2/install/velodyne_description/share/velodyne_description/package.sh'
[0.957s] INFO:colcon.colcon_core.shell:Creating package script '/home/a/deep-rl-navigation/DRL_robot_navigation_ros2/install/velodyne_description/share/velodyne_description/package.bash'
[0.958s] INFO:colcon.colcon_core.shell:Creating package script '/home/a/deep-rl-navigation/DRL_robot_navigation_ros2/install/velodyne_description/share/velodyne_description/package.zsh'
[0.959s] Level 1:colcon.colcon_core.environment:create_file_with_runtime_dependencies(/home/a/deep-rl-navigation/DRL_robot_navigation_ros2/install/velodyne_description/share/colcon-core/packages/velodyne_description)
[0.977s] Level 1:colcon.colcon_core.environment:create_environment_scripts_only(td3)
[0.978s] Level 1:colcon.colcon_core.environment:checking '/home/a/deep-rl-navigation/DRL_robot_navigation_ros2/install/td3' for CMake module files
[0.979s] Level 1:colcon.colcon_core.environment:checking '/home/a/deep-rl-navigation/DRL_robot_navigation_ros2/install/td3' for CMake config files
[0.980s] Level 1:colcon.colcon_core.shell:create_environment_hook('td3', 'cmake_prefix_path')
[0.980s] INFO:colcon.colcon_core.shell:Creating environment hook '/home/a/deep-rl-navigation/DRL_robot_navigation_ros2/install/td3/share/td3/hook/cmake_prefix_path.ps1'
[0.981s] INFO:colcon.colcon_core.shell:Creating environment descriptor '/home/a/deep-rl-navigation/DRL_robot_navigation_ros2/install/td3/share/td3/hook/cmake_prefix_path.dsv'
[0.982s] INFO:colcon.colcon_core.shell:Creating environment hook '/home/a/deep-rl-navigation/DRL_robot_navigation_ros2/install/td3/share/td3/hook/cmake_prefix_path.sh'
[0.983s] Level 1:colcon.colcon_core.environment:checking '/home/a/deep-rl-navigation/DRL_robot_navigation_ros2/install/td3/lib'
[0.983s] Level 1:colcon.colcon_core.environment:checking '/home/a/deep-rl-navigation/DRL_robot_navigation_ros2/install/td3/bin'
[0.983s] Level 1:colcon.colcon_core.environment:checking '/home/a/deep-rl-navigation/DRL_robot_navigation_ros2/install/td3/lib/pkgconfig/td3.pc'
[0.984s] Level 1:colcon.colcon_core.environment:checking '/home/a/deep-rl-navigation/DRL_robot_navigation_ros2/install/td3/lib/python3.10/site-packages'
[0.985s] Level 1:colcon.colcon_core.environment:checking '/home/a/deep-rl-navigation/DRL_robot_navigation_ros2/install/td3/bin'
[0.985s] INFO:colcon.colcon_core.shell:Creating package script '/home/a/deep-rl-navigation/DRL_robot_navigation_ros2/install/td3/share/td3/package.ps1'
[0.986s] INFO:colcon.colcon_core.shell:Creating package descriptor '/home/a/deep-rl-navigation/DRL_robot_navigation_ros2/install/td3/share/td3/package.dsv'
[0.988s] INFO:colcon.colcon_core.shell:Creating package script '/home/a/deep-rl-navigation/DRL_robot_navigation_ros2/install/td3/share/td3/package.sh'
[0.989s] INFO:colcon.colcon_core.shell:Creating package script '/home/a/deep-rl-navigation/DRL_robot_navigation_ros2/install/td3/share/td3/package.bash'
[0.990s] INFO:colcon.colcon_core.shell:Creating package script '/home/a/deep-rl-navigation/DRL_robot_navigation_ros2/install/td3/share/td3/package.zsh'
[0.991s] Level 1:colcon.colcon_core.environment:create_file_with_runtime_dependencies(/home/a/deep-rl-navigation/DRL_robot_navigation_ros2/install/td3/share/colcon-core/packages/td3)
[1.013s] Level 1:colcon.colcon_core.environment:create_environment_scripts_only(velodyne_gazebo_plugins)
[1.013s] Level 1:colcon.colcon_core.environment:checking '/home/a/deep-rl-navigation/DRL_robot_navigation_ros2/install/velodyne_gazebo_plugins' for CMake module files
[1.014s] Level 1:colcon.colcon_core.environment:checking '/home/a/deep-rl-navigation/DRL_robot_navigation_ros2/install/velodyne_gazebo_plugins' for CMake config files
[1.014s] Level 1:colcon.colcon_core.shell:create_environment_hook('velodyne_gazebo_plugins', 'cmake_prefix_path')
[1.015s] INFO:colcon.colcon_core.shell:Creating environment hook '/home/a/deep-rl-navigation/DRL_robot_navigation_ros2/install/velodyne_gazebo_plugins/share/velodyne_gazebo_plugins/hook/cmake_prefix_path.ps1'
[1.015s] INFO:colcon.colcon_core.shell:Creating environment descriptor '/home/a/deep-rl-navigation/DRL_robot_navigation_ros2/install/velodyne_gazebo_plugins/share/velodyne_gazebo_plugins/hook/cmake_prefix_path.dsv'
[1.016s] INFO:colcon.colcon_core.shell:Creating environment hook '/home/a/deep-rl-navigation/DRL_robot_navigation_ros2/install/velodyne_gazebo_plugins/share/velodyne_gazebo_plugins/hook/cmake_prefix_path.sh'
[1.017s] Level 1:colcon.colcon_core.environment:checking '/home/a/deep-rl-navigation/DRL_robot_navigation_ros2/install/velodyne_gazebo_plugins/lib'
[1.017s] Level 1:colcon.colcon_core.shell:create_environment_hook('velodyne_gazebo_plugins', 'ld_library_path_lib')
[1.017s] INFO:colcon.colcon_core.shell:Creating environment hook '/home/a/deep-rl-navigation/DRL_robot_navigation_ros2/install/velodyne_gazebo_plugins/share/velodyne_gazebo_plugins/hook/ld_library_path_lib.ps1'
[1.018s] INFO:colcon.colcon_core.shell:Creating environment descriptor '/home/a/deep-rl-navigation/DRL_robot_navigation_ros2/install/velodyne_gazebo_plugins/share/velodyne_gazebo_plugins/hook/ld_library_path_lib.dsv'
[1.018s] INFO:colcon.colcon_core.shell:Creating environment hook '/home/a/deep-rl-navigation/DRL_robot_navigation_ros2/install/velodyne_gazebo_plugins/share/velodyne_gazebo_plugins/hook/ld_library_path_lib.sh'
[1.019s] Level 1:colcon.colcon_core.environment:checking '/home/a/deep-rl-navigation/DRL_robot_navigation_ros2/install/velodyne_gazebo_plugins/bin'
[1.019s] Level 1:colcon.colcon_core.environment:checking '/home/a/deep-rl-navigation/DRL_robot_navigation_ros2/install/velodyne_gazebo_plugins/lib/pkgconfig/velodyne_gazebo_plugins.pc'
[1.019s] Level 1:colcon.colcon_core.environment:checking '/home/a/deep-rl-navigation/DRL_robot_navigation_ros2/install/velodyne_gazebo_plugins/lib/python3.10/site-packages'
[1.020s] Level 1:colcon.colcon_core.environment:checking '/home/a/deep-rl-navigation/DRL_robot_navigation_ros2/install/velodyne_gazebo_plugins/bin'
[1.020s] INFO:colcon.colcon_core.shell:Creating package script '/home/a/deep-rl-navigation/DRL_robot_navigation_ros2/install/velodyne_gazebo_plugins/share/velodyne_gazebo_plugins/package.ps1'
[1.021s] INFO:colcon.colcon_core.shell:Creating package descriptor '/home/a/deep-rl-navigation/DRL_robot_navigation_ros2/install/velodyne_gazebo_plugins/share/velodyne_gazebo_plugins/package.dsv'
[1.021s] INFO:colcon.colcon_core.shell:Creating package script '/home/a/deep-rl-navigation/DRL_robot_navigation_ros2/install/velodyne_gazebo_plugins/share/velodyne_gazebo_plugins/package.sh'
[1.023s] INFO:colcon.colcon_core.shell:Creating package script '/home/a/deep-rl-navigation/DRL_robot_navigation_ros2/install/velodyne_gazebo_plugins/share/velodyne_gazebo_plugins/package.bash'
[1.024s] INFO:colcon.colcon_core.shell:Creating package script '/home/a/deep-rl-navigation/DRL_robot_navigation_ros2/install/velodyne_gazebo_plugins/share/velodyne_gazebo_plugins/package.zsh'
[1.025s] Level 1:colcon.colcon_core.environment:create_file_with_runtime_dependencies(/home/a/deep-rl-navigation/DRL_robot_navigation_ros2/install/velodyne_gazebo_plugins/share/colcon-core/packages/velodyne_gazebo_plugins)
[1.026s] INFO:colcon.colcon_ros.task.ament_cmake.build:Building ROS package in '/home/a/deep-rl-navigation/DRL_robot_navigation_ros2/src/velodyne_simulator/velodyne_simulator' with build type 'ament_cmake'
[1.027s] INFO:colcon.colcon_cmake.task.cmake.build:Building CMake package in '/home/a/deep-rl-navigation/DRL_robot_navigation_ros2/src/velodyne_simulator/velodyne_simulator'
[1.027s] INFO:colcon.colcon_core.shell:Skip shell extension 'powershell' for command environment: Not usable outside of PowerShell
[1.027s] DEBUG:colcon.colcon_core.shell:Skip shell extension 'dsv' for command environment
[1.048s] DEBUG:colcon.colcon_core.event_handler.log_command:Invoking command in '/home/a/deep-rl-navigation/DRL_robot_navigation_ros2/build/velodyne_simulator': CMAKE_PREFIX_PATH=/home/a/deep-rl-navigation/DRL_robot_navigation_ros2/install/velodyne_gazebo_plugins:/home/a/deep-rl-navigation/DRL_robot_navigation_ros2/install/velodyne_description:/home/a/deep-rl-navigation/DRL_robot_navigation_ros2/install/velodyne_simulator:/home/a/deep-rl-navigation/DRL_robot_navigation_ros2/install/td3:/opt/ros/humble /usr/bin/cmake --build /home/a/deep-rl-navigation/DRL_robot_navigation_ros2/build/velodyne_simulator -- -j8 -l8
[1.130s] DEBUG:colcon.colcon_core.event_handler.log_command:Invoked command in '/home/a/deep-rl-navigation/DRL_robot_navigation_ros2/build/velodyne_simulator' returned '0': CMAKE_PREFIX_PATH=/home/a/deep-rl-navigation/DRL_robot_navigation_ros2/install/velodyne_gazebo_plugins:/home/a/deep-rl-navigation/DRL_robot_navigation_ros2/install/velodyne_description:/home/a/deep-rl-navigation/DRL_robot_navigation_ros2/install/velodyne_simulator:/home/a/deep-rl-navigation/DRL_robot_navigation_ros2/install/td3:/opt/ros/humble /usr/bin/cmake --build /home/a/deep-rl-navigation/DRL_robot_navigation_ros2/build/velodyne_simulator -- -j8 -l8
[1.183s] DEBUG:colcon.colcon_core.event_handler.log_command:Invoking command in '/home/a/deep-rl-navigation/DRL_robot_navigation_ros2/build/velodyne_simulator': CMAKE_PREFIX_PATH=/home/a/deep-rl-navigation/DRL_robot_navigation_ros2/install/velodyne_gazebo_plugins:/home/a/deep-rl-navigation/DRL_robot_navigation_ros2/install/velodyne_description:/home/a/deep-rl-navigation/DRL_robot_navigation_ros2/install/velodyne_simulator:/home/a/deep-rl-navigation/DRL_robot_navigation_ros2/install/td3:/opt/ros/humble /usr/bin/cmake --install /home/a/deep-rl-navigation/DRL_robot_navigation_ros2/build/velodyne_simulator
[1.206s] Level 1:colcon.colcon_core.environment:create_environment_scripts_only(velodyne_simulator)
[1.206s] Level 1:colcon.colcon_core.environment:checking '/home/a/deep-rl-navigation/DRL_robot_navigation_ros2/install/velodyne_simulator' for CMake module files
[1.207s] DEBUG:colcon.colcon_core.event_handler.log_command:Invoked command in '/home/a/deep-rl-navigation/DRL_robot_navigation_ros2/build/velodyne_simulator' returned '0': CMAKE_PREFIX_PATH=/home/a/deep-rl-navigation/DRL_robot_navigation_ros2/install/velodyne_gazebo_plugins:/home/a/deep-rl-navigation/DRL_robot_navigation_ros2/install/velodyne_description:/home/a/deep-rl-navigation/DRL_robot_navigation_ros2/install/velodyne_simulator:/home/a/deep-rl-navigation/DRL_robot_navigation_ros2/install/td3:/opt/ros/humble /usr/bin/cmake --install /home/a/deep-rl-navigation/DRL_robot_navigation_ros2/build/velodyne_simulator
[1.208s] Level 1:colcon.colcon_core.environment:checking '/home/a/deep-rl-navigation/DRL_robot_navigation_ros2/install/velodyne_simulator' for CMake config files
[1.208s] Level 1:colcon.colcon_core.shell:create_environment_hook('velodyne_simulator', 'cmake_prefix_path')
[1.208s] INFO:colcon.colcon_core.shell:Creating environment hook '/home/a/deep-rl-navigation/DRL_robot_navigation_ros2/install/velodyne_simulator/share/velodyne_simulator/hook/cmake_prefix_path.ps1'
[1.209s] INFO:colcon.colcon_core.shell:Creating environment descriptor '/home/a/deep-rl-navigation/DRL_robot_navigation_ros2/install/velodyne_simulator/share/velodyne_simulator/hook/cmake_prefix_path.dsv'
[1.210s] INFO:colcon.colcon_core.shell:Creating environment hook '/home/a/deep-rl-navigation/DRL_robot_navigation_ros2/install/velodyne_simulator/share/velodyne_simulator/hook/cmake_prefix_path.sh'
[1.211s] Level 1:colcon.colcon_core.environment:checking '/home/a/deep-rl-navigation/DRL_robot_navigation_ros2/install/velodyne_simulator/bin'
[1.211s] Level 1:colcon.colcon_core.environment:checking '/home/a/deep-rl-navigation/DRL_robot_navigation_ros2/install/velodyne_simulator/lib/pkgconfig/velodyne_simulator.pc'
[1.211s] Level 1:colcon.colcon_core.environment:checking '/home/a/deep-rl-navigation/DRL_robot_navigation_ros2/install/velodyne_simulator/lib/python3.10/site-packages'
[1.211s] Level 1:colcon.colcon_core.environment:checking '/home/a/deep-rl-navigation/DRL_robot_navigation_ros2/install/velodyne_simulator/bin'
[1.212s] INFO:colcon.colcon_core.shell:Creating package script '/home/a/deep-rl-navigation/DRL_robot_navigation_ros2/install/velodyne_simulator/share/velodyne_simulator/package.ps1'
[1.213s] INFO:colcon.colcon_core.shell:Creating package descriptor '/home/a/deep-rl-navigation/DRL_robot_navigation_ros2/install/velodyne_simulator/share/velodyne_simulator/package.dsv'
[1.214s] INFO:colcon.colcon_core.shell:Creating package script '/home/a/deep-rl-navigation/DRL_robot_navigation_ros2/install/velodyne_simulator/share/velodyne_simulator/package.sh'
[1.214s] INFO:colcon.colcon_core.shell:Creating package script '/home/a/deep-rl-navigation/DRL_robot_navigation_ros2/install/velodyne_simulator/share/velodyne_simulator/package.bash'
[1.215s] INFO:colcon.colcon_core.shell:Creating package script '/home/a/deep-rl-navigation/DRL_robot_navigation_ros2/install/velodyne_simulator/share/velodyne_simulator/package.zsh'
[1.216s] Level 1:colcon.colcon_core.environment:create_file_with_runtime_dependencies(/home/a/deep-rl-navigation/DRL_robot_navigation_ros2/install/velodyne_simulator/share/colcon-core/packages/velodyne_simulator)
[1.267s] Level 1:colcon.colcon_core.environment:create_environment_scripts_only(velodyne_simulator)
[1.267s] Level 1:colcon.colcon_core.environment:checking '/home/a/deep-rl-navigation/DRL_robot_navigation_ros2/install/velodyne_simulator' for CMake module files
[1.267s] Level 1:colcon.colcon_core.environment:checking '/home/a/deep-rl-navigation/DRL_robot_navigation_ros2/install/velodyne_simulator' for CMake config files
[1.267s] Level 1:colcon.colcon_core.shell:create_environment_hook('velodyne_simulator', 'cmake_prefix_path')
[1.268s] INFO:colcon.colcon_core.shell:Creating environment hook '/home/a/deep-rl-navigation/DRL_robot_navigation_ros2/install/velodyne_simulator/share/velodyne_simulator/hook/cmake_prefix_path.ps1'
[1.268s] INFO:colcon.colcon_core.shell:Creating environment descriptor '/home/a/deep-rl-navigation/DRL_robot_navigation_ros2/install/velodyne_simulator/share/velodyne_simulator/hook/cmake_prefix_path.dsv'
[1.269s] INFO:colcon.colcon_core.shell:Creating environment hook '/home/a/deep-rl-navigation/DRL_robot_navigation_ros2/install/velodyne_simulator/share/velodyne_simulator/hook/cmake_prefix_path.sh'
[1.269s] Level 1:colcon.colcon_core.environment:checking '/home/a/deep-rl-navigation/DRL_robot_navigation_ros2/install/velodyne_simulator/bin'
[1.269s] Level 1:colcon.colcon_core.environment:checking '/home/a/deep-rl-navigation/DRL_robot_navigation_ros2/install/velodyne_simulator/lib/pkgconfig/velodyne_simulator.pc'
[1.269s] Level 1:colcon.colcon_core.environment:checking '/home/a/deep-rl-navigation/DRL_robot_navigation_ros2/install/velodyne_simulator/lib/python3.10/site-packages'
[1.270s] Level 1:colcon.colcon_core.environment:checking '/home/a/deep-rl-navigation/DRL_robot_navigation_ros2/install/velodyne_simulator/bin'
[1.270s] INFO:colcon.colcon_core.shell:Creating package script '/home/a/deep-rl-navigation/DRL_robot_navigation_ros2/install/velodyne_simulator/share/velodyne_simulator/package.ps1'
[1.271s] INFO:colcon.colcon_core.shell:Creating package descriptor '/home/a/deep-rl-navigation/DRL_robot_navigation_ros2/install/velodyne_simulator/share/velodyne_simulator/package.dsv'
[1.272s] INFO:colcon.colcon_core.shell:Creating package script '/home/a/deep-rl-navigation/DRL_robot_navigation_ros2/install/velodyne_simulator/share/velodyne_simulator/package.sh'
[1.273s] INFO:colcon.colcon_core.shell:Creating package script '/home/a/deep-rl-navigation/DRL_robot_navigation_ros2/install/velodyne_simulator/share/velodyne_simulator/package.bash'
[1.275s] INFO:colcon.colcon_core.shell:Creating package script '/home/a/deep-rl-navigation/DRL_robot_navigation_ros2/install/velodyne_simulator/share/velodyne_simulator/package.zsh'
[1.276s] Level 1:colcon.colcon_core.environment:create_file_with_runtime_dependencies(/home/a/deep-rl-navigation/DRL_robot_navigation_ros2/install/velodyne_simulator/share/colcon-core/packages/velodyne_simulator)
[1.277s] DEBUG:colcon.colcon_parallel_executor.executor.parallel:closing loop
[1.277s] DEBUG:colcon.colcon_parallel_executor.executor.parallel:loop closed
[1.277s] DEBUG:colcon.colcon_parallel_executor.executor.parallel:run_until_complete finished with '0'
[1.277s] DEBUG:colcon.colcon_core.event_reactor:joining thread
[1.287s] INFO:colcon.colcon_core.plugin_system:Skipping extension 'colcon_notification.desktop_notification.terminal_notifier': Not used on non-Darwin systems
[1.287s] INFO:colcon.colcon_core.plugin_system:Skipping extension 'colcon_notification.desktop_notification.win32': Not used on non-Windows systems
[1.287s] INFO:colcon.colcon_notification.desktop_notification:Sending desktop notification using 'notify2'
[1.312s] DEBUG:colcon.colcon_core.event_reactor:joined thread
[1.313s] INFO:colcon.colcon_core.shell:Creating prefix script '/home/a/deep-rl-navigation/DRL_robot_navigation_ros2/install/local_setup.ps1'
[1.314s] INFO:colcon.colcon_core.shell:Creating prefix util module '/home/a/deep-rl-navigation/DRL_robot_navigation_ros2/install/_local_setup_util_ps1.py'
[1.316s] INFO:colcon.colcon_core.shell:Creating prefix chain script '/home/a/deep-rl-navigation/DRL_robot_navigation_ros2/install/setup.ps1'
[1.318s] INFO:colcon.colcon_core.shell:Creating prefix script '/home/a/deep-rl-navigation/DRL_robot_navigation_ros2/install/local_setup.sh'
[1.319s] INFO:colcon.colcon_core.shell:Creating prefix util module '/home/a/deep-rl-navigation/DRL_robot_navigation_ros2/install/_local_setup_util_sh.py'
[1.320s] INFO:colcon.colcon_core.shell:Creating prefix chain script '/home/a/deep-rl-navigation/DRL_robot_navigation_ros2/install/setup.sh'
[1.323s] INFO:colcon.colcon_core.shell:Creating prefix script '/home/a/deep-rl-navigation/DRL_robot_navigation_ros2/install/local_setup.bash'
[1.323s] INFO:colcon.colcon_core.shell:Creating prefix chain script '/home/a/deep-rl-navigation/DRL_robot_navigation_ros2/install/setup.bash'
[1.325s] INFO:colcon.colcon_core.shell:Creating prefix script '/home/a/deep-rl-navigation/DRL_robot_navigation_ros2/install/local_setup.zsh'
[1.326s] INFO:colcon.colcon_core.shell:Creating prefix chain script '/home/a/deep-rl-navigation/DRL_robot_navigation_ros2/install/setup.zsh'
