[0.143s] DEBUG:colcon:Command line arguments: ['/usr/bin/colcon', 'build']
[0.143s] DEBUG:colcon:Parsed command line arguments: Namespace(log_base=None, log_level=None, verb_name='build', build_base='build', install_base='install', merge_install=False, symlink_install=False, test_result_base=None, continue_on_error=False, executor='parallel', parallel_workers=8, event_handlers=None, ignore_user_meta=False, metas=['./colcon.meta'], base_paths=['.'], packages_ignore=None, packages_ignore_regex=None, paths=None, packages_up_to=None, packages_up_to_regex=None, packages_above=None, packages_above_and_dependencies=None, packages_above_depth=None, packages_select_by_dep=None, packages_skip_by_dep=None, packages_skip_up_to=None, packages_select_build_failed=False, packages_skip_build_finished=False, packages_select_test_failures=False, packages_skip_test_passed=False, packages_select=None, packages_skip=None, packages_select_regex=None, packages_skip_regex=None, packages_start=None, packages_end=None, allow_overriding=[], cmake_args=None, cmake_target=None, cmake_target_skip_unavailable=False, cmake_clean_cache=False, cmake_clean_first=False, cmake_force_configure=False, ament_cmake_args=None, catkin_cmake_args=None, catkin_skip_building_tests=False, verb_parser=<colcon_defaults.argument_parser.defaults.DefaultArgumentsDecorator object at 0x773b77b48b80>, verb_extension=<colcon_core.verb.build.BuildVerb object at 0x773b77b48730>, main=<bound method BuildVerb.main of <colcon_core.verb.build.BuildVerb object at 0x773b77b48730>>)
[0.374s] Level 1:colcon.colcon_core.package_discovery:discover_packages(colcon_meta) check parameters
[0.374s] Level 1:colcon.colcon_core.package_discovery:discover_packages(recursive) check parameters
[0.375s] Level 1:colcon.colcon_core.package_discovery:discover_packages(ignore) check parameters
[0.375s] Level 1:colcon.colcon_core.package_discovery:discover_packages(path) check parameters
[0.375s] Level 1:colcon.colcon_core.package_discovery:discover_packages(colcon_meta) discover
[0.375s] Level 1:colcon.colcon_core.package_discovery:discover_packages(recursive) discover
[0.375s] INFO:colcon.colcon_core.package_discovery:Crawling recursively for packages in '/home/a/deep-rl-navigation/DRL_robot_navigation_ros2'
[0.375s] Level 1:colcon.colcon_core.package_identification:_identify(.) by extensions ['ignore', 'ignore_ament_install']
[0.375s] Level 1:colcon.colcon_core.package_identification:_identify(.) by extension 'ignore'
[0.375s] Level 1:colcon.colcon_core.package_identification:_identify(.) by extension 'ignore_ament_install'
[0.375s] Level 1:colcon.colcon_core.package_identification:_identify(.) by extensions ['colcon_pkg']
[0.375s] Level 1:colcon.colcon_core.package_identification:_identify(.) by extension 'colcon_pkg'
[0.375s] Level 1:colcon.colcon_core.package_identification:_identify(.) by extensions ['colcon_meta']
[0.375s] Level 1:colcon.colcon_core.package_identification:_identify(.) by extension 'colcon_meta'
[0.375s] Level 1:colcon.colcon_core.package_identification:_identify(.) by extensions ['ros']
[0.376s] Level 1:colcon.colcon_core.package_identification:_identify(.) by extension 'ros'
[0.399s] Level 1:colcon.colcon_core.package_identification:_identify(.) by extensions ['cmake', 'python']
[0.399s] Level 1:colcon.colcon_core.package_identification:_identify(.) by extension 'cmake'
[0.399s] Level 1:colcon.colcon_core.package_identification:_identify(.) by extension 'python'
[0.399s] Level 1:colcon.colcon_core.package_identification:_identify(.) by extensions ['python_setup_py']
[0.399s] Level 1:colcon.colcon_core.package_identification:_identify(.) by extension 'python_setup_py'
[0.399s] Level 1:colcon.colcon_core.package_identification:_identify(DRL_robot_navigation_ros2) by extensions ['ignore', 'ignore_ament_install']
[0.399s] Level 1:colcon.colcon_core.package_identification:_identify(DRL_robot_navigation_ros2) by extension 'ignore'
[0.399s] Level 1:colcon.colcon_core.package_identification:_identify(DRL_robot_navigation_ros2) by extension 'ignore_ament_install'
[0.399s] Level 1:colcon.colcon_core.package_identification:_identify(DRL_robot_navigation_ros2) by extensions ['colcon_pkg']
[0.400s] Level 1:colcon.colcon_core.package_identification:_identify(DRL_robot_navigation_ros2) by extension 'colcon_pkg'
[0.400s] Level 1:colcon.colcon_core.package_identification:_identify(DRL_robot_navigation_ros2) by extensions ['colcon_meta']
[0.400s] Level 1:colcon.colcon_core.package_identification:_identify(DRL_robot_navigation_ros2) by extension 'colcon_meta'
[0.400s] Level 1:colcon.colcon_core.package_identification:_identify(DRL_robot_navigation_ros2) by extensions ['ros']
[0.400s] Level 1:colcon.colcon_core.package_identification:_identify(DRL_robot_navigation_ros2) by extension 'ros'
[0.400s] Level 1:colcon.colcon_core.package_identification:_identify(DRL_robot_navigation_ros2) by extensions ['cmake', 'python']
[0.400s] Level 1:colcon.colcon_core.package_identification:_identify(DRL_robot_navigation_ros2) by extension 'cmake'
[0.400s] Level 1:colcon.colcon_core.package_identification:_identify(DRL_robot_navigation_ros2) by extension 'python'
[0.400s] Level 1:colcon.colcon_core.package_identification:_identify(DRL_robot_navigation_ros2) by extensions ['python_setup_py']
[0.400s] Level 1:colcon.colcon_core.package_identification:_identify(DRL_robot_navigation_ros2) by extension 'python_setup_py'
[0.400s] Level 1:colcon.colcon_core.package_identification:_identify(DRL_robot_navigation_ros2/src) by extensions ['ignore', 'ignore_ament_install']
[0.400s] Level 1:colcon.colcon_core.package_identification:_identify(DRL_robot_navigation_ros2/src) by extension 'ignore'
[0.400s] Level 1:colcon.colcon_core.package_identification:_identify(DRL_robot_navigation_ros2/src) by extension 'ignore_ament_install'
[0.400s] Level 1:colcon.colcon_core.package_identification:_identify(DRL_robot_navigation_ros2/src) by extensions ['colcon_pkg']
[0.400s] Level 1:colcon.colcon_core.package_identification:_identify(DRL_robot_navigation_ros2/src) by extension 'colcon_pkg'
[0.400s] Level 1:colcon.colcon_core.package_identification:_identify(DRL_robot_navigation_ros2/src) by extensions ['colcon_meta']
[0.400s] Level 1:colcon.colcon_core.package_identification:_identify(DRL_robot_navigation_ros2/src) by extension 'colcon_meta'
[0.400s] Level 1:colcon.colcon_core.package_identification:_identify(DRL_robot_navigation_ros2/src) by extensions ['ros']
[0.400s] Level 1:colcon.colcon_core.package_identification:_identify(DRL_robot_navigation_ros2/src) by extension 'ros'
[0.400s] Level 1:colcon.colcon_core.package_identification:_identify(DRL_robot_navigation_ros2/src) by extensions ['cmake', 'python']
[0.401s] Level 1:colcon.colcon_core.package_identification:_identify(DRL_robot_navigation_ros2/src) by extension 'cmake'
[0.401s] Level 1:colcon.colcon_core.package_identification:_identify(DRL_robot_navigation_ros2/src) by extension 'python'
[0.401s] Level 1:colcon.colcon_core.package_identification:_identify(DRL_robot_navigation_ros2/src) by extensions ['python_setup_py']
[0.401s] Level 1:colcon.colcon_core.package_identification:_identify(DRL_robot_navigation_ros2/src) by extension 'python_setup_py'
[0.401s] Level 1:colcon.colcon_core.package_identification:_identify(DRL_robot_navigation_ros2/src/td3) by extensions ['ignore', 'ignore_ament_install']
[0.401s] Level 1:colcon.colcon_core.package_identification:_identify(DRL_robot_navigation_ros2/src/td3) by extension 'ignore'
[0.401s] Level 1:colcon.colcon_core.package_identification:_identify(DRL_robot_navigation_ros2/src/td3) by extension 'ignore_ament_install'
[0.401s] Level 1:colcon.colcon_core.package_identification:_identify(DRL_robot_navigation_ros2/src/td3) by extensions ['colcon_pkg']
[0.401s] Level 1:colcon.colcon_core.package_identification:_identify(DRL_robot_navigation_ros2/src/td3) by extension 'colcon_pkg'
[0.401s] Level 1:colcon.colcon_core.package_identification:_identify(DRL_robot_navigation_ros2/src/td3) by extensions ['colcon_meta']
[0.401s] Level 1:colcon.colcon_core.package_identification:_identify(DRL_robot_navigation_ros2/src/td3) by extension 'colcon_meta'
[0.401s] Level 1:colcon.colcon_core.package_identification:_identify(DRL_robot_navigation_ros2/src/td3) by extensions ['ros']
[0.401s] Level 1:colcon.colcon_core.package_identification:_identify(DRL_robot_navigation_ros2/src/td3) by extension 'ros'
[0.402s] Level 1:colcon.colcon_core.package_identification:_identify(DRL_robot_navigation_ros2/src/td3) by extensions ['cmake', 'python']
[0.402s] Level 1:colcon.colcon_core.package_identification:_identify(DRL_robot_navigation_ros2/src/td3) by extension 'cmake'
[0.402s] Level 1:colcon.colcon_core.package_identification:_identify(DRL_robot_navigation_ros2/src/td3) by extension 'python'
[0.402s] Level 1:colcon.colcon_core.package_identification:_identify(DRL_robot_navigation_ros2/src/td3) by extensions ['python_setup_py']
[0.402s] Level 1:colcon.colcon_core.package_identification:_identify(DRL_robot_navigation_ros2/src/td3) by extension 'python_setup_py'
[0.402s] Level 1:colcon.colcon_core.package_identification:_identify(DRL_robot_navigation_ros2/src/td3/scripts) by extensions ['ignore', 'ignore_ament_install']
[0.402s] Level 1:colcon.colcon_core.package_identification:_identify(DRL_robot_navigation_ros2/src/td3/scripts) by extension 'ignore'
[0.402s] Level 1:colcon.colcon_core.package_identification:_identify(DRL_robot_navigation_ros2/src/td3/scripts) by extension 'ignore_ament_install'
[0.402s] Level 1:colcon.colcon_core.package_identification:_identify(DRL_robot_navigation_ros2/src/td3/scripts) by extensions ['colcon_pkg']
[0.402s] Level 1:colcon.colcon_core.package_identification:_identify(DRL_robot_navigation_ros2/src/td3/scripts) by extension 'colcon_pkg'
[0.402s] Level 1:colcon.colcon_core.package_identification:_identify(DRL_robot_navigation_ros2/src/td3/scripts) by extensions ['colcon_meta']
[0.402s] Level 1:colcon.colcon_core.package_identification:_identify(DRL_robot_navigation_ros2/src/td3/scripts) by extension 'colcon_meta'
[0.402s] Level 1:colcon.colcon_core.package_identification:_identify(DRL_robot_navigation_ros2/src/td3/scripts) by extensions ['ros']
[0.402s] Level 1:colcon.colcon_core.package_identification:_identify(DRL_robot_navigation_ros2/src/td3/scripts) by extension 'ros'
[0.402s] Level 1:colcon.colcon_core.package_identification:_identify(DRL_robot_navigation_ros2/src/td3/scripts) by extensions ['cmake', 'python']
[0.403s] Level 1:colcon.colcon_core.package_identification:_identify(DRL_robot_navigation_ros2/src/td3/scripts) by extension 'cmake'
[0.403s] Level 1:colcon.colcon_core.package_identification:_identify(DRL_robot_navigation_ros2/src/td3/scripts) by extension 'python'
[0.403s] Level 1:colcon.colcon_core.package_identification:_identify(DRL_robot_navigation_ros2/src/td3/scripts) by extensions ['python_setup_py']
[0.403s] Level 1:colcon.colcon_core.package_identification:_identify(DRL_robot_navigation_ros2/src/td3/scripts) by extension 'python_setup_py'
[0.403s] Level 1:colcon.colcon_core.package_identification:_identify(DRL_robot_navigation_ros2/src/td3/scripts/runs) by extensions ['ignore', 'ignore_ament_install']
[0.403s] Level 1:colcon.colcon_core.package_identification:_identify(DRL_robot_navigation_ros2/src/td3/scripts/runs) by extension 'ignore'
[0.403s] Level 1:colcon.colcon_core.package_identification:_identify(DRL_robot_navigation_ros2/src/td3/scripts/runs) by extension 'ignore_ament_install'
[0.403s] Level 1:colcon.colcon_core.package_identification:_identify(DRL_robot_navigation_ros2/src/td3/scripts/runs) by extensions ['colcon_pkg']
[0.403s] Level 1:colcon.colcon_core.package_identification:_identify(DRL_robot_navigation_ros2/src/td3/scripts/runs) by extension 'colcon_pkg'
[0.404s] Level 1:colcon.colcon_core.package_identification:_identify(DRL_robot_navigation_ros2/src/td3/scripts/runs) by extensions ['colcon_meta']
[0.404s] Level 1:colcon.colcon_core.package_identification:_identify(DRL_robot_navigation_ros2/src/td3/scripts/runs) by extension 'colcon_meta'
[0.404s] Level 1:colcon.colcon_core.package_identification:_identify(DRL_robot_navigation_ros2/src/td3/scripts/runs) by extensions ['ros']
[0.404s] Level 1:colcon.colcon_core.package_identification:_identify(DRL_robot_navigation_ros2/src/td3/scripts/runs) by extension 'ros'
[0.404s] Level 1:colcon.colcon_core.package_identification:_identify(DRL_robot_navigation_ros2/src/td3/scripts/runs) by extensions ['cmake', 'python']
[0.404s] Level 1:colcon.colcon_core.package_identification:_identify(DRL_robot_navigation_ros2/src/td3/scripts/runs) by extension 'cmake'
[0.404s] Level 1:colcon.colcon_core.package_identification:_identify(DRL_robot_navigation_ros2/src/td3/scripts/runs) by extension 'python'
[0.404s] Level 1:colcon.colcon_core.package_identification:_identify(DRL_robot_navigation_ros2/src/td3/scripts/runs) by extensions ['python_setup_py']
[0.404s] Level 1:colcon.colcon_core.package_identification:_identify(DRL_robot_navigation_ros2/src/td3/scripts/runs) by extension 'python_setup_py'
[0.404s] Level 1:colcon.colcon_core.package_identification:_identify(build) by extensions ['ignore', 'ignore_ament_install']
[0.404s] Level 1:colcon.colcon_core.package_identification:_identify(build) by extension 'ignore'
[0.404s] Level 1:colcon.colcon_core.package_identification:_identify(build) ignored
[0.405s] Level 1:colcon.colcon_core.package_identification:_identify(install) by extensions ['ignore', 'ignore_ament_install']
[0.405s] Level 1:colcon.colcon_core.package_identification:_identify(install) by extension 'ignore'
[0.405s] Level 1:colcon.colcon_core.package_identification:_identify(install) ignored
[0.405s] Level 1:colcon.colcon_core.package_identification:_identify(log) by extensions ['ignore', 'ignore_ament_install']
[0.405s] Level 1:colcon.colcon_core.package_identification:_identify(log) by extension 'ignore'
[0.405s] Level 1:colcon.colcon_core.package_identification:_identify(log) ignored
[0.405s] Level 1:colcon.colcon_core.package_identification:_identify(pytorch_models) by extensions ['ignore', 'ignore_ament_install']
[0.405s] Level 1:colcon.colcon_core.package_identification:_identify(pytorch_models) by extension 'ignore'
[0.405s] Level 1:colcon.colcon_core.package_identification:_identify(pytorch_models) by extension 'ignore_ament_install'
[0.405s] Level 1:colcon.colcon_core.package_identification:_identify(pytorch_models) by extensions ['colcon_pkg']
[0.405s] Level 1:colcon.colcon_core.package_identification:_identify(pytorch_models) by extension 'colcon_pkg'
[0.405s] Level 1:colcon.colcon_core.package_identification:_identify(pytorch_models) by extensions ['colcon_meta']
[0.405s] Level 1:colcon.colcon_core.package_identification:_identify(pytorch_models) by extension 'colcon_meta'
[0.406s] Level 1:colcon.colcon_core.package_identification:_identify(pytorch_models) by extensions ['ros']
[0.406s] Level 1:colcon.colcon_core.package_identification:_identify(pytorch_models) by extension 'ros'
[0.406s] Level 1:colcon.colcon_core.package_identification:_identify(pytorch_models) by extensions ['cmake', 'python']
[0.406s] Level 1:colcon.colcon_core.package_identification:_identify(pytorch_models) by extension 'cmake'
[0.406s] Level 1:colcon.colcon_core.package_identification:_identify(pytorch_models) by extension 'python'
[0.406s] Level 1:colcon.colcon_core.package_identification:_identify(pytorch_models) by extensions ['python_setup_py']
[0.406s] Level 1:colcon.colcon_core.package_identification:_identify(pytorch_models) by extension 'python_setup_py'
[0.406s] Level 1:colcon.colcon_core.package_identification:_identify(pytorch_models_NOSTRO) by extensions ['ignore', 'ignore_ament_install']
[0.406s] Level 1:colcon.colcon_core.package_identification:_identify(pytorch_models_NOSTRO) by extension 'ignore'
[0.406s] Level 1:colcon.colcon_core.package_identification:_identify(pytorch_models_NOSTRO) by extension 'ignore_ament_install'
[0.406s] Level 1:colcon.colcon_core.package_identification:_identify(pytorch_models_NOSTRO) by extensions ['colcon_pkg']
[0.406s] Level 1:colcon.colcon_core.package_identification:_identify(pytorch_models_NOSTRO) by extension 'colcon_pkg'
[0.406s] Level 1:colcon.colcon_core.package_identification:_identify(pytorch_models_NOSTRO) by extensions ['colcon_meta']
[0.406s] Level 1:colcon.colcon_core.package_identification:_identify(pytorch_models_NOSTRO) by extension 'colcon_meta'
[0.406s] Level 1:colcon.colcon_core.package_identification:_identify(pytorch_models_NOSTRO) by extensions ['ros']
[0.406s] Level 1:colcon.colcon_core.package_identification:_identify(pytorch_models_NOSTRO) by extension 'ros'
[0.406s] Level 1:colcon.colcon_core.package_identification:_identify(pytorch_models_NOSTRO) by extensions ['cmake', 'python']
[0.406s] Level 1:colcon.colcon_core.package_identification:_identify(pytorch_models_NOSTRO) by extension 'cmake'
[0.407s] Level 1:colcon.colcon_core.package_identification:_identify(pytorch_models_NOSTRO) by extension 'python'
[0.407s] Level 1:colcon.colcon_core.package_identification:_identify(pytorch_models_NOSTRO) by extensions ['python_setup_py']
[0.407s] Level 1:colcon.colcon_core.package_identification:_identify(pytorch_models_NOSTRO) by extension 'python_setup_py'
[0.407s] Level 1:colcon.colcon_core.package_identification:_identify(results) by extensions ['ignore', 'ignore_ament_install']
[0.407s] Level 1:colcon.colcon_core.package_identification:_identify(results) by extension 'ignore'
[0.407s] Level 1:colcon.colcon_core.package_identification:_identify(results) by extension 'ignore_ament_install'
[0.407s] Level 1:colcon.colcon_core.package_identification:_identify(results) by extensions ['colcon_pkg']
[0.407s] Level 1:colcon.colcon_core.package_identification:_identify(results) by extension 'colcon_pkg'
[0.407s] Level 1:colcon.colcon_core.package_identification:_identify(results) by extensions ['colcon_meta']
[0.407s] Level 1:colcon.colcon_core.package_identification:_identify(results) by extension 'colcon_meta'
[0.407s] Level 1:colcon.colcon_core.package_identification:_identify(results) by extensions ['ros']
[0.407s] Level 1:colcon.colcon_core.package_identification:_identify(results) by extension 'ros'
[0.407s] Level 1:colcon.colcon_core.package_identification:_identify(results) by extensions ['cmake', 'python']
[0.407s] Level 1:colcon.colcon_core.package_identification:_identify(results) by extension 'cmake'
[0.407s] Level 1:colcon.colcon_core.package_identification:_identify(results) by extension 'python'
[0.407s] Level 1:colcon.colcon_core.package_identification:_identify(results) by extensions ['python_setup_py']
[0.407s] Level 1:colcon.colcon_core.package_identification:_identify(results) by extension 'python_setup_py'
[0.408s] Level 1:colcon.colcon_core.package_identification:_identify(src) by extensions ['ignore', 'ignore_ament_install']
[0.408s] Level 1:colcon.colcon_core.package_identification:_identify(src) by extension 'ignore'
[0.408s] Level 1:colcon.colcon_core.package_identification:_identify(src) by extension 'ignore_ament_install'
[0.408s] Level 1:colcon.colcon_core.package_identification:_identify(src) by extensions ['colcon_pkg']
[0.408s] Level 1:colcon.colcon_core.package_identification:_identify(src) by extension 'colcon_pkg'
[0.408s] Level 1:colcon.colcon_core.package_identification:_identify(src) by extensions ['colcon_meta']
[0.408s] Level 1:colcon.colcon_core.package_identification:_identify(src) by extension 'colcon_meta'
[0.408s] Level 1:colcon.colcon_core.package_identification:_identify(src) by extensions ['ros']
[0.408s] Level 1:colcon.colcon_core.package_identification:_identify(src) by extension 'ros'
[0.408s] Level 1:colcon.colcon_core.package_identification:_identify(src) by extensions ['cmake', 'python']
[0.408s] Level 1:colcon.colcon_core.package_identification:_identify(src) by extension 'cmake'
[0.408s] Level 1:colcon.colcon_core.package_identification:_identify(src) by extension 'python'
[0.408s] Level 1:colcon.colcon_core.package_identification:_identify(src) by extensions ['python_setup_py']
[0.408s] Level 1:colcon.colcon_core.package_identification:_identify(src) by extension 'python_setup_py'
[0.408s] Level 1:colcon.colcon_core.package_identification:_identify(src/td3) by extensions ['ignore', 'ignore_ament_install']
[0.409s] Level 1:colcon.colcon_core.package_identification:_identify(src/td3) by extension 'ignore'
[0.409s] Level 1:colcon.colcon_core.package_identification:_identify(src/td3) by extension 'ignore_ament_install'
[0.409s] Level 1:colcon.colcon_core.package_identification:_identify(src/td3) by extensions ['colcon_pkg']
[0.409s] Level 1:colcon.colcon_core.package_identification:_identify(src/td3) by extension 'colcon_pkg'
[0.409s] Level 1:colcon.colcon_core.package_identification:_identify(src/td3) by extensions ['colcon_meta']
[0.409s] Level 1:colcon.colcon_core.package_identification:_identify(src/td3) by extension 'colcon_meta'
[0.409s] Level 1:colcon.colcon_core.package_identification:_identify(src/td3) by extensions ['ros']
[0.409s] Level 1:colcon.colcon_core.package_identification:_identify(src/td3) by extension 'ros'
[0.412s] DEBUG:colcon.colcon_core.package_identification:Package 'src/td3' with type 'ros.ament_cmake' and name 'td3'
[0.412s] Level 1:colcon.colcon_core.package_identification:_identify(src/velodyne_simulator) by extensions ['ignore', 'ignore_ament_install']
[0.412s] Level 1:colcon.colcon_core.package_identification:_identify(src/velodyne_simulator) by extension 'ignore'
[0.412s] Level 1:colcon.colcon_core.package_identification:_identify(src/velodyne_simulator) by extension 'ignore_ament_install'
[0.412s] Level 1:colcon.colcon_core.package_identification:_identify(src/velodyne_simulator) by extensions ['colcon_pkg']
[0.412s] Level 1:colcon.colcon_core.package_identification:_identify(src/velodyne_simulator) by extension 'colcon_pkg'
[0.413s] Level 1:colcon.colcon_core.package_identification:_identify(src/velodyne_simulator) by extensions ['colcon_meta']
[0.413s] Level 1:colcon.colcon_core.package_identification:_identify(src/velodyne_simulator) by extension 'colcon_meta'
[0.413s] Level 1:colcon.colcon_core.package_identification:_identify(src/velodyne_simulator) by extensions ['ros']
[0.413s] Level 1:colcon.colcon_core.package_identification:_identify(src/velodyne_simulator) by extension 'ros'
[0.413s] Level 1:colcon.colcon_core.package_identification:_identify(src/velodyne_simulator) by extensions ['cmake', 'python']
[0.413s] Level 1:colcon.colcon_core.package_identification:_identify(src/velodyne_simulator) by extension 'cmake'
[0.413s] Level 1:colcon.colcon_core.package_identification:_identify(src/velodyne_simulator) by extension 'python'
[0.413s] Level 1:colcon.colcon_core.package_identification:_identify(src/velodyne_simulator) by extensions ['python_setup_py']
[0.413s] Level 1:colcon.colcon_core.package_identification:_identify(src/velodyne_simulator) by extension 'python_setup_py'
[0.413s] Level 1:colcon.colcon_core.package_identification:_identify(src/velodyne_simulator/img) by extensions ['ignore', 'ignore_ament_install']
[0.413s] Level 1:colcon.colcon_core.package_identification:_identify(src/velodyne_simulator/img) by extension 'ignore'
[0.413s] Level 1:colcon.colcon_core.package_identification:_identify(src/velodyne_simulator/img) by extension 'ignore_ament_install'
[0.413s] Level 1:colcon.colcon_core.package_identification:_identify(src/velodyne_simulator/img) by extensions ['colcon_pkg']
[0.413s] Level 1:colcon.colcon_core.package_identification:_identify(src/velodyne_simulator/img) by extension 'colcon_pkg'
[0.413s] Level 1:colcon.colcon_core.package_identification:_identify(src/velodyne_simulator/img) by extensions ['colcon_meta']
[0.413s] Level 1:colcon.colcon_core.package_identification:_identify(src/velodyne_simulator/img) by extension 'colcon_meta'
[0.414s] Level 1:colcon.colcon_core.package_identification:_identify(src/velodyne_simulator/img) by extensions ['ros']
[0.414s] Level 1:colcon.colcon_core.package_identification:_identify(src/velodyne_simulator/img) by extension 'ros'
[0.414s] Level 1:colcon.colcon_core.package_identification:_identify(src/velodyne_simulator/img) by extensions ['cmake', 'python']
[0.414s] Level 1:colcon.colcon_core.package_identification:_identify(src/velodyne_simulator/img) by extension 'cmake'
[0.414s] Level 1:colcon.colcon_core.package_identification:_identify(src/velodyne_simulator/img) by extension 'python'
[0.414s] Level 1:colcon.colcon_core.package_identification:_identify(src/velodyne_simulator/img) by extensions ['python_setup_py']
[0.414s] Level 1:colcon.colcon_core.package_identification:_identify(src/velodyne_simulator/img) by extension 'python_setup_py'
[0.414s] Level 1:colcon.colcon_core.package_identification:_identify(src/velodyne_simulator/velodyne_description) by extensions ['ignore', 'ignore_ament_install']
[0.414s] Level 1:colcon.colcon_core.package_identification:_identify(src/velodyne_simulator/velodyne_description) by extension 'ignore'
[0.414s] Level 1:colcon.colcon_core.package_identification:_identify(src/velodyne_simulator/velodyne_description) by extension 'ignore_ament_install'
[0.414s] Level 1:colcon.colcon_core.package_identification:_identify(src/velodyne_simulator/velodyne_description) by extensions ['colcon_pkg']
[0.414s] Level 1:colcon.colcon_core.package_identification:_identify(src/velodyne_simulator/velodyne_description) by extension 'colcon_pkg'
[0.414s] Level 1:colcon.colcon_core.package_identification:_identify(src/velodyne_simulator/velodyne_description) by extensions ['colcon_meta']
[0.414s] Level 1:colcon.colcon_core.package_identification:_identify(src/velodyne_simulator/velodyne_description) by extension 'colcon_meta'
[0.414s] Level 1:colcon.colcon_core.package_identification:_identify(src/velodyne_simulator/velodyne_description) by extensions ['ros']
[0.414s] Level 1:colcon.colcon_core.package_identification:_identify(src/velodyne_simulator/velodyne_description) by extension 'ros'
[0.415s] DEBUG:colcon.colcon_core.package_identification:Package 'src/velodyne_simulator/velodyne_description' with type 'ros.ament_cmake' and name 'velodyne_description'
[0.416s] Level 1:colcon.colcon_core.package_identification:_identify(src/velodyne_simulator/velodyne_gazebo_plugins) by extensions ['ignore', 'ignore_ament_install']
[0.416s] Level 1:colcon.colcon_core.package_identification:_identify(src/velodyne_simulator/velodyne_gazebo_plugins) by extension 'ignore'
[0.416s] Level 1:colcon.colcon_core.package_identification:_identify(src/velodyne_simulator/velodyne_gazebo_plugins) by extension 'ignore_ament_install'
[0.416s] Level 1:colcon.colcon_core.package_identification:_identify(src/velodyne_simulator/velodyne_gazebo_plugins) by extensions ['colcon_pkg']
[0.416s] Level 1:colcon.colcon_core.package_identification:_identify(src/velodyne_simulator/velodyne_gazebo_plugins) by extension 'colcon_pkg'
[0.416s] Level 1:colcon.colcon_core.package_identification:_identify(src/velodyne_simulator/velodyne_gazebo_plugins) by extensions ['colcon_meta']
[0.416s] Level 1:colcon.colcon_core.package_identification:_identify(src/velodyne_simulator/velodyne_gazebo_plugins) by extension 'colcon_meta'
[0.416s] Level 1:colcon.colcon_core.package_identification:_identify(src/velodyne_simulator/velodyne_gazebo_plugins) by extensions ['ros']
[0.417s] Level 1:colcon.colcon_core.package_identification:_identify(src/velodyne_simulator/velodyne_gazebo_plugins) by extension 'ros'
[0.417s] DEBUG:colcon.colcon_core.package_identification:Package 'src/velodyne_simulator/velodyne_gazebo_plugins' with type 'ros.ament_cmake' and name 'velodyne_gazebo_plugins'
[0.417s] Level 1:colcon.colcon_core.package_identification:_identify(src/velodyne_simulator/velodyne_simulator) by extensions ['ignore', 'ignore_ament_install']
[0.418s] Level 1:colcon.colcon_core.package_identification:_identify(src/velodyne_simulator/velodyne_simulator) by extension 'ignore'
[0.418s] Level 1:colcon.colcon_core.package_identification:_identify(src/velodyne_simulator/velodyne_simulator) by extension 'ignore_ament_install'
[0.418s] Level 1:colcon.colcon_core.package_identification:_identify(src/velodyne_simulator/velodyne_simulator) by extensions ['colcon_pkg']
[0.418s] Level 1:colcon.colcon_core.package_identification:_identify(src/velodyne_simulator/velodyne_simulator) by extension 'colcon_pkg'
[0.418s] Level 1:colcon.colcon_core.package_identification:_identify(src/velodyne_simulator/velodyne_simulator) by extensions ['colcon_meta']
[0.418s] Level 1:colcon.colcon_core.package_identification:_identify(src/velodyne_simulator/velodyne_simulator) by extension 'colcon_meta'
[0.418s] Level 1:colcon.colcon_core.package_identification:_identify(src/velodyne_simulator/velodyne_simulator) by extensions ['ros']
[0.418s] Level 1:colcon.colcon_core.package_identification:_identify(src/velodyne_simulator/velodyne_simulator) by extension 'ros'
[0.419s] DEBUG:colcon.colcon_core.package_identification:Package 'src/velodyne_simulator/velodyne_simulator' with type 'ros.ament_cmake' and name 'velodyne_simulator'
[0.419s] Level 1:colcon.colcon_core.package_discovery:discover_packages(recursive) using defaults
[0.419s] Level 1:colcon.colcon_core.package_discovery:discover_packages(ignore) discover
[0.419s] Level 1:colcon.colcon_core.package_discovery:discover_packages(ignore) using defaults
[0.419s] Level 1:colcon.colcon_core.package_discovery:discover_packages(path) discover
[0.419s] Level 1:colcon.colcon_core.package_discovery:discover_packages(path) using defaults
[0.444s] Level 1:colcon.colcon_core.package_discovery:discover_packages(prefix_path) check parameters
[0.444s] Level 1:colcon.colcon_core.package_discovery:discover_packages(prefix_path) discover
[0.446s] DEBUG:colcon.colcon_installed_package_information.package_discovery:Found 4 installed packages in /home/a/deep-rl-navigation/DRL_robot_navigation_ros2/install
[0.448s] DEBUG:colcon.colcon_installed_package_information.package_discovery:Found 278 installed packages in /opt/ros/humble
[0.450s] Level 1:colcon.colcon_core.package_discovery:discover_packages(prefix_path) using defaults
[0.499s] Level 5:colcon.colcon_core.verb:set package 'td3' build argument 'cmake_args' from command line to 'None'
[0.499s] Level 5:colcon.colcon_core.verb:set package 'td3' build argument 'cmake_target' from command line to 'None'
[0.499s] Level 5:colcon.colcon_core.verb:set package 'td3' build argument 'cmake_target_skip_unavailable' from command line to 'False'
[0.499s] Level 5:colcon.colcon_core.verb:set package 'td3' build argument 'cmake_clean_cache' from command line to 'False'
[0.499s] Level 5:colcon.colcon_core.verb:set package 'td3' build argument 'cmake_clean_first' from command line to 'False'
[0.499s] Level 5:colcon.colcon_core.verb:set package 'td3' build argument 'cmake_force_configure' from command line to 'False'
[0.499s] Level 5:colcon.colcon_core.verb:set package 'td3' build argument 'ament_cmake_args' from command line to 'None'
[0.499s] Level 5:colcon.colcon_core.verb:set package 'td3' build argument 'catkin_cmake_args' from command line to 'None'
[0.499s] Level 5:colcon.colcon_core.verb:set package 'td3' build argument 'catkin_skip_building_tests' from command line to 'False'
[0.499s] DEBUG:colcon.colcon_core.verb:Building package 'td3' with the following arguments: {'ament_cmake_args': None, 'build_base': '/home/a/deep-rl-navigation/DRL_robot_navigation_ros2/build/td3', 'catkin_cmake_args': None, 'catkin_skip_building_tests': False, 'cmake_args': None, 'cmake_clean_cache': False, 'cmake_clean_first': False, 'cmake_force_configure': False, 'cmake_target': None, 'cmake_target_skip_unavailable': False, 'install_base': '/home/a/deep-rl-navigation/DRL_robot_navigation_ros2/install/td3', 'merge_install': False, 'path': '/home/a/deep-rl-navigation/DRL_robot_navigation_ros2/src/td3', 'symlink_install': False, 'test_result_base': None}
[0.500s] Level 5:colcon.colcon_core.verb:set package 'velodyne_description' build argument 'cmake_args' from command line to 'None'
[0.500s] Level 5:colcon.colcon_core.verb:set package 'velodyne_description' build argument 'cmake_target' from command line to 'None'
[0.500s] Level 5:colcon.colcon_core.verb:set package 'velodyne_description' build argument 'cmake_target_skip_unavailable' from command line to 'False'
[0.500s] Level 5:colcon.colcon_core.verb:set package 'velodyne_description' build argument 'cmake_clean_cache' from command line to 'False'
[0.500s] Level 5:colcon.colcon_core.verb:set package 'velodyne_description' build argument 'cmake_clean_first' from command line to 'False'
[0.500s] Level 5:colcon.colcon_core.verb:set package 'velodyne_description' build argument 'cmake_force_configure' from command line to 'False'
[0.500s] Level 5:colcon.colcon_core.verb:set package 'velodyne_description' build argument 'ament_cmake_args' from command line to 'None'
[0.500s] Level 5:colcon.colcon_core.verb:set package 'velodyne_description' build argument 'catkin_cmake_args' from command line to 'None'
[0.500s] Level 5:colcon.colcon_core.verb:set package 'velodyne_description' build argument 'catkin_skip_building_tests' from command line to 'False'
[0.500s] DEBUG:colcon.colcon_core.verb:Building package 'velodyne_description' with the following arguments: {'ament_cmake_args': None, 'build_base': '/home/a/deep-rl-navigation/DRL_robot_navigation_ros2/build/velodyne_description', 'catkin_cmake_args': None, 'catkin_skip_building_tests': False, 'cmake_args': None, 'cmake_clean_cache': False, 'cmake_clean_first': False, 'cmake_force_configure': False, 'cmake_target': None, 'cmake_target_skip_unavailable': False, 'install_base': '/home/a/deep-rl-navigation/DRL_robot_navigation_ros2/install/velodyne_description', 'merge_install': False, 'path': '/home/a/deep-rl-navigation/DRL_robot_navigation_ros2/src/velodyne_simulator/velodyne_description', 'symlink_install': False, 'test_result_base': None}
[0.500s] Level 5:colcon.colcon_core.verb:set package 'velodyne_gazebo_plugins' build argument 'cmake_args' from command line to 'None'
[0.500s] Level 5:colcon.colcon_core.verb:set package 'velodyne_gazebo_plugins' build argument 'cmake_target' from command line to 'None'
[0.500s] Level 5:colcon.colcon_core.verb:set package 'velodyne_gazebo_plugins' build argument 'cmake_target_skip_unavailable' from command line to 'False'
[0.500s] Level 5:colcon.colcon_core.verb:set package 'velodyne_gazebo_plugins' build argument 'cmake_clean_cache' from command line to 'False'
[0.500s] Level 5:colcon.colcon_core.verb:set package 'velodyne_gazebo_plugins' build argument 'cmake_clean_first' from command line to 'False'
[0.500s] Level 5:colcon.colcon_core.verb:set package 'velodyne_gazebo_plugins' build argument 'cmake_force_configure' from command line to 'False'
[0.500s] Level 5:colcon.colcon_core.verb:set package 'velodyne_gazebo_plugins' build argument 'ament_cmake_args' from command line to 'None'
[0.500s] Level 5:colcon.colcon_core.verb:set package 'velodyne_gazebo_plugins' build argument 'catkin_cmake_args' from command line to 'None'
[0.501s] Level 5:colcon.colcon_core.verb:set package 'velodyne_gazebo_plugins' build argument 'catkin_skip_building_tests' from command line to 'False'
[0.501s] DEBUG:colcon.colcon_core.verb:Building package 'velodyne_gazebo_plugins' with the following arguments: {'ament_cmake_args': None, 'build_base': '/home/a/deep-rl-navigation/DRL_robot_navigation_ros2/build/velodyne_gazebo_plugins', 'catkin_cmake_args': None, 'catkin_skip_building_tests': False, 'cmake_args': None, 'cmake_clean_cache': False, 'cmake_clean_first': False, 'cmake_force_configure': False, 'cmake_target': None, 'cmake_target_skip_unavailable': False, 'install_base': '/home/a/deep-rl-navigation/DRL_robot_navigation_ros2/install/velodyne_gazebo_plugins', 'merge_install': False, 'path': '/home/a/deep-rl-navigation/DRL_robot_navigation_ros2/src/velodyne_simulator/velodyne_gazebo_plugins', 'symlink_install': False, 'test_result_base': None}
[0.501s] Level 5:colcon.colcon_core.verb:set package 'velodyne_simulator' build argument 'cmake_args' from command line to 'None'
[0.501s] Level 5:colcon.colcon_core.verb:set package 'velodyne_simulator' build argument 'cmake_target' from command line to 'None'
[0.501s] Level 5:colcon.colcon_core.verb:set package 'velodyne_simulator' build argument 'cmake_target_skip_unavailable' from command line to 'False'
[0.501s] Level 5:colcon.colcon_core.verb:set package 'velodyne_simulator' build argument 'cmake_clean_cache' from command line to 'False'
[0.501s] Level 5:colcon.colcon_core.verb:set package 'velodyne_simulator' build argument 'cmake_clean_first' from command line to 'False'
[0.501s] Level 5:colcon.colcon_core.verb:set package 'velodyne_simulator' build argument 'cmake_force_configure' from command line to 'False'
[0.501s] Level 5:colcon.colcon_core.verb:set package 'velodyne_simulator' build argument 'ament_cmake_args' from command line to 'None'
[0.501s] Level 5:colcon.colcon_core.verb:set package 'velodyne_simulator' build argument 'catkin_cmake_args' from command line to 'None'
[0.501s] Level 5:colcon.colcon_core.verb:set package 'velodyne_simulator' build argument 'catkin_skip_building_tests' from command line to 'False'
[0.501s] DEBUG:colcon.colcon_core.verb:Building package 'velodyne_simulator' with the following arguments: {'ament_cmake_args': None, 'build_base': '/home/a/deep-rl-navigation/DRL_robot_navigation_ros2/build/velodyne_simulator', 'catkin_cmake_args': None, 'catkin_skip_building_tests': False, 'cmake_args': None, 'cmake_clean_cache': False, 'cmake_clean_first': False, 'cmake_force_configure': False, 'cmake_target': None, 'cmake_target_skip_unavailable': False, 'install_base': '/home/a/deep-rl-navigation/DRL_robot_navigation_ros2/install/velodyne_simulator', 'merge_install': False, 'path': '/home/a/deep-rl-navigation/DRL_robot_navigation_ros2/src/velodyne_simulator/velodyne_simulator', 'symlink_install': False, 'test_result_base': None}
[0.501s] INFO:colcon.colcon_core.executor:Executing jobs using 'parallel' executor
[0.503s] DEBUG:colcon.colcon_parallel_executor.executor.parallel:run_until_complete
[0.503s] INFO:colcon.colcon_ros.task.ament_cmake.build:Building ROS package in '/home/a/deep-rl-navigation/DRL_robot_navigation_ros2/src/velodyne_simulator/velodyne_description' with build type 'ament_cmake'
[0.503s] INFO:colcon.colcon_cmake.task.cmake.build:Building CMake package in '/home/a/deep-rl-navigation/DRL_robot_navigation_ros2/src/velodyne_simulator/velodyne_description'
[0.507s] INFO:colcon.colcon_core.plugin_system:Skipping extension 'colcon_core.shell.bat': Not used on non-Windows systems
[0.507s] INFO:colcon.colcon_core.shell:Skip shell extension 'powershell' for command environment: Not usable outside of PowerShell
[0.507s] DEBUG:colcon.colcon_core.shell:Skip shell extension 'dsv' for command environment
[0.512s] INFO:colcon.colcon_ros.task.ament_cmake.build:Building ROS package in '/home/a/deep-rl-navigation/DRL_robot_navigation_ros2/src/velodyne_simulator/velodyne_gazebo_plugins' with build type 'ament_cmake'
[0.512s] INFO:colcon.colcon_cmake.task.cmake.build:Building CMake package in '/home/a/deep-rl-navigation/DRL_robot_navigation_ros2/src/velodyne_simulator/velodyne_gazebo_plugins'
[0.513s] INFO:colcon.colcon_core.shell:Skip shell extension 'powershell' for command environment: Not usable outside of PowerShell
[0.513s] DEBUG:colcon.colcon_core.shell:Skip shell extension 'dsv' for command environment
[0.520s] INFO:colcon.colcon_ros.task.ament_cmake.build:Building ROS package in '/home/a/deep-rl-navigation/DRL_robot_navigation_ros2/src/td3' with build type 'ament_cmake'
[0.520s] INFO:colcon.colcon_cmake.task.cmake.build:Building CMake package in '/home/a/deep-rl-navigation/DRL_robot_navigation_ros2/src/td3'
[0.520s] INFO:colcon.colcon_core.shell:Skip shell extension 'powershell' for command environment: Not usable outside of PowerShell
[0.521s] DEBUG:colcon.colcon_core.shell:Skip shell extension 'dsv' for command environment
[0.538s] DEBUG:colcon.colcon_core.event_handler.log_command:Invoking command in '/home/a/deep-rl-navigation/DRL_robot_navigation_ros2/build/velodyne_description': CMAKE_PREFIX_PATH=${CMAKE_PREFIX_PATH}:/opt/ros/humble /usr/bin/cmake --build /home/a/deep-rl-navigation/DRL_robot_navigation_ros2/build/velodyne_description -- -j8 -l8
[0.546s] DEBUG:colcon.colcon_core.event_handler.log_command:Invoking command in '/home/a/deep-rl-navigation/DRL_robot_navigation_ros2/build/velodyne_gazebo_plugins': CMAKE_PREFIX_PATH=${CMAKE_PREFIX_PATH}:/opt/ros/humble /usr/bin/cmake --build /home/a/deep-rl-navigation/DRL_robot_navigation_ros2/build/velodyne_gazebo_plugins -- -j8 -l8
[0.555s] DEBUG:colcon.colcon_core.event_handler.log_command:Invoking command in '/home/a/deep-rl-navigation/DRL_robot_navigation_ros2/build/td3': CMAKE_PREFIX_PATH=${CMAKE_PREFIX_PATH}:/opt/ros/humble /usr/bin/cmake --build /home/a/deep-rl-navigation/DRL_robot_navigation_ros2/build/td3 -- -j8 -l8
[0.613s] DEBUG:colcon.colcon_core.event_handler.log_command:Invoked command in '/home/a/deep-rl-navigation/DRL_robot_navigation_ros2/build/velodyne_description' returned '0': CMAKE_PREFIX_PATH=${CMAKE_PREFIX_PATH}:/opt/ros/humble /usr/bin/cmake --build /home/a/deep-rl-navigation/DRL_robot_navigation_ros2/build/velodyne_description -- -j8 -l8
[0.623s] DEBUG:colcon.colcon_core.event_handler.log_command:Invoked command in '/home/a/deep-rl-navigation/DRL_robot_navigation_ros2/build/td3' returned '0': CMAKE_PREFIX_PATH=${CMAKE_PREFIX_PATH}:/opt/ros/humble /usr/bin/cmake --build /home/a/deep-rl-navigation/DRL_robot_navigation_ros2/build/td3 -- -j8 -l8
[0.685s] DEBUG:colcon.colcon_core.event_handler.log_command:Invoking command in '/home/a/deep-rl-navigation/DRL_robot_navigation_ros2/build/velodyne_description': CMAKE_PREFIX_PATH=${CMAKE_PREFIX_PATH}:/opt/ros/humble /usr/bin/cmake --install /home/a/deep-rl-navigation/DRL_robot_navigation_ros2/build/velodyne_description
[0.690s] DEBUG:colcon.colcon_core.event_handler.log_command:Invoking command in '/home/a/deep-rl-navigation/DRL_robot_navigation_ros2/build/td3': CMAKE_PREFIX_PATH=${CMAKE_PREFIX_PATH}:/opt/ros/humble /usr/bin/cmake --install /home/a/deep-rl-navigation/DRL_robot_navigation_ros2/build/td3
[0.695s] DEBUG:colcon.colcon_core.event_handler.log_command:Invoked command in '/home/a/deep-rl-navigation/DRL_robot_navigation_ros2/build/velodyne_gazebo_plugins' returned '0': CMAKE_PREFIX_PATH=${CMAKE_PREFIX_PATH}:/opt/ros/humble /usr/bin/cmake --build /home/a/deep-rl-navigation/DRL_robot_navigation_ros2/build/velodyne_gazebo_plugins -- -j8 -l8
[0.724s] Level 1:colcon.colcon_core.environment:create_environment_scripts_only(velodyne_description)
[0.742s] Level 1:colcon.colcon_core.environment:checking '/home/a/deep-rl-navigation/DRL_robot_navigation_ros2/install/velodyne_description' for CMake module files
[0.746s] Level 1:colcon.colcon_core.environment:checking '/home/a/deep-rl-navigation/DRL_robot_navigation_ros2/install/velodyne_description' for CMake config files
[0.747s] Level 1:colcon.colcon_core.shell:create_environment_hook('velodyne_description', 'cmake_prefix_path')
[0.748s] INFO:colcon.colcon_core.shell:Creating environment hook '/home/a/deep-rl-navigation/DRL_robot_navigation_ros2/install/velodyne_description/share/velodyne_description/hook/cmake_prefix_path.ps1'
[0.753s] INFO:colcon.colcon_core.shell:Creating environment descriptor '/home/a/deep-rl-navigation/DRL_robot_navigation_ros2/install/velodyne_description/share/velodyne_description/hook/cmake_prefix_path.dsv'
[0.757s] INFO:colcon.colcon_core.shell:Creating environment hook '/home/a/deep-rl-navigation/DRL_robot_navigation_ros2/install/velodyne_description/share/velodyne_description/hook/cmake_prefix_path.sh'
[0.761s] Level 1:colcon.colcon_core.environment:checking '/home/a/deep-rl-navigation/DRL_robot_navigation_ros2/install/velodyne_description/bin'
[0.761s] Level 1:colcon.colcon_core.environment:checking '/home/a/deep-rl-navigation/DRL_robot_navigation_ros2/install/velodyne_description/lib/pkgconfig/velodyne_description.pc'
[0.762s] Level 1:colcon.colcon_core.environment:checking '/home/a/deep-rl-navigation/DRL_robot_navigation_ros2/install/velodyne_description/lib/python3.10/site-packages'
[0.762s] Level 1:colcon.colcon_core.environment:checking '/home/a/deep-rl-navigation/DRL_robot_navigation_ros2/install/velodyne_description/bin'
[0.762s] INFO:colcon.colcon_core.shell:Creating package script '/home/a/deep-rl-navigation/DRL_robot_navigation_ros2/install/velodyne_description/share/velodyne_description/package.ps1'
[0.765s] INFO:colcon.colcon_core.shell:Creating package descriptor '/home/a/deep-rl-navigation/DRL_robot_navigation_ros2/install/velodyne_description/share/velodyne_description/package.dsv'
[0.766s] INFO:colcon.colcon_core.shell:Creating package script '/home/a/deep-rl-navigation/DRL_robot_navigation_ros2/install/velodyne_description/share/velodyne_description/package.sh'
[0.769s] INFO:colcon.colcon_core.shell:Creating package script '/home/a/deep-rl-navigation/DRL_robot_navigation_ros2/install/velodyne_description/share/velodyne_description/package.bash'
[0.771s] INFO:colcon.colcon_core.shell:Creating package script '/home/a/deep-rl-navigation/DRL_robot_navigation_ros2/install/velodyne_description/share/velodyne_description/package.zsh'
[0.773s] Level 1:colcon.colcon_core.environment:create_file_with_runtime_dependencies(/home/a/deep-rl-navigation/DRL_robot_navigation_ros2/install/velodyne_description/share/colcon-core/packages/velodyne_description)
[0.784s] Level 1:colcon.colcon_core.environment:create_environment_scripts_only(td3)
[0.785s] Level 1:colcon.colcon_core.environment:checking '/home/a/deep-rl-navigation/DRL_robot_navigation_ros2/install/td3' for CMake module files
[0.794s] Level 1:colcon.colcon_core.environment:checking '/home/a/deep-rl-navigation/DRL_robot_navigation_ros2/install/td3' for CMake config files
[0.796s] Level 1:colcon.colcon_core.shell:create_environment_hook('td3', 'cmake_prefix_path')
[0.797s] INFO:colcon.colcon_core.shell:Creating environment hook '/home/a/deep-rl-navigation/DRL_robot_navigation_ros2/install/td3/share/td3/hook/cmake_prefix_path.ps1'
[0.800s] INFO:colcon.colcon_core.shell:Creating environment descriptor '/home/a/deep-rl-navigation/DRL_robot_navigation_ros2/install/td3/share/td3/hook/cmake_prefix_path.dsv'
[0.800s] INFO:colcon.colcon_core.shell:Creating environment hook '/home/a/deep-rl-navigation/DRL_robot_navigation_ros2/install/td3/share/td3/hook/cmake_prefix_path.sh'
[0.803s] Level 1:colcon.colcon_core.environment:checking '/home/a/deep-rl-navigation/DRL_robot_navigation_ros2/install/td3/lib'
[0.803s] Level 1:colcon.colcon_core.environment:checking '/home/a/deep-rl-navigation/DRL_robot_navigation_ros2/install/td3/bin'
[0.803s] Level 1:colcon.colcon_core.environment:checking '/home/a/deep-rl-navigation/DRL_robot_navigation_ros2/install/td3/lib/pkgconfig/td3.pc'
[0.803s] Level 1:colcon.colcon_core.environment:checking '/home/a/deep-rl-navigation/DRL_robot_navigation_ros2/install/td3/lib/python3.10/site-packages'
[0.803s] Level 1:colcon.colcon_core.environment:checking '/home/a/deep-rl-navigation/DRL_robot_navigation_ros2/install/td3/bin'
[0.804s] INFO:colcon.colcon_core.shell:Creating package script '/home/a/deep-rl-navigation/DRL_robot_navigation_ros2/install/td3/share/td3/package.ps1'
[0.805s] INFO:colcon.colcon_core.shell:Creating package descriptor '/home/a/deep-rl-navigation/DRL_robot_navigation_ros2/install/td3/share/td3/package.dsv'
[0.806s] INFO:colcon.colcon_core.shell:Creating package script '/home/a/deep-rl-navigation/DRL_robot_navigation_ros2/install/td3/share/td3/package.sh'
[0.809s] INFO:colcon.colcon_core.shell:Creating package script '/home/a/deep-rl-navigation/DRL_robot_navigation_ros2/install/td3/share/td3/package.bash'
[0.811s] INFO:colcon.colcon_core.shell:Creating package script '/home/a/deep-rl-navigation/DRL_robot_navigation_ros2/install/td3/share/td3/package.zsh'
[0.813s] Level 1:colcon.colcon_core.environment:create_file_with_runtime_dependencies(/home/a/deep-rl-navigation/DRL_robot_navigation_ros2/install/td3/share/colcon-core/packages/td3)
[0.815s] DEBUG:colcon.colcon_core.event_handler.log_command:Invoked command in '/home/a/deep-rl-navigation/DRL_robot_navigation_ros2/build/velodyne_description' returned '0': CMAKE_PREFIX_PATH=${CMAKE_PREFIX_PATH}:/opt/ros/humble /usr/bin/cmake --install /home/a/deep-rl-navigation/DRL_robot_navigation_ros2/build/velodyne_description
[0.817s] DEBUG:colcon.colcon_core.event_handler.log_command:Invoked command in '/home/a/deep-rl-navigation/DRL_robot_navigation_ros2/build/td3' returned '0': CMAKE_PREFIX_PATH=${CMAKE_PREFIX_PATH}:/opt/ros/humble /usr/bin/cmake --install /home/a/deep-rl-navigation/DRL_robot_navigation_ros2/build/td3
[0.823s] DEBUG:colcon.colcon_core.event_handler.log_command:Invoking command in '/home/a/deep-rl-navigation/DRL_robot_navigation_ros2/build/velodyne_gazebo_plugins': CMAKE_PREFIX_PATH=${CMAKE_PREFIX_PATH}:/opt/ros/humble /usr/bin/cmake --install /home/a/deep-rl-navigation/DRL_robot_navigation_ros2/build/velodyne_gazebo_plugins
[0.831s] Level 1:colcon.colcon_core.environment:create_environment_scripts_only(velodyne_description)
[0.831s] Level 1:colcon.colcon_core.environment:checking '/home/a/deep-rl-navigation/DRL_robot_navigation_ros2/install/velodyne_description' for CMake module files
[0.832s] Level 1:colcon.colcon_core.environment:checking '/home/a/deep-rl-navigation/DRL_robot_navigation_ros2/install/velodyne_description' for CMake config files
[0.832s] Level 1:colcon.colcon_core.shell:create_environment_hook('velodyne_description', 'cmake_prefix_path')
[0.832s] INFO:colcon.colcon_core.shell:Creating environment hook '/home/a/deep-rl-navigation/DRL_robot_navigation_ros2/install/velodyne_description/share/velodyne_description/hook/cmake_prefix_path.ps1'
[0.833s] INFO:colcon.colcon_core.shell:Creating environment descriptor '/home/a/deep-rl-navigation/DRL_robot_navigation_ros2/install/velodyne_description/share/velodyne_description/hook/cmake_prefix_path.dsv'
[0.834s] INFO:colcon.colcon_core.shell:Creating environment hook '/home/a/deep-rl-navigation/DRL_robot_navigation_ros2/install/velodyne_description/share/velodyne_description/hook/cmake_prefix_path.sh'
[0.835s] Level 1:colcon.colcon_core.environment:checking '/home/a/deep-rl-navigation/DRL_robot_navigation_ros2/install/velodyne_description/bin'
[0.835s] Level 1:colcon.colcon_core.environment:checking '/home/a/deep-rl-navigation/DRL_robot_navigation_ros2/install/velodyne_description/lib/pkgconfig/velodyne_description.pc'
[0.835s] Level 1:colcon.colcon_core.environment:checking '/home/a/deep-rl-navigation/DRL_robot_navigation_ros2/install/velodyne_description/lib/python3.10/site-packages'
[0.836s] Level 1:colcon.colcon_core.environment:checking '/home/a/deep-rl-navigation/DRL_robot_navigation_ros2/install/velodyne_description/bin'
[0.836s] INFO:colcon.colcon_core.shell:Creating package script '/home/a/deep-rl-navigation/DRL_robot_navigation_ros2/install/velodyne_description/share/velodyne_description/package.ps1'
[0.837s] INFO:colcon.colcon_core.shell:Creating package descriptor '/home/a/deep-rl-navigation/DRL_robot_navigation_ros2/install/velodyne_description/share/velodyne_description/package.dsv'
[0.841s] INFO:colcon.colcon_core.shell:Creating package script '/home/a/deep-rl-navigation/DRL_robot_navigation_ros2/install/velodyne_description/share/velodyne_description/package.sh'
[0.846s] INFO:colcon.colcon_core.shell:Creating package script '/home/a/deep-rl-navigation/DRL_robot_navigation_ros2/install/velodyne_description/share/velodyne_description/package.bash'
[0.848s] INFO:colcon.colcon_core.shell:Creating package script '/home/a/deep-rl-navigation/DRL_robot_navigation_ros2/install/velodyne_description/share/velodyne_description/package.zsh'
[0.849s] Level 1:colcon.colcon_core.environment:create_file_with_runtime_dependencies(/home/a/deep-rl-navigation/DRL_robot_navigation_ros2/install/velodyne_description/share/colcon-core/packages/velodyne_description)
[0.852s] Level 1:colcon.colcon_core.environment:create_environment_scripts_only(velodyne_gazebo_plugins)
[0.853s] Level 1:colcon.colcon_core.environment:checking '/home/a/deep-rl-navigation/DRL_robot_navigation_ros2/install/velodyne_gazebo_plugins' for CMake module files
[0.854s] DEBUG:colcon.colcon_core.event_handler.log_command:Invoked command in '/home/a/deep-rl-navigation/DRL_robot_navigation_ros2/build/velodyne_gazebo_plugins' returned '0': CMAKE_PREFIX_PATH=${CMAKE_PREFIX_PATH}:/opt/ros/humble /usr/bin/cmake --install /home/a/deep-rl-navigation/DRL_robot_navigation_ros2/build/velodyne_gazebo_plugins
[0.854s] Level 1:colcon.colcon_core.environment:checking '/home/a/deep-rl-navigation/DRL_robot_navigation_ros2/install/velodyne_gazebo_plugins' for CMake config files
[0.855s] Level 1:colcon.colcon_core.shell:create_environment_hook('velodyne_gazebo_plugins', 'cmake_prefix_path')
[0.855s] INFO:colcon.colcon_core.shell:Creating environment hook '/home/a/deep-rl-navigation/DRL_robot_navigation_ros2/install/velodyne_gazebo_plugins/share/velodyne_gazebo_plugins/hook/cmake_prefix_path.ps1'
[0.856s] INFO:colcon.colcon_core.shell:Creating environment descriptor '/home/a/deep-rl-navigation/DRL_robot_navigation_ros2/install/velodyne_gazebo_plugins/share/velodyne_gazebo_plugins/hook/cmake_prefix_path.dsv'
[0.856s] INFO:colcon.colcon_core.shell:Creating environment hook '/home/a/deep-rl-navigation/DRL_robot_navigation_ros2/install/velodyne_gazebo_plugins/share/velodyne_gazebo_plugins/hook/cmake_prefix_path.sh'
[0.857s] Level 1:colcon.colcon_core.environment:checking '/home/a/deep-rl-navigation/DRL_robot_navigation_ros2/install/velodyne_gazebo_plugins/lib'
[0.857s] Level 1:colcon.colcon_core.shell:create_environment_hook('velodyne_gazebo_plugins', 'ld_library_path_lib')
[0.858s] INFO:colcon.colcon_core.shell:Creating environment hook '/home/a/deep-rl-navigation/DRL_robot_navigation_ros2/install/velodyne_gazebo_plugins/share/velodyne_gazebo_plugins/hook/ld_library_path_lib.ps1'
[0.858s] INFO:colcon.colcon_core.shell:Creating environment descriptor '/home/a/deep-rl-navigation/DRL_robot_navigation_ros2/install/velodyne_gazebo_plugins/share/velodyne_gazebo_plugins/hook/ld_library_path_lib.dsv'
[0.859s] INFO:colcon.colcon_core.shell:Creating environment hook '/home/a/deep-rl-navigation/DRL_robot_navigation_ros2/install/velodyne_gazebo_plugins/share/velodyne_gazebo_plugins/hook/ld_library_path_lib.sh'
[0.859s] Level 1:colcon.colcon_core.environment:checking '/home/a/deep-rl-navigation/DRL_robot_navigation_ros2/install/velodyne_gazebo_plugins/bin'
[0.860s] Level 1:colcon.colcon_core.environment:checking '/home/a/deep-rl-navigation/DRL_robot_navigation_ros2/install/velodyne_gazebo_plugins/lib/pkgconfig/velodyne_gazebo_plugins.pc'
[0.860s] Level 1:colcon.colcon_core.environment:checking '/home/a/deep-rl-navigation/DRL_robot_navigation_ros2/install/velodyne_gazebo_plugins/lib/python3.10/site-packages'
[0.860s] Level 1:colcon.colcon_core.environment:checking '/home/a/deep-rl-navigation/DRL_robot_navigation_ros2/install/velodyne_gazebo_plugins/bin'
[0.861s] INFO:colcon.colcon_core.shell:Creating package script '/home/a/deep-rl-navigation/DRL_robot_navigation_ros2/install/velodyne_gazebo_plugins/share/velodyne_gazebo_plugins/package.ps1'
[0.862s] INFO:colcon.colcon_core.shell:Creating package descriptor '/home/a/deep-rl-navigation/DRL_robot_navigation_ros2/install/velodyne_gazebo_plugins/share/velodyne_gazebo_plugins/package.dsv'
[0.862s] INFO:colcon.colcon_core.shell:Creating package script '/home/a/deep-rl-navigation/DRL_robot_navigation_ros2/install/velodyne_gazebo_plugins/share/velodyne_gazebo_plugins/package.sh'
[0.863s] INFO:colcon.colcon_core.shell:Creating package script '/home/a/deep-rl-navigation/DRL_robot_navigation_ros2/install/velodyne_gazebo_plugins/share/velodyne_gazebo_plugins/package.bash'
[0.863s] INFO:colcon.colcon_core.shell:Creating package script '/home/a/deep-rl-navigation/DRL_robot_navigation_ros2/install/velodyne_gazebo_plugins/share/velodyne_gazebo_plugins/package.zsh'
[0.864s] Level 1:colcon.colcon_core.environment:create_file_with_runtime_dependencies(/home/a/deep-rl-navigation/DRL_robot_navigation_ros2/install/velodyne_gazebo_plugins/share/colcon-core/packages/velodyne_gazebo_plugins)
[0.871s] Level 1:colcon.colcon_core.environment:create_environment_scripts_only(td3)
[0.871s] Level 1:colcon.colcon_core.environment:checking '/home/a/deep-rl-navigation/DRL_robot_navigation_ros2/install/td3' for CMake module files
[0.872s] Level 1:colcon.colcon_core.environment:checking '/home/a/deep-rl-navigation/DRL_robot_navigation_ros2/install/td3' for CMake config files
[0.873s] Level 1:colcon.colcon_core.shell:create_environment_hook('td3', 'cmake_prefix_path')
[0.873s] INFO:colcon.colcon_core.shell:Creating environment hook '/home/a/deep-rl-navigation/DRL_robot_navigation_ros2/install/td3/share/td3/hook/cmake_prefix_path.ps1'
[0.874s] INFO:colcon.colcon_core.shell:Creating environment descriptor '/home/a/deep-rl-navigation/DRL_robot_navigation_ros2/install/td3/share/td3/hook/cmake_prefix_path.dsv'
[0.875s] INFO:colcon.colcon_core.shell:Creating environment hook '/home/a/deep-rl-navigation/DRL_robot_navigation_ros2/install/td3/share/td3/hook/cmake_prefix_path.sh'
[0.876s] Level 1:colcon.colcon_core.environment:checking '/home/a/deep-rl-navigation/DRL_robot_navigation_ros2/install/td3/lib'
[0.876s] Level 1:colcon.colcon_core.environment:checking '/home/a/deep-rl-navigation/DRL_robot_navigation_ros2/install/td3/bin'
[0.876s] Level 1:colcon.colcon_core.environment:checking '/home/a/deep-rl-navigation/DRL_robot_navigation_ros2/install/td3/lib/pkgconfig/td3.pc'
[0.877s] Level 1:colcon.colcon_core.environment:checking '/home/a/deep-rl-navigation/DRL_robot_navigation_ros2/install/td3/lib/python3.10/site-packages'
[0.877s] Level 1:colcon.colcon_core.environment:checking '/home/a/deep-rl-navigation/DRL_robot_navigation_ros2/install/td3/bin'
[0.877s] INFO:colcon.colcon_core.shell:Creating package script '/home/a/deep-rl-navigation/DRL_robot_navigation_ros2/install/td3/share/td3/package.ps1'
[0.878s] INFO:colcon.colcon_core.shell:Creating package descriptor '/home/a/deep-rl-navigation/DRL_robot_navigation_ros2/install/td3/share/td3/package.dsv'
[0.879s] INFO:colcon.colcon_core.shell:Creating package script '/home/a/deep-rl-navigation/DRL_robot_navigation_ros2/install/td3/share/td3/package.sh'
[0.880s] INFO:colcon.colcon_core.shell:Creating package script '/home/a/deep-rl-navigation/DRL_robot_navigation_ros2/install/td3/share/td3/package.bash'
[0.880s] INFO:colcon.colcon_core.shell:Creating package script '/home/a/deep-rl-navigation/DRL_robot_navigation_ros2/install/td3/share/td3/package.zsh'
[0.881s] Level 1:colcon.colcon_core.environment:create_file_with_runtime_dependencies(/home/a/deep-rl-navigation/DRL_robot_navigation_ros2/install/td3/share/colcon-core/packages/td3)
[0.924s] Level 1:colcon.colcon_core.environment:create_environment_scripts_only(velodyne_gazebo_plugins)
[0.924s] Level 1:colcon.colcon_core.environment:checking '/home/a/deep-rl-navigation/DRL_robot_navigation_ros2/install/velodyne_gazebo_plugins' for CMake module files
[0.925s] Level 1:colcon.colcon_core.environment:checking '/home/a/deep-rl-navigation/DRL_robot_navigation_ros2/install/velodyne_gazebo_plugins' for CMake config files
[0.925s] Level 1:colcon.colcon_core.shell:create_environment_hook('velodyne_gazebo_plugins', 'cmake_prefix_path')
[0.925s] INFO:colcon.colcon_core.shell:Creating environment hook '/home/a/deep-rl-navigation/DRL_robot_navigation_ros2/install/velodyne_gazebo_plugins/share/velodyne_gazebo_plugins/hook/cmake_prefix_path.ps1'
[0.926s] INFO:colcon.colcon_core.shell:Creating environment descriptor '/home/a/deep-rl-navigation/DRL_robot_navigation_ros2/install/velodyne_gazebo_plugins/share/velodyne_gazebo_plugins/hook/cmake_prefix_path.dsv'
[0.927s] INFO:colcon.colcon_core.shell:Creating environment hook '/home/a/deep-rl-navigation/DRL_robot_navigation_ros2/install/velodyne_gazebo_plugins/share/velodyne_gazebo_plugins/hook/cmake_prefix_path.sh'
[0.928s] Level 1:colcon.colcon_core.environment:checking '/home/a/deep-rl-navigation/DRL_robot_navigation_ros2/install/velodyne_gazebo_plugins/lib'
[0.928s] Level 1:colcon.colcon_core.shell:create_environment_hook('velodyne_gazebo_plugins', 'ld_library_path_lib')
[0.928s] INFO:colcon.colcon_core.shell:Creating environment hook '/home/a/deep-rl-navigation/DRL_robot_navigation_ros2/install/velodyne_gazebo_plugins/share/velodyne_gazebo_plugins/hook/ld_library_path_lib.ps1'
[0.928s] INFO:colcon.colcon_core.shell:Creating environment descriptor '/home/a/deep-rl-navigation/DRL_robot_navigation_ros2/install/velodyne_gazebo_plugins/share/velodyne_gazebo_plugins/hook/ld_library_path_lib.dsv'
[0.929s] INFO:colcon.colcon_core.shell:Creating environment hook '/home/a/deep-rl-navigation/DRL_robot_navigation_ros2/install/velodyne_gazebo_plugins/share/velodyne_gazebo_plugins/hook/ld_library_path_lib.sh'
[0.930s] Level 1:colcon.colcon_core.environment:checking '/home/a/deep-rl-navigation/DRL_robot_navigation_ros2/install/velodyne_gazebo_plugins/bin'
[0.930s] Level 1:colcon.colcon_core.environment:checking '/home/a/deep-rl-navigation/DRL_robot_navigation_ros2/install/velodyne_gazebo_plugins/lib/pkgconfig/velodyne_gazebo_plugins.pc'
[0.931s] Level 1:colcon.colcon_core.environment:checking '/home/a/deep-rl-navigation/DRL_robot_navigation_ros2/install/velodyne_gazebo_plugins/lib/python3.10/site-packages'
[0.931s] Level 1:colcon.colcon_core.environment:checking '/home/a/deep-rl-navigation/DRL_robot_navigation_ros2/install/velodyne_gazebo_plugins/bin'
[0.931s] INFO:colcon.colcon_core.shell:Creating package script '/home/a/deep-rl-navigation/DRL_robot_navigation_ros2/install/velodyne_gazebo_plugins/share/velodyne_gazebo_plugins/package.ps1'
[0.932s] INFO:colcon.colcon_core.shell:Creating package descriptor '/home/a/deep-rl-navigation/DRL_robot_navigation_ros2/install/velodyne_gazebo_plugins/share/velodyne_gazebo_plugins/package.dsv'
[0.933s] INFO:colcon.colcon_core.shell:Creating package script '/home/a/deep-rl-navigation/DRL_robot_navigation_ros2/install/velodyne_gazebo_plugins/share/velodyne_gazebo_plugins/package.sh'
[0.934s] INFO:colcon.colcon_core.shell:Creating package script '/home/a/deep-rl-navigation/DRL_robot_navigation_ros2/install/velodyne_gazebo_plugins/share/velodyne_gazebo_plugins/package.bash'
[0.934s] INFO:colcon.colcon_core.shell:Creating package script '/home/a/deep-rl-navigation/DRL_robot_navigation_ros2/install/velodyne_gazebo_plugins/share/velodyne_gazebo_plugins/package.zsh'
[0.935s] Level 1:colcon.colcon_core.environment:create_file_with_runtime_dependencies(/home/a/deep-rl-navigation/DRL_robot_navigation_ros2/install/velodyne_gazebo_plugins/share/colcon-core/packages/velodyne_gazebo_plugins)
[0.936s] INFO:colcon.colcon_ros.task.ament_cmake.build:Building ROS package in '/home/a/deep-rl-navigation/DRL_robot_navigation_ros2/src/velodyne_simulator/velodyne_simulator' with build type 'ament_cmake'
[0.936s] INFO:colcon.colcon_cmake.task.cmake.build:Building CMake package in '/home/a/deep-rl-navigation/DRL_robot_navigation_ros2/src/velodyne_simulator/velodyne_simulator'
[0.936s] INFO:colcon.colcon_core.shell:Skip shell extension 'powershell' for command environment: Not usable outside of PowerShell
[0.936s] DEBUG:colcon.colcon_core.shell:Skip shell extension 'dsv' for command environment
[0.958s] DEBUG:colcon.colcon_core.event_handler.log_command:Invoking command in '/home/a/deep-rl-navigation/DRL_robot_navigation_ros2/build/velodyne_simulator': CMAKE_PREFIX_PATH=/home/a/deep-rl-navigation/DRL_robot_navigation_ros2/install/velodyne_gazebo_plugins:/home/a/deep-rl-navigation/DRL_robot_navigation_ros2/install/velodyne_description:/home/a/deep-rl-navigation/DRL_robot_navigation_ros2/install/velodyne_simulator:/home/a/deep-rl-navigation/DRL_robot_navigation_ros2/install/td3:/opt/ros/humble /usr/bin/cmake --build /home/a/deep-rl-navigation/DRL_robot_navigation_ros2/build/velodyne_simulator -- -j8 -l8
[1.022s] DEBUG:colcon.colcon_core.event_handler.log_command:Invoked command in '/home/a/deep-rl-navigation/DRL_robot_navigation_ros2/build/velodyne_simulator' returned '0': CMAKE_PREFIX_PATH=/home/a/deep-rl-navigation/DRL_robot_navigation_ros2/install/velodyne_gazebo_plugins:/home/a/deep-rl-navigation/DRL_robot_navigation_ros2/install/velodyne_description:/home/a/deep-rl-navigation/DRL_robot_navigation_ros2/install/velodyne_simulator:/home/a/deep-rl-navigation/DRL_robot_navigation_ros2/install/td3:/opt/ros/humble /usr/bin/cmake --build /home/a/deep-rl-navigation/DRL_robot_navigation_ros2/build/velodyne_simulator -- -j8 -l8
[1.074s] DEBUG:colcon.colcon_core.event_handler.log_command:Invoking command in '/home/a/deep-rl-navigation/DRL_robot_navigation_ros2/build/velodyne_simulator': CMAKE_PREFIX_PATH=/home/a/deep-rl-navigation/DRL_robot_navigation_ros2/install/velodyne_gazebo_plugins:/home/a/deep-rl-navigation/DRL_robot_navigation_ros2/install/velodyne_description:/home/a/deep-rl-navigation/DRL_robot_navigation_ros2/install/velodyne_simulator:/home/a/deep-rl-navigation/DRL_robot_navigation_ros2/install/td3:/opt/ros/humble /usr/bin/cmake --install /home/a/deep-rl-navigation/DRL_robot_navigation_ros2/build/velodyne_simulator
[1.091s] Level 1:colcon.colcon_core.environment:create_environment_scripts_only(velodyne_simulator)
[1.092s] Level 1:colcon.colcon_core.environment:checking '/home/a/deep-rl-navigation/DRL_robot_navigation_ros2/install/velodyne_simulator' for CMake module files
[1.093s] DEBUG:colcon.colcon_core.event_handler.log_command:Invoked command in '/home/a/deep-rl-navigation/DRL_robot_navigation_ros2/build/velodyne_simulator' returned '0': CMAKE_PREFIX_PATH=/home/a/deep-rl-navigation/DRL_robot_navigation_ros2/install/velodyne_gazebo_plugins:/home/a/deep-rl-navigation/DRL_robot_navigation_ros2/install/velodyne_description:/home/a/deep-rl-navigation/DRL_robot_navigation_ros2/install/velodyne_simulator:/home/a/deep-rl-navigation/DRL_robot_navigation_ros2/install/td3:/opt/ros/humble /usr/bin/cmake --install /home/a/deep-rl-navigation/DRL_robot_navigation_ros2/build/velodyne_simulator
[1.093s] Level 1:colcon.colcon_core.environment:checking '/home/a/deep-rl-navigation/DRL_robot_navigation_ros2/install/velodyne_simulator' for CMake config files
[1.093s] Level 1:colcon.colcon_core.shell:create_environment_hook('velodyne_simulator', 'cmake_prefix_path')
[1.094s] INFO:colcon.colcon_core.shell:Creating environment hook '/home/a/deep-rl-navigation/DRL_robot_navigation_ros2/install/velodyne_simulator/share/velodyne_simulator/hook/cmake_prefix_path.ps1'
[1.094s] INFO:colcon.colcon_core.shell:Creating environment descriptor '/home/a/deep-rl-navigation/DRL_robot_navigation_ros2/install/velodyne_simulator/share/velodyne_simulator/hook/cmake_prefix_path.dsv'
[1.095s] INFO:colcon.colcon_core.shell:Creating environment hook '/home/a/deep-rl-navigation/DRL_robot_navigation_ros2/install/velodyne_simulator/share/velodyne_simulator/hook/cmake_prefix_path.sh'
[1.096s] Level 1:colcon.colcon_core.environment:checking '/home/a/deep-rl-navigation/DRL_robot_navigation_ros2/install/velodyne_simulator/bin'
[1.096s] Level 1:colcon.colcon_core.environment:checking '/home/a/deep-rl-navigation/DRL_robot_navigation_ros2/install/velodyne_simulator/lib/pkgconfig/velodyne_simulator.pc'
[1.096s] Level 1:colcon.colcon_core.environment:checking '/home/a/deep-rl-navigation/DRL_robot_navigation_ros2/install/velodyne_simulator/lib/python3.10/site-packages'
[1.097s] Level 1:colcon.colcon_core.environment:checking '/home/a/deep-rl-navigation/DRL_robot_navigation_ros2/install/velodyne_simulator/bin'
[1.097s] INFO:colcon.colcon_core.shell:Creating package script '/home/a/deep-rl-navigation/DRL_robot_navigation_ros2/install/velodyne_simulator/share/velodyne_simulator/package.ps1'
[1.097s] INFO:colcon.colcon_core.shell:Creating package descriptor '/home/a/deep-rl-navigation/DRL_robot_navigation_ros2/install/velodyne_simulator/share/velodyne_simulator/package.dsv'
[1.098s] INFO:colcon.colcon_core.shell:Creating package script '/home/a/deep-rl-navigation/DRL_robot_navigation_ros2/install/velodyne_simulator/share/velodyne_simulator/package.sh'
[1.099s] INFO:colcon.colcon_core.shell:Creating package script '/home/a/deep-rl-navigation/DRL_robot_navigation_ros2/install/velodyne_simulator/share/velodyne_simulator/package.bash'
[1.099s] INFO:colcon.colcon_core.shell:Creating package script '/home/a/deep-rl-navigation/DRL_robot_navigation_ros2/install/velodyne_simulator/share/velodyne_simulator/package.zsh'
[1.100s] Level 1:colcon.colcon_core.environment:create_file_with_runtime_dependencies(/home/a/deep-rl-navigation/DRL_robot_navigation_ros2/install/velodyne_simulator/share/colcon-core/packages/velodyne_simulator)
[1.152s] Level 1:colcon.colcon_core.environment:create_environment_scripts_only(velodyne_simulator)
[1.152s] Level 1:colcon.colcon_core.environment:checking '/home/a/deep-rl-navigation/DRL_robot_navigation_ros2/install/velodyne_simulator' for CMake module files
[1.153s] Level 1:colcon.colcon_core.environment:checking '/home/a/deep-rl-navigation/DRL_robot_navigation_ros2/install/velodyne_simulator' for CMake config files
[1.153s] Level 1:colcon.colcon_core.shell:create_environment_hook('velodyne_simulator', 'cmake_prefix_path')
[1.154s] INFO:colcon.colcon_core.shell:Creating environment hook '/home/a/deep-rl-navigation/DRL_robot_navigation_ros2/install/velodyne_simulator/share/velodyne_simulator/hook/cmake_prefix_path.ps1'
[1.155s] INFO:colcon.colcon_core.shell:Creating environment descriptor '/home/a/deep-rl-navigation/DRL_robot_navigation_ros2/install/velodyne_simulator/share/velodyne_simulator/hook/cmake_prefix_path.dsv'
[1.155s] INFO:colcon.colcon_core.shell:Creating environment hook '/home/a/deep-rl-navigation/DRL_robot_navigation_ros2/install/velodyne_simulator/share/velodyne_simulator/hook/cmake_prefix_path.sh'
[1.156s] Level 1:colcon.colcon_core.environment:checking '/home/a/deep-rl-navigation/DRL_robot_navigation_ros2/install/velodyne_simulator/bin'
[1.156s] Level 1:colcon.colcon_core.environment:checking '/home/a/deep-rl-navigation/DRL_robot_navigation_ros2/install/velodyne_simulator/lib/pkgconfig/velodyne_simulator.pc'
[1.157s] Level 1:colcon.colcon_core.environment:checking '/home/a/deep-rl-navigation/DRL_robot_navigation_ros2/install/velodyne_simulator/lib/python3.10/site-packages'
[1.157s] Level 1:colcon.colcon_core.environment:checking '/home/a/deep-rl-navigation/DRL_robot_navigation_ros2/install/velodyne_simulator/bin'
[1.157s] INFO:colcon.colcon_core.shell:Creating package script '/home/a/deep-rl-navigation/DRL_robot_navigation_ros2/install/velodyne_simulator/share/velodyne_simulator/package.ps1'
[1.158s] INFO:colcon.colcon_core.shell:Creating package descriptor '/home/a/deep-rl-navigation/DRL_robot_navigation_ros2/install/velodyne_simulator/share/velodyne_simulator/package.dsv'
[1.159s] INFO:colcon.colcon_core.shell:Creating package script '/home/a/deep-rl-navigation/DRL_robot_navigation_ros2/install/velodyne_simulator/share/velodyne_simulator/package.sh'
[1.160s] INFO:colcon.colcon_core.shell:Creating package script '/home/a/deep-rl-navigation/DRL_robot_navigation_ros2/install/velodyne_simulator/share/velodyne_simulator/package.bash'
[1.160s] INFO:colcon.colcon_core.shell:Creating package script '/home/a/deep-rl-navigation/DRL_robot_navigation_ros2/install/velodyne_simulator/share/velodyne_simulator/package.zsh'
[1.161s] Level 1:colcon.colcon_core.environment:create_file_with_runtime_dependencies(/home/a/deep-rl-navigation/DRL_robot_navigation_ros2/install/velodyne_simulator/share/colcon-core/packages/velodyne_simulator)
[1.162s] DEBUG:colcon.colcon_parallel_executor.executor.parallel:closing loop
[1.163s] DEBUG:colcon.colcon_parallel_executor.executor.parallel:loop closed
[1.163s] DEBUG:colcon.colcon_parallel_executor.executor.parallel:run_until_complete finished with '0'
[1.163s] DEBUG:colcon.colcon_core.event_reactor:joining thread
[1.173s] INFO:colcon.colcon_core.plugin_system:Skipping extension 'colcon_notification.desktop_notification.terminal_notifier': Not used on non-Darwin systems
[1.173s] INFO:colcon.colcon_core.plugin_system:Skipping extension 'colcon_notification.desktop_notification.win32': Not used on non-Windows systems
[1.173s] INFO:colcon.colcon_notification.desktop_notification:Sending desktop notification using 'notify2'
[1.190s] DEBUG:colcon.colcon_core.event_reactor:joined thread
[1.190s] INFO:colcon.colcon_core.shell:Creating prefix script '/home/a/deep-rl-navigation/DRL_robot_navigation_ros2/install/local_setup.ps1'
[1.191s] INFO:colcon.colcon_core.shell:Creating prefix util module '/home/a/deep-rl-navigation/DRL_robot_navigation_ros2/install/_local_setup_util_ps1.py'
[1.193s] INFO:colcon.colcon_core.shell:Creating prefix chain script '/home/a/deep-rl-navigation/DRL_robot_navigation_ros2/install/setup.ps1'
[1.194s] INFO:colcon.colcon_core.shell:Creating prefix script '/home/a/deep-rl-navigation/DRL_robot_navigation_ros2/install/local_setup.sh'
[1.195s] INFO:colcon.colcon_core.shell:Creating prefix util module '/home/a/deep-rl-navigation/DRL_robot_navigation_ros2/install/_local_setup_util_sh.py'
[1.196s] INFO:colcon.colcon_core.shell:Creating prefix chain script '/home/a/deep-rl-navigation/DRL_robot_navigation_ros2/install/setup.sh'
[1.198s] INFO:colcon.colcon_core.shell:Creating prefix script '/home/a/deep-rl-navigation/DRL_robot_navigation_ros2/install/local_setup.bash'
[1.199s] INFO:colcon.colcon_core.shell:Creating prefix chain script '/home/a/deep-rl-navigation/DRL_robot_navigation_ros2/install/setup.bash'
[1.201s] INFO:colcon.colcon_core.shell:Creating prefix script '/home/a/deep-rl-navigation/DRL_robot_navigation_ros2/install/local_setup.zsh'
[1.202s] INFO:colcon.colcon_core.shell:Creating prefix chain script '/home/a/deep-rl-navigation/DRL_robot_navigation_ros2/install/setup.zsh'
