[0.163s] DEBUG:colcon:Command line arguments: ['/usr/bin/colcon', 'build']
[0.163s] DEBUG:colcon:Parsed command line arguments: Namespace(log_base=None, log_level=None, verb_name='build', build_base='build', install_base='install', merge_install=False, symlink_install=False, test_result_base=None, continue_on_error=False, executor='parallel', parallel_workers=8, event_handlers=None, ignore_user_meta=False, metas=['./colcon.meta'], base_paths=['.'], packages_ignore=None, packages_ignore_regex=None, paths=None, packages_up_to=None, packages_up_to_regex=None, packages_above=None, packages_above_and_dependencies=None, packages_above_depth=None, packages_select_by_dep=None, packages_skip_by_dep=None, packages_skip_up_to=None, packages_select_build_failed=False, packages_skip_build_finished=False, packages_select_test_failures=False, packages_skip_test_passed=False, packages_select=None, packages_skip=None, packages_select_regex=None, packages_skip_regex=None, packages_start=None, packages_end=None, allow_overriding=[], cmake_args=None, cmake_target=None, cmake_target_skip_unavailable=False, cmake_clean_cache=False, cmake_clean_first=False, cmake_force_configure=False, ament_cmake_args=None, catkin_cmake_args=None, catkin_skip_building_tests=False, verb_parser=<colcon_defaults.argument_parser.defaults.DefaultArgumentsDecorator object at 0x7894d5b4cb80>, verb_extension=<colcon_core.verb.build.BuildVerb object at 0x7894d5b4c730>, main=<bound method BuildVerb.main of <colcon_core.verb.build.BuildVerb object at 0x7894d5b4c730>>)
[0.435s] Level 1:colcon.colcon_core.package_discovery:discover_packages(colcon_meta) check parameters
[0.435s] Level 1:colcon.colcon_core.package_discovery:discover_packages(recursive) check parameters
[0.435s] Level 1:colcon.colcon_core.package_discovery:discover_packages(ignore) check parameters
[0.435s] Level 1:colcon.colcon_core.package_discovery:discover_packages(path) check parameters
[0.435s] Level 1:colcon.colcon_core.package_discovery:discover_packages(colcon_meta) discover
[0.435s] Level 1:colcon.colcon_core.package_discovery:discover_packages(recursive) discover
[0.435s] INFO:colcon.colcon_core.package_discovery:Crawling recursively for packages in '/home/a/deep-rl-navigation/DRL_robot_navigation_ros2'
[0.435s] Level 1:colcon.colcon_core.package_identification:_identify(.) by extensions ['ignore', 'ignore_ament_install']
[0.435s] Level 1:colcon.colcon_core.package_identification:_identify(.) by extension 'ignore'
[0.435s] Level 1:colcon.colcon_core.package_identification:_identify(.) by extension 'ignore_ament_install'
[0.436s] Level 1:colcon.colcon_core.package_identification:_identify(.) by extensions ['colcon_pkg']
[0.436s] Level 1:colcon.colcon_core.package_identification:_identify(.) by extension 'colcon_pkg'
[0.436s] Level 1:colcon.colcon_core.package_identification:_identify(.) by extensions ['colcon_meta']
[0.436s] Level 1:colcon.colcon_core.package_identification:_identify(.) by extension 'colcon_meta'
[0.436s] Level 1:colcon.colcon_core.package_identification:_identify(.) by extensions ['ros']
[0.436s] Level 1:colcon.colcon_core.package_identification:_identify(.) by extension 'ros'
[0.470s] Level 1:colcon.colcon_core.package_identification:_identify(.) by extensions ['cmake', 'python']
[0.470s] Level 1:colcon.colcon_core.package_identification:_identify(.) by extension 'cmake'
[0.470s] Level 1:colcon.colcon_core.package_identification:_identify(.) by extension 'python'
[0.470s] Level 1:colcon.colcon_core.package_identification:_identify(.) by extensions ['python_setup_py']
[0.470s] Level 1:colcon.colcon_core.package_identification:_identify(.) by extension 'python_setup_py'
[0.471s] Level 1:colcon.colcon_core.package_identification:_identify(DRL_robot_navigation_ros2) by extensions ['ignore', 'ignore_ament_install']
[0.471s] Level 1:colcon.colcon_core.package_identification:_identify(DRL_robot_navigation_ros2) by extension 'ignore'
[0.471s] Level 1:colcon.colcon_core.package_identification:_identify(DRL_robot_navigation_ros2) by extension 'ignore_ament_install'
[0.471s] Level 1:colcon.colcon_core.package_identification:_identify(DRL_robot_navigation_ros2) by extensions ['colcon_pkg']
[0.471s] Level 1:colcon.colcon_core.package_identification:_identify(DRL_robot_navigation_ros2) by extension 'colcon_pkg'
[0.471s] Level 1:colcon.colcon_core.package_identification:_identify(DRL_robot_navigation_ros2) by extensions ['colcon_meta']
[0.471s] Level 1:colcon.colcon_core.package_identification:_identify(DRL_robot_navigation_ros2) by extension 'colcon_meta'
[0.472s] Level 1:colcon.colcon_core.package_identification:_identify(DRL_robot_navigation_ros2) by extensions ['ros']
[0.472s] Level 1:colcon.colcon_core.package_identification:_identify(DRL_robot_navigation_ros2) by extension 'ros'
[0.472s] Level 1:colcon.colcon_core.package_identification:_identify(DRL_robot_navigation_ros2) by extensions ['cmake', 'python']
[0.472s] Level 1:colcon.colcon_core.package_identification:_identify(DRL_robot_navigation_ros2) by extension 'cmake'
[0.472s] Level 1:colcon.colcon_core.package_identification:_identify(DRL_robot_navigation_ros2) by extension 'python'
[0.472s] Level 1:colcon.colcon_core.package_identification:_identify(DRL_robot_navigation_ros2) by extensions ['python_setup_py']
[0.472s] Level 1:colcon.colcon_core.package_identification:_identify(DRL_robot_navigation_ros2) by extension 'python_setup_py'
[0.472s] Level 1:colcon.colcon_core.package_identification:_identify(DRL_robot_navigation_ros2/src) by extensions ['ignore', 'ignore_ament_install']
[0.472s] Level 1:colcon.colcon_core.package_identification:_identify(DRL_robot_navigation_ros2/src) by extension 'ignore'
[0.472s] Level 1:colcon.colcon_core.package_identification:_identify(DRL_robot_navigation_ros2/src) by extension 'ignore_ament_install'
[0.472s] Level 1:colcon.colcon_core.package_identification:_identify(DRL_robot_navigation_ros2/src) by extensions ['colcon_pkg']
[0.472s] Level 1:colcon.colcon_core.package_identification:_identify(DRL_robot_navigation_ros2/src) by extension 'colcon_pkg'
[0.472s] Level 1:colcon.colcon_core.package_identification:_identify(DRL_robot_navigation_ros2/src) by extensions ['colcon_meta']
[0.473s] Level 1:colcon.colcon_core.package_identification:_identify(DRL_robot_navigation_ros2/src) by extension 'colcon_meta'
[0.473s] Level 1:colcon.colcon_core.package_identification:_identify(DRL_robot_navigation_ros2/src) by extensions ['ros']
[0.473s] Level 1:colcon.colcon_core.package_identification:_identify(DRL_robot_navigation_ros2/src) by extension 'ros'
[0.473s] Level 1:colcon.colcon_core.package_identification:_identify(DRL_robot_navigation_ros2/src) by extensions ['cmake', 'python']
[0.473s] Level 1:colcon.colcon_core.package_identification:_identify(DRL_robot_navigation_ros2/src) by extension 'cmake'
[0.473s] Level 1:colcon.colcon_core.package_identification:_identify(DRL_robot_navigation_ros2/src) by extension 'python'
[0.473s] Level 1:colcon.colcon_core.package_identification:_identify(DRL_robot_navigation_ros2/src) by extensions ['python_setup_py']
[0.473s] Level 1:colcon.colcon_core.package_identification:_identify(DRL_robot_navigation_ros2/src) by extension 'python_setup_py'
[0.473s] Level 1:colcon.colcon_core.package_identification:_identify(DRL_robot_navigation_ros2/src/td3) by extensions ['ignore', 'ignore_ament_install']
[0.473s] Level 1:colcon.colcon_core.package_identification:_identify(DRL_robot_navigation_ros2/src/td3) by extension 'ignore'
[0.473s] Level 1:colcon.colcon_core.package_identification:_identify(DRL_robot_navigation_ros2/src/td3) by extension 'ignore_ament_install'
[0.473s] Level 1:colcon.colcon_core.package_identification:_identify(DRL_robot_navigation_ros2/src/td3) by extensions ['colcon_pkg']
[0.474s] Level 1:colcon.colcon_core.package_identification:_identify(DRL_robot_navigation_ros2/src/td3) by extension 'colcon_pkg'
[0.474s] Level 1:colcon.colcon_core.package_identification:_identify(DRL_robot_navigation_ros2/src/td3) by extensions ['colcon_meta']
[0.474s] Level 1:colcon.colcon_core.package_identification:_identify(DRL_robot_navigation_ros2/src/td3) by extension 'colcon_meta'
[0.474s] Level 1:colcon.colcon_core.package_identification:_identify(DRL_robot_navigation_ros2/src/td3) by extensions ['ros']
[0.474s] Level 1:colcon.colcon_core.package_identification:_identify(DRL_robot_navigation_ros2/src/td3) by extension 'ros'
[0.474s] Level 1:colcon.colcon_core.package_identification:_identify(DRL_robot_navigation_ros2/src/td3) by extensions ['cmake', 'python']
[0.474s] Level 1:colcon.colcon_core.package_identification:_identify(DRL_robot_navigation_ros2/src/td3) by extension 'cmake'
[0.474s] Level 1:colcon.colcon_core.package_identification:_identify(DRL_robot_navigation_ros2/src/td3) by extension 'python'
[0.474s] Level 1:colcon.colcon_core.package_identification:_identify(DRL_robot_navigation_ros2/src/td3) by extensions ['python_setup_py']
[0.474s] Level 1:colcon.colcon_core.package_identification:_identify(DRL_robot_navigation_ros2/src/td3) by extension 'python_setup_py'
[0.474s] Level 1:colcon.colcon_core.package_identification:_identify(DRL_robot_navigation_ros2/src/td3/scripts) by extensions ['ignore', 'ignore_ament_install']
[0.474s] Level 1:colcon.colcon_core.package_identification:_identify(DRL_robot_navigation_ros2/src/td3/scripts) by extension 'ignore'
[0.474s] Level 1:colcon.colcon_core.package_identification:_identify(DRL_robot_navigation_ros2/src/td3/scripts) by extension 'ignore_ament_install'
[0.474s] Level 1:colcon.colcon_core.package_identification:_identify(DRL_robot_navigation_ros2/src/td3/scripts) by extensions ['colcon_pkg']
[0.474s] Level 1:colcon.colcon_core.package_identification:_identify(DRL_robot_navigation_ros2/src/td3/scripts) by extension 'colcon_pkg'
[0.475s] Level 1:colcon.colcon_core.package_identification:_identify(DRL_robot_navigation_ros2/src/td3/scripts) by extensions ['colcon_meta']
[0.475s] Level 1:colcon.colcon_core.package_identification:_identify(DRL_robot_navigation_ros2/src/td3/scripts) by extension 'colcon_meta'
[0.475s] Level 1:colcon.colcon_core.package_identification:_identify(DRL_robot_navigation_ros2/src/td3/scripts) by extensions ['ros']
[0.475s] Level 1:colcon.colcon_core.package_identification:_identify(DRL_robot_navigation_ros2/src/td3/scripts) by extension 'ros'
[0.475s] Level 1:colcon.colcon_core.package_identification:_identify(DRL_robot_navigation_ros2/src/td3/scripts) by extensions ['cmake', 'python']
[0.475s] Level 1:colcon.colcon_core.package_identification:_identify(DRL_robot_navigation_ros2/src/td3/scripts) by extension 'cmake'
[0.475s] Level 1:colcon.colcon_core.package_identification:_identify(DRL_robot_navigation_ros2/src/td3/scripts) by extension 'python'
[0.475s] Level 1:colcon.colcon_core.package_identification:_identify(DRL_robot_navigation_ros2/src/td3/scripts) by extensions ['python_setup_py']
[0.475s] Level 1:colcon.colcon_core.package_identification:_identify(DRL_robot_navigation_ros2/src/td3/scripts) by extension 'python_setup_py'
[0.475s] Level 1:colcon.colcon_core.package_identification:_identify(DRL_robot_navigation_ros2/src/td3/scripts/runs) by extensions ['ignore', 'ignore_ament_install']
[0.475s] Level 1:colcon.colcon_core.package_identification:_identify(DRL_robot_navigation_ros2/src/td3/scripts/runs) by extension 'ignore'
[0.476s] Level 1:colcon.colcon_core.package_identification:_identify(DRL_robot_navigation_ros2/src/td3/scripts/runs) by extension 'ignore_ament_install'
[0.476s] Level 1:colcon.colcon_core.package_identification:_identify(DRL_robot_navigation_ros2/src/td3/scripts/runs) by extensions ['colcon_pkg']
[0.476s] Level 1:colcon.colcon_core.package_identification:_identify(DRL_robot_navigation_ros2/src/td3/scripts/runs) by extension 'colcon_pkg'
[0.476s] Level 1:colcon.colcon_core.package_identification:_identify(DRL_robot_navigation_ros2/src/td3/scripts/runs) by extensions ['colcon_meta']
[0.476s] Level 1:colcon.colcon_core.package_identification:_identify(DRL_robot_navigation_ros2/src/td3/scripts/runs) by extension 'colcon_meta'
[0.476s] Level 1:colcon.colcon_core.package_identification:_identify(DRL_robot_navigation_ros2/src/td3/scripts/runs) by extensions ['ros']
[0.476s] Level 1:colcon.colcon_core.package_identification:_identify(DRL_robot_navigation_ros2/src/td3/scripts/runs) by extension 'ros'
[0.476s] Level 1:colcon.colcon_core.package_identification:_identify(DRL_robot_navigation_ros2/src/td3/scripts/runs) by extensions ['cmake', 'python']
[0.476s] Level 1:colcon.colcon_core.package_identification:_identify(DRL_robot_navigation_ros2/src/td3/scripts/runs) by extension 'cmake'
[0.476s] Level 1:colcon.colcon_core.package_identification:_identify(DRL_robot_navigation_ros2/src/td3/scripts/runs) by extension 'python'
[0.476s] Level 1:colcon.colcon_core.package_identification:_identify(DRL_robot_navigation_ros2/src/td3/scripts/runs) by extensions ['python_setup_py']
[0.476s] Level 1:colcon.colcon_core.package_identification:_identify(DRL_robot_navigation_ros2/src/td3/scripts/runs) by extension 'python_setup_py'
[0.476s] Level 1:colcon.colcon_core.package_identification:_identify(build) by extensions ['ignore', 'ignore_ament_install']
[0.476s] Level 1:colcon.colcon_core.package_identification:_identify(build) by extension 'ignore'
[0.476s] Level 1:colcon.colcon_core.package_identification:_identify(build) ignored
[0.477s] Level 1:colcon.colcon_core.package_identification:_identify(install) by extensions ['ignore', 'ignore_ament_install']
[0.477s] Level 1:colcon.colcon_core.package_identification:_identify(install) by extension 'ignore'
[0.477s] Level 1:colcon.colcon_core.package_identification:_identify(install) ignored
[0.477s] Level 1:colcon.colcon_core.package_identification:_identify(log) by extensions ['ignore', 'ignore_ament_install']
[0.477s] Level 1:colcon.colcon_core.package_identification:_identify(log) by extension 'ignore'
[0.477s] Level 1:colcon.colcon_core.package_identification:_identify(log) ignored
[0.477s] Level 1:colcon.colcon_core.package_identification:_identify(pytorch_models) by extensions ['ignore', 'ignore_ament_install']
[0.477s] Level 1:colcon.colcon_core.package_identification:_identify(pytorch_models) by extension 'ignore'
[0.477s] Level 1:colcon.colcon_core.package_identification:_identify(pytorch_models) by extension 'ignore_ament_install'
[0.477s] Level 1:colcon.colcon_core.package_identification:_identify(pytorch_models) by extensions ['colcon_pkg']
[0.477s] Level 1:colcon.colcon_core.package_identification:_identify(pytorch_models) by extension 'colcon_pkg'
[0.477s] Level 1:colcon.colcon_core.package_identification:_identify(pytorch_models) by extensions ['colcon_meta']
[0.477s] Level 1:colcon.colcon_core.package_identification:_identify(pytorch_models) by extension 'colcon_meta'
[0.478s] Level 1:colcon.colcon_core.package_identification:_identify(pytorch_models) by extensions ['ros']
[0.478s] Level 1:colcon.colcon_core.package_identification:_identify(pytorch_models) by extension 'ros'
[0.478s] Level 1:colcon.colcon_core.package_identification:_identify(pytorch_models) by extensions ['cmake', 'python']
[0.478s] Level 1:colcon.colcon_core.package_identification:_identify(pytorch_models) by extension 'cmake'
[0.478s] Level 1:colcon.colcon_core.package_identification:_identify(pytorch_models) by extension 'python'
[0.478s] Level 1:colcon.colcon_core.package_identification:_identify(pytorch_models) by extensions ['python_setup_py']
[0.478s] Level 1:colcon.colcon_core.package_identification:_identify(pytorch_models) by extension 'python_setup_py'
[0.478s] Level 1:colcon.colcon_core.package_identification:_identify(results) by extensions ['ignore', 'ignore_ament_install']
[0.478s] Level 1:colcon.colcon_core.package_identification:_identify(results) by extension 'ignore'
[0.478s] Level 1:colcon.colcon_core.package_identification:_identify(results) by extension 'ignore_ament_install'
[0.478s] Level 1:colcon.colcon_core.package_identification:_identify(results) by extensions ['colcon_pkg']
[0.478s] Level 1:colcon.colcon_core.package_identification:_identify(results) by extension 'colcon_pkg'
[0.478s] Level 1:colcon.colcon_core.package_identification:_identify(results) by extensions ['colcon_meta']
[0.478s] Level 1:colcon.colcon_core.package_identification:_identify(results) by extension 'colcon_meta'
[0.478s] Level 1:colcon.colcon_core.package_identification:_identify(results) by extensions ['ros']
[0.478s] Level 1:colcon.colcon_core.package_identification:_identify(results) by extension 'ros'
[0.478s] Level 1:colcon.colcon_core.package_identification:_identify(results) by extensions ['cmake', 'python']
[0.478s] Level 1:colcon.colcon_core.package_identification:_identify(results) by extension 'cmake'
[0.478s] Level 1:colcon.colcon_core.package_identification:_identify(results) by extension 'python'
[0.479s] Level 1:colcon.colcon_core.package_identification:_identify(results) by extensions ['python_setup_py']
[0.479s] Level 1:colcon.colcon_core.package_identification:_identify(results) by extension 'python_setup_py'
[0.479s] Level 1:colcon.colcon_core.package_identification:_identify(src) by extensions ['ignore', 'ignore_ament_install']
[0.479s] Level 1:colcon.colcon_core.package_identification:_identify(src) by extension 'ignore'
[0.479s] Level 1:colcon.colcon_core.package_identification:_identify(src) by extension 'ignore_ament_install'
[0.479s] Level 1:colcon.colcon_core.package_identification:_identify(src) by extensions ['colcon_pkg']
[0.479s] Level 1:colcon.colcon_core.package_identification:_identify(src) by extension 'colcon_pkg'
[0.479s] Level 1:colcon.colcon_core.package_identification:_identify(src) by extensions ['colcon_meta']
[0.479s] Level 1:colcon.colcon_core.package_identification:_identify(src) by extension 'colcon_meta'
[0.479s] Level 1:colcon.colcon_core.package_identification:_identify(src) by extensions ['ros']
[0.479s] Level 1:colcon.colcon_core.package_identification:_identify(src) by extension 'ros'
[0.479s] Level 1:colcon.colcon_core.package_identification:_identify(src) by extensions ['cmake', 'python']
[0.479s] Level 1:colcon.colcon_core.package_identification:_identify(src) by extension 'cmake'
[0.479s] Level 1:colcon.colcon_core.package_identification:_identify(src) by extension 'python'
[0.479s] Level 1:colcon.colcon_core.package_identification:_identify(src) by extensions ['python_setup_py']
[0.479s] Level 1:colcon.colcon_core.package_identification:_identify(src) by extension 'python_setup_py'
[0.480s] Level 1:colcon.colcon_core.package_identification:_identify(src/td3) by extensions ['ignore', 'ignore_ament_install']
[0.480s] Level 1:colcon.colcon_core.package_identification:_identify(src/td3) by extension 'ignore'
[0.480s] Level 1:colcon.colcon_core.package_identification:_identify(src/td3) by extension 'ignore_ament_install'
[0.480s] Level 1:colcon.colcon_core.package_identification:_identify(src/td3) by extensions ['colcon_pkg']
[0.480s] Level 1:colcon.colcon_core.package_identification:_identify(src/td3) by extension 'colcon_pkg'
[0.480s] Level 1:colcon.colcon_core.package_identification:_identify(src/td3) by extensions ['colcon_meta']
[0.480s] Level 1:colcon.colcon_core.package_identification:_identify(src/td3) by extension 'colcon_meta'
[0.480s] Level 1:colcon.colcon_core.package_identification:_identify(src/td3) by extensions ['ros']
[0.480s] Level 1:colcon.colcon_core.package_identification:_identify(src/td3) by extension 'ros'
[0.484s] DEBUG:colcon.colcon_core.package_identification:Package 'src/td3' with type 'ros.ament_cmake' and name 'td3'
[0.484s] Level 1:colcon.colcon_core.package_identification:_identify(src/velodyne_simulator) by extensions ['ignore', 'ignore_ament_install']
[0.484s] Level 1:colcon.colcon_core.package_identification:_identify(src/velodyne_simulator) by extension 'ignore'
[0.484s] Level 1:colcon.colcon_core.package_identification:_identify(src/velodyne_simulator) by extension 'ignore_ament_install'
[0.484s] Level 1:colcon.colcon_core.package_identification:_identify(src/velodyne_simulator) by extensions ['colcon_pkg']
[0.484s] Level 1:colcon.colcon_core.package_identification:_identify(src/velodyne_simulator) by extension 'colcon_pkg'
[0.484s] Level 1:colcon.colcon_core.package_identification:_identify(src/velodyne_simulator) by extensions ['colcon_meta']
[0.484s] Level 1:colcon.colcon_core.package_identification:_identify(src/velodyne_simulator) by extension 'colcon_meta'
[0.485s] Level 1:colcon.colcon_core.package_identification:_identify(src/velodyne_simulator) by extensions ['ros']
[0.485s] Level 1:colcon.colcon_core.package_identification:_identify(src/velodyne_simulator) by extension 'ros'
[0.485s] Level 1:colcon.colcon_core.package_identification:_identify(src/velodyne_simulator) by extensions ['cmake', 'python']
[0.485s] Level 1:colcon.colcon_core.package_identification:_identify(src/velodyne_simulator) by extension 'cmake'
[0.485s] Level 1:colcon.colcon_core.package_identification:_identify(src/velodyne_simulator) by extension 'python'
[0.485s] Level 1:colcon.colcon_core.package_identification:_identify(src/velodyne_simulator) by extensions ['python_setup_py']
[0.485s] Level 1:colcon.colcon_core.package_identification:_identify(src/velodyne_simulator) by extension 'python_setup_py'
[0.485s] Level 1:colcon.colcon_core.package_identification:_identify(src/velodyne_simulator/img) by extensions ['ignore', 'ignore_ament_install']
[0.485s] Level 1:colcon.colcon_core.package_identification:_identify(src/velodyne_simulator/img) by extension 'ignore'
[0.485s] Level 1:colcon.colcon_core.package_identification:_identify(src/velodyne_simulator/img) by extension 'ignore_ament_install'
[0.485s] Level 1:colcon.colcon_core.package_identification:_identify(src/velodyne_simulator/img) by extensions ['colcon_pkg']
[0.485s] Level 1:colcon.colcon_core.package_identification:_identify(src/velodyne_simulator/img) by extension 'colcon_pkg'
[0.486s] Level 1:colcon.colcon_core.package_identification:_identify(src/velodyne_simulator/img) by extensions ['colcon_meta']
[0.486s] Level 1:colcon.colcon_core.package_identification:_identify(src/velodyne_simulator/img) by extension 'colcon_meta'
[0.486s] Level 1:colcon.colcon_core.package_identification:_identify(src/velodyne_simulator/img) by extensions ['ros']
[0.486s] Level 1:colcon.colcon_core.package_identification:_identify(src/velodyne_simulator/img) by extension 'ros'
[0.486s] Level 1:colcon.colcon_core.package_identification:_identify(src/velodyne_simulator/img) by extensions ['cmake', 'python']
[0.486s] Level 1:colcon.colcon_core.package_identification:_identify(src/velodyne_simulator/img) by extension 'cmake'
[0.486s] Level 1:colcon.colcon_core.package_identification:_identify(src/velodyne_simulator/img) by extension 'python'
[0.486s] Level 1:colcon.colcon_core.package_identification:_identify(src/velodyne_simulator/img) by extensions ['python_setup_py']
[0.486s] Level 1:colcon.colcon_core.package_identification:_identify(src/velodyne_simulator/img) by extension 'python_setup_py'
[0.486s] Level 1:colcon.colcon_core.package_identification:_identify(src/velodyne_simulator/velodyne_description) by extensions ['ignore', 'ignore_ament_install']
[0.486s] Level 1:colcon.colcon_core.package_identification:_identify(src/velodyne_simulator/velodyne_description) by extension 'ignore'
[0.487s] Level 1:colcon.colcon_core.package_identification:_identify(src/velodyne_simulator/velodyne_description) by extension 'ignore_ament_install'
[0.487s] Level 1:colcon.colcon_core.package_identification:_identify(src/velodyne_simulator/velodyne_description) by extensions ['colcon_pkg']
[0.487s] Level 1:colcon.colcon_core.package_identification:_identify(src/velodyne_simulator/velodyne_description) by extension 'colcon_pkg'
[0.487s] Level 1:colcon.colcon_core.package_identification:_identify(src/velodyne_simulator/velodyne_description) by extensions ['colcon_meta']
[0.487s] Level 1:colcon.colcon_core.package_identification:_identify(src/velodyne_simulator/velodyne_description) by extension 'colcon_meta'
[0.487s] Level 1:colcon.colcon_core.package_identification:_identify(src/velodyne_simulator/velodyne_description) by extensions ['ros']
[0.487s] Level 1:colcon.colcon_core.package_identification:_identify(src/velodyne_simulator/velodyne_description) by extension 'ros'
[0.488s] DEBUG:colcon.colcon_core.package_identification:Package 'src/velodyne_simulator/velodyne_description' with type 'ros.ament_cmake' and name 'velodyne_description'
[0.488s] Level 1:colcon.colcon_core.package_identification:_identify(src/velodyne_simulator/velodyne_gazebo_plugins) by extensions ['ignore', 'ignore_ament_install']
[0.489s] Level 1:colcon.colcon_core.package_identification:_identify(src/velodyne_simulator/velodyne_gazebo_plugins) by extension 'ignore'
[0.489s] Level 1:colcon.colcon_core.package_identification:_identify(src/velodyne_simulator/velodyne_gazebo_plugins) by extension 'ignore_ament_install'
[0.489s] Level 1:colcon.colcon_core.package_identification:_identify(src/velodyne_simulator/velodyne_gazebo_plugins) by extensions ['colcon_pkg']
[0.489s] Level 1:colcon.colcon_core.package_identification:_identify(src/velodyne_simulator/velodyne_gazebo_plugins) by extension 'colcon_pkg'
[0.489s] Level 1:colcon.colcon_core.package_identification:_identify(src/velodyne_simulator/velodyne_gazebo_plugins) by extensions ['colcon_meta']
[0.489s] Level 1:colcon.colcon_core.package_identification:_identify(src/velodyne_simulator/velodyne_gazebo_plugins) by extension 'colcon_meta'
[0.489s] Level 1:colcon.colcon_core.package_identification:_identify(src/velodyne_simulator/velodyne_gazebo_plugins) by extensions ['ros']
[0.489s] Level 1:colcon.colcon_core.package_identification:_identify(src/velodyne_simulator/velodyne_gazebo_plugins) by extension 'ros'
[0.490s] DEBUG:colcon.colcon_core.package_identification:Package 'src/velodyne_simulator/velodyne_gazebo_plugins' with type 'ros.ament_cmake' and name 'velodyne_gazebo_plugins'
[0.490s] Level 1:colcon.colcon_core.package_identification:_identify(src/velodyne_simulator/velodyne_simulator) by extensions ['ignore', 'ignore_ament_install']
[0.490s] Level 1:colcon.colcon_core.package_identification:_identify(src/velodyne_simulator/velodyne_simulator) by extension 'ignore'
[0.490s] Level 1:colcon.colcon_core.package_identification:_identify(src/velodyne_simulator/velodyne_simulator) by extension 'ignore_ament_install'
[0.490s] Level 1:colcon.colcon_core.package_identification:_identify(src/velodyne_simulator/velodyne_simulator) by extensions ['colcon_pkg']
[0.490s] Level 1:colcon.colcon_core.package_identification:_identify(src/velodyne_simulator/velodyne_simulator) by extension 'colcon_pkg'
[0.491s] Level 1:colcon.colcon_core.package_identification:_identify(src/velodyne_simulator/velodyne_simulator) by extensions ['colcon_meta']
[0.491s] Level 1:colcon.colcon_core.package_identification:_identify(src/velodyne_simulator/velodyne_simulator) by extension 'colcon_meta'
[0.491s] Level 1:colcon.colcon_core.package_identification:_identify(src/velodyne_simulator/velodyne_simulator) by extensions ['ros']
[0.491s] Level 1:colcon.colcon_core.package_identification:_identify(src/velodyne_simulator/velodyne_simulator) by extension 'ros'
[0.492s] DEBUG:colcon.colcon_core.package_identification:Package 'src/velodyne_simulator/velodyne_simulator' with type 'ros.ament_cmake' and name 'velodyne_simulator'
[0.492s] Level 1:colcon.colcon_core.package_discovery:discover_packages(recursive) using defaults
[0.492s] Level 1:colcon.colcon_core.package_discovery:discover_packages(ignore) discover
[0.492s] Level 1:colcon.colcon_core.package_discovery:discover_packages(ignore) using defaults
[0.492s] Level 1:colcon.colcon_core.package_discovery:discover_packages(path) discover
[0.492s] Level 1:colcon.colcon_core.package_discovery:discover_packages(path) using defaults
[0.520s] Level 1:colcon.colcon_core.package_discovery:discover_packages(prefix_path) check parameters
[0.520s] Level 1:colcon.colcon_core.package_discovery:discover_packages(prefix_path) discover
[0.523s] DEBUG:colcon.colcon_installed_package_information.package_discovery:Found 4 installed packages in /home/a/deep-rl-navigation/DRL_robot_navigation_ros2/install
[0.525s] DEBUG:colcon.colcon_installed_package_information.package_discovery:Found 278 installed packages in /opt/ros/humble
[0.528s] Level 1:colcon.colcon_core.package_discovery:discover_packages(prefix_path) using defaults
[0.585s] Level 5:colcon.colcon_core.verb:set package 'td3' build argument 'cmake_args' from command line to 'None'
[0.585s] Level 5:colcon.colcon_core.verb:set package 'td3' build argument 'cmake_target' from command line to 'None'
[0.585s] Level 5:colcon.colcon_core.verb:set package 'td3' build argument 'cmake_target_skip_unavailable' from command line to 'False'
[0.585s] Level 5:colcon.colcon_core.verb:set package 'td3' build argument 'cmake_clean_cache' from command line to 'False'
[0.585s] Level 5:colcon.colcon_core.verb:set package 'td3' build argument 'cmake_clean_first' from command line to 'False'
[0.585s] Level 5:colcon.colcon_core.verb:set package 'td3' build argument 'cmake_force_configure' from command line to 'False'
[0.585s] Level 5:colcon.colcon_core.verb:set package 'td3' build argument 'ament_cmake_args' from command line to 'None'
[0.585s] Level 5:colcon.colcon_core.verb:set package 'td3' build argument 'catkin_cmake_args' from command line to 'None'
[0.585s] Level 5:colcon.colcon_core.verb:set package 'td3' build argument 'catkin_skip_building_tests' from command line to 'False'
[0.585s] DEBUG:colcon.colcon_core.verb:Building package 'td3' with the following arguments: {'ament_cmake_args': None, 'build_base': '/home/a/deep-rl-navigation/DRL_robot_navigation_ros2/build/td3', 'catkin_cmake_args': None, 'catkin_skip_building_tests': False, 'cmake_args': None, 'cmake_clean_cache': False, 'cmake_clean_first': False, 'cmake_force_configure': False, 'cmake_target': None, 'cmake_target_skip_unavailable': False, 'install_base': '/home/a/deep-rl-navigation/DRL_robot_navigation_ros2/install/td3', 'merge_install': False, 'path': '/home/a/deep-rl-navigation/DRL_robot_navigation_ros2/src/td3', 'symlink_install': False, 'test_result_base': None}
[0.586s] Level 5:colcon.colcon_core.verb:set package 'velodyne_description' build argument 'cmake_args' from command line to 'None'
[0.586s] Level 5:colcon.colcon_core.verb:set package 'velodyne_description' build argument 'cmake_target' from command line to 'None'
[0.586s] Level 5:colcon.colcon_core.verb:set package 'velodyne_description' build argument 'cmake_target_skip_unavailable' from command line to 'False'
[0.586s] Level 5:colcon.colcon_core.verb:set package 'velodyne_description' build argument 'cmake_clean_cache' from command line to 'False'
[0.586s] Level 5:colcon.colcon_core.verb:set package 'velodyne_description' build argument 'cmake_clean_first' from command line to 'False'
[0.586s] Level 5:colcon.colcon_core.verb:set package 'velodyne_description' build argument 'cmake_force_configure' from command line to 'False'
[0.586s] Level 5:colcon.colcon_core.verb:set package 'velodyne_description' build argument 'ament_cmake_args' from command line to 'None'
[0.586s] Level 5:colcon.colcon_core.verb:set package 'velodyne_description' build argument 'catkin_cmake_args' from command line to 'None'
[0.586s] Level 5:colcon.colcon_core.verb:set package 'velodyne_description' build argument 'catkin_skip_building_tests' from command line to 'False'
[0.586s] DEBUG:colcon.colcon_core.verb:Building package 'velodyne_description' with the following arguments: {'ament_cmake_args': None, 'build_base': '/home/a/deep-rl-navigation/DRL_robot_navigation_ros2/build/velodyne_description', 'catkin_cmake_args': None, 'catkin_skip_building_tests': False, 'cmake_args': None, 'cmake_clean_cache': False, 'cmake_clean_first': False, 'cmake_force_configure': False, 'cmake_target': None, 'cmake_target_skip_unavailable': False, 'install_base': '/home/a/deep-rl-navigation/DRL_robot_navigation_ros2/install/velodyne_description', 'merge_install': False, 'path': '/home/a/deep-rl-navigation/DRL_robot_navigation_ros2/src/velodyne_simulator/velodyne_description', 'symlink_install': False, 'test_result_base': None}
[0.586s] Level 5:colcon.colcon_core.verb:set package 'velodyne_gazebo_plugins' build argument 'cmake_args' from command line to 'None'
[0.587s] Level 5:colcon.colcon_core.verb:set package 'velodyne_gazebo_plugins' build argument 'cmake_target' from command line to 'None'
[0.587s] Level 5:colcon.colcon_core.verb:set package 'velodyne_gazebo_plugins' build argument 'cmake_target_skip_unavailable' from command line to 'False'
[0.587s] Level 5:colcon.colcon_core.verb:set package 'velodyne_gazebo_plugins' build argument 'cmake_clean_cache' from command line to 'False'
[0.587s] Level 5:colcon.colcon_core.verb:set package 'velodyne_gazebo_plugins' build argument 'cmake_clean_first' from command line to 'False'
[0.587s] Level 5:colcon.colcon_core.verb:set package 'velodyne_gazebo_plugins' build argument 'cmake_force_configure' from command line to 'False'
[0.587s] Level 5:colcon.colcon_core.verb:set package 'velodyne_gazebo_plugins' build argument 'ament_cmake_args' from command line to 'None'
[0.587s] Level 5:colcon.colcon_core.verb:set package 'velodyne_gazebo_plugins' build argument 'catkin_cmake_args' from command line to 'None'
[0.587s] Level 5:colcon.colcon_core.verb:set package 'velodyne_gazebo_plugins' build argument 'catkin_skip_building_tests' from command line to 'False'
[0.587s] DEBUG:colcon.colcon_core.verb:Building package 'velodyne_gazebo_plugins' with the following arguments: {'ament_cmake_args': None, 'build_base': '/home/a/deep-rl-navigation/DRL_robot_navigation_ros2/build/velodyne_gazebo_plugins', 'catkin_cmake_args': None, 'catkin_skip_building_tests': False, 'cmake_args': None, 'cmake_clean_cache': False, 'cmake_clean_first': False, 'cmake_force_configure': False, 'cmake_target': None, 'cmake_target_skip_unavailable': False, 'install_base': '/home/a/deep-rl-navigation/DRL_robot_navigation_ros2/install/velodyne_gazebo_plugins', 'merge_install': False, 'path': '/home/a/deep-rl-navigation/DRL_robot_navigation_ros2/src/velodyne_simulator/velodyne_gazebo_plugins', 'symlink_install': False, 'test_result_base': None}
[0.587s] Level 5:colcon.colcon_core.verb:set package 'velodyne_simulator' build argument 'cmake_args' from command line to 'None'
[0.587s] Level 5:colcon.colcon_core.verb:set package 'velodyne_simulator' build argument 'cmake_target' from command line to 'None'
[0.587s] Level 5:colcon.colcon_core.verb:set package 'velodyne_simulator' build argument 'cmake_target_skip_unavailable' from command line to 'False'
[0.587s] Level 5:colcon.colcon_core.verb:set package 'velodyne_simulator' build argument 'cmake_clean_cache' from command line to 'False'
[0.587s] Level 5:colcon.colcon_core.verb:set package 'velodyne_simulator' build argument 'cmake_clean_first' from command line to 'False'
[0.587s] Level 5:colcon.colcon_core.verb:set package 'velodyne_simulator' build argument 'cmake_force_configure' from command line to 'False'
[0.588s] Level 5:colcon.colcon_core.verb:set package 'velodyne_simulator' build argument 'ament_cmake_args' from command line to 'None'
[0.588s] Level 5:colcon.colcon_core.verb:set package 'velodyne_simulator' build argument 'catkin_cmake_args' from command line to 'None'
[0.588s] Level 5:colcon.colcon_core.verb:set package 'velodyne_simulator' build argument 'catkin_skip_building_tests' from command line to 'False'
[0.588s] DEBUG:colcon.colcon_core.verb:Building package 'velodyne_simulator' with the following arguments: {'ament_cmake_args': None, 'build_base': '/home/a/deep-rl-navigation/DRL_robot_navigation_ros2/build/velodyne_simulator', 'catkin_cmake_args': None, 'catkin_skip_building_tests': False, 'cmake_args': None, 'cmake_clean_cache': False, 'cmake_clean_first': False, 'cmake_force_configure': False, 'cmake_target': None, 'cmake_target_skip_unavailable': False, 'install_base': '/home/a/deep-rl-navigation/DRL_robot_navigation_ros2/install/velodyne_simulator', 'merge_install': False, 'path': '/home/a/deep-rl-navigation/DRL_robot_navigation_ros2/src/velodyne_simulator/velodyne_simulator', 'symlink_install': False, 'test_result_base': None}
[0.588s] INFO:colcon.colcon_core.executor:Executing jobs using 'parallel' executor
[0.589s] DEBUG:colcon.colcon_parallel_executor.executor.parallel:run_until_complete
[0.590s] INFO:colcon.colcon_ros.task.ament_cmake.build:Building ROS package in '/home/a/deep-rl-navigation/DRL_robot_navigation_ros2/src/velodyne_simulator/velodyne_description' with build type 'ament_cmake'
[0.590s] INFO:colcon.colcon_cmake.task.cmake.build:Building CMake package in '/home/a/deep-rl-navigation/DRL_robot_navigation_ros2/src/velodyne_simulator/velodyne_description'
[0.593s] INFO:colcon.colcon_core.plugin_system:Skipping extension 'colcon_core.shell.bat': Not used on non-Windows systems
[0.593s] INFO:colcon.colcon_core.shell:Skip shell extension 'powershell' for command environment: Not usable outside of PowerShell
[0.594s] DEBUG:colcon.colcon_core.shell:Skip shell extension 'dsv' for command environment
[0.599s] INFO:colcon.colcon_ros.task.ament_cmake.build:Building ROS package in '/home/a/deep-rl-navigation/DRL_robot_navigation_ros2/src/velodyne_simulator/velodyne_gazebo_plugins' with build type 'ament_cmake'
[0.599s] INFO:colcon.colcon_cmake.task.cmake.build:Building CMake package in '/home/a/deep-rl-navigation/DRL_robot_navigation_ros2/src/velodyne_simulator/velodyne_gazebo_plugins'
[0.600s] INFO:colcon.colcon_core.shell:Skip shell extension 'powershell' for command environment: Not usable outside of PowerShell
[0.600s] DEBUG:colcon.colcon_core.shell:Skip shell extension 'dsv' for command environment
[0.606s] INFO:colcon.colcon_ros.task.ament_cmake.build:Building ROS package in '/home/a/deep-rl-navigation/DRL_robot_navigation_ros2/src/td3' with build type 'ament_cmake'
[0.606s] INFO:colcon.colcon_cmake.task.cmake.build:Building CMake package in '/home/a/deep-rl-navigation/DRL_robot_navigation_ros2/src/td3'
[0.607s] INFO:colcon.colcon_core.shell:Skip shell extension 'powershell' for command environment: Not usable outside of PowerShell
[0.607s] DEBUG:colcon.colcon_core.shell:Skip shell extension 'dsv' for command environment
[0.625s] DEBUG:colcon.colcon_core.event_handler.log_command:Invoking command in '/home/a/deep-rl-navigation/DRL_robot_navigation_ros2/build/velodyne_description': CMAKE_PREFIX_PATH=${CMAKE_PREFIX_PATH}:/opt/ros/humble /usr/bin/cmake --build /home/a/deep-rl-navigation/DRL_robot_navigation_ros2/build/velodyne_description -- -j8 -l8
[0.634s] DEBUG:colcon.colcon_core.event_handler.log_command:Invoking command in '/home/a/deep-rl-navigation/DRL_robot_navigation_ros2/build/velodyne_gazebo_plugins': CMAKE_PREFIX_PATH=${CMAKE_PREFIX_PATH}:/opt/ros/humble /usr/bin/cmake --build /home/a/deep-rl-navigation/DRL_robot_navigation_ros2/build/velodyne_gazebo_plugins -- -j8 -l8
[0.641s] DEBUG:colcon.colcon_core.event_handler.log_command:Invoking command in '/home/a/deep-rl-navigation/DRL_robot_navigation_ros2/build/td3': CMAKE_PREFIX_PATH=${CMAKE_PREFIX_PATH}:/opt/ros/humble /usr/bin/cmake --build /home/a/deep-rl-navigation/DRL_robot_navigation_ros2/build/td3 -- -j8 -l8
[0.709s] DEBUG:colcon.colcon_core.event_handler.log_command:Invoked command in '/home/a/deep-rl-navigation/DRL_robot_navigation_ros2/build/velodyne_description' returned '0': CMAKE_PREFIX_PATH=${CMAKE_PREFIX_PATH}:/opt/ros/humble /usr/bin/cmake --build /home/a/deep-rl-navigation/DRL_robot_navigation_ros2/build/velodyne_description -- -j8 -l8
[0.727s] DEBUG:colcon.colcon_core.event_handler.log_command:Invoked command in '/home/a/deep-rl-navigation/DRL_robot_navigation_ros2/build/td3' returned '0': CMAKE_PREFIX_PATH=${CMAKE_PREFIX_PATH}:/opt/ros/humble /usr/bin/cmake --build /home/a/deep-rl-navigation/DRL_robot_navigation_ros2/build/td3 -- -j8 -l8
[0.786s] DEBUG:colcon.colcon_core.event_handler.log_command:Invoking command in '/home/a/deep-rl-navigation/DRL_robot_navigation_ros2/build/velodyne_description': CMAKE_PREFIX_PATH=${CMAKE_PREFIX_PATH}:/opt/ros/humble /usr/bin/cmake --install /home/a/deep-rl-navigation/DRL_robot_navigation_ros2/build/velodyne_description
[0.789s] DEBUG:colcon.colcon_core.event_handler.log_command:Invoking command in '/home/a/deep-rl-navigation/DRL_robot_navigation_ros2/build/td3': CMAKE_PREFIX_PATH=${CMAKE_PREFIX_PATH}:/opt/ros/humble /usr/bin/cmake --install /home/a/deep-rl-navigation/DRL_robot_navigation_ros2/build/td3
[0.801s] DEBUG:colcon.colcon_core.event_handler.log_command:Invoked command in '/home/a/deep-rl-navigation/DRL_robot_navigation_ros2/build/velodyne_gazebo_plugins' returned '0': CMAKE_PREFIX_PATH=${CMAKE_PREFIX_PATH}:/opt/ros/humble /usr/bin/cmake --build /home/a/deep-rl-navigation/DRL_robot_navigation_ros2/build/velodyne_gazebo_plugins -- -j8 -l8
[0.827s] Level 1:colcon.colcon_core.environment:create_environment_scripts_only(velodyne_description)
[0.844s] Level 1:colcon.colcon_core.environment:checking '/home/a/deep-rl-navigation/DRL_robot_navigation_ros2/install/velodyne_description' for CMake module files
[0.850s] Level 1:colcon.colcon_core.environment:checking '/home/a/deep-rl-navigation/DRL_robot_navigation_ros2/install/velodyne_description' for CMake config files
[0.851s] Level 1:colcon.colcon_core.shell:create_environment_hook('velodyne_description', 'cmake_prefix_path')
[0.852s] INFO:colcon.colcon_core.shell:Creating environment hook '/home/a/deep-rl-navigation/DRL_robot_navigation_ros2/install/velodyne_description/share/velodyne_description/hook/cmake_prefix_path.ps1'
[0.854s] INFO:colcon.colcon_core.shell:Creating environment descriptor '/home/a/deep-rl-navigation/DRL_robot_navigation_ros2/install/velodyne_description/share/velodyne_description/hook/cmake_prefix_path.dsv'
[0.857s] INFO:colcon.colcon_core.shell:Creating environment hook '/home/a/deep-rl-navigation/DRL_robot_navigation_ros2/install/velodyne_description/share/velodyne_description/hook/cmake_prefix_path.sh'
[0.862s] Level 1:colcon.colcon_core.environment:checking '/home/a/deep-rl-navigation/DRL_robot_navigation_ros2/install/velodyne_description/bin'
[0.862s] Level 1:colcon.colcon_core.environment:checking '/home/a/deep-rl-navigation/DRL_robot_navigation_ros2/install/velodyne_description/lib/pkgconfig/velodyne_description.pc'
[0.863s] Level 1:colcon.colcon_core.environment:checking '/home/a/deep-rl-navigation/DRL_robot_navigation_ros2/install/velodyne_description/lib/python3.10/site-packages'
[0.863s] Level 1:colcon.colcon_core.environment:checking '/home/a/deep-rl-navigation/DRL_robot_navigation_ros2/install/velodyne_description/bin'
[0.864s] INFO:colcon.colcon_core.shell:Creating package script '/home/a/deep-rl-navigation/DRL_robot_navigation_ros2/install/velodyne_description/share/velodyne_description/package.ps1'
[0.868s] INFO:colcon.colcon_core.shell:Creating package descriptor '/home/a/deep-rl-navigation/DRL_robot_navigation_ros2/install/velodyne_description/share/velodyne_description/package.dsv'
[0.874s] INFO:colcon.colcon_core.shell:Creating package script '/home/a/deep-rl-navigation/DRL_robot_navigation_ros2/install/velodyne_description/share/velodyne_description/package.sh'
[0.879s] INFO:colcon.colcon_core.shell:Creating package script '/home/a/deep-rl-navigation/DRL_robot_navigation_ros2/install/velodyne_description/share/velodyne_description/package.bash'
[0.882s] INFO:colcon.colcon_core.shell:Creating package script '/home/a/deep-rl-navigation/DRL_robot_navigation_ros2/install/velodyne_description/share/velodyne_description/package.zsh'
[0.889s] Level 1:colcon.colcon_core.environment:create_file_with_runtime_dependencies(/home/a/deep-rl-navigation/DRL_robot_navigation_ros2/install/velodyne_description/share/colcon-core/packages/velodyne_description)
[0.899s] DEBUG:colcon.colcon_core.event_handler.log_command:Invoked command in '/home/a/deep-rl-navigation/DRL_robot_navigation_ros2/build/velodyne_description' returned '0': CMAKE_PREFIX_PATH=${CMAKE_PREFIX_PATH}:/opt/ros/humble /usr/bin/cmake --install /home/a/deep-rl-navigation/DRL_robot_navigation_ros2/build/velodyne_description
[0.911s] Level 1:colcon.colcon_core.environment:create_environment_scripts_only(td3)
[0.913s] Level 1:colcon.colcon_core.environment:checking '/home/a/deep-rl-navigation/DRL_robot_navigation_ros2/install/td3' for CMake module files
[0.922s] Level 1:colcon.colcon_core.environment:checking '/home/a/deep-rl-navigation/DRL_robot_navigation_ros2/install/td3' for CMake config files
[0.925s] Level 1:colcon.colcon_core.shell:create_environment_hook('td3', 'cmake_prefix_path')
[0.926s] INFO:colcon.colcon_core.shell:Creating environment hook '/home/a/deep-rl-navigation/DRL_robot_navigation_ros2/install/td3/share/td3/hook/cmake_prefix_path.ps1'
[0.928s] INFO:colcon.colcon_core.shell:Creating environment descriptor '/home/a/deep-rl-navigation/DRL_robot_navigation_ros2/install/td3/share/td3/hook/cmake_prefix_path.dsv'
[0.934s] INFO:colcon.colcon_core.shell:Creating environment hook '/home/a/deep-rl-navigation/DRL_robot_navigation_ros2/install/td3/share/td3/hook/cmake_prefix_path.sh'
[0.937s] DEBUG:colcon.colcon_core.event_handler.log_command:Invoking command in '/home/a/deep-rl-navigation/DRL_robot_navigation_ros2/build/velodyne_gazebo_plugins': CMAKE_PREFIX_PATH=${CMAKE_PREFIX_PATH}:/opt/ros/humble /usr/bin/cmake --install /home/a/deep-rl-navigation/DRL_robot_navigation_ros2/build/velodyne_gazebo_plugins
[0.938s] DEBUG:colcon.colcon_core.event_handler.log_command:Invoked command in '/home/a/deep-rl-navigation/DRL_robot_navigation_ros2/build/td3' returned '0': CMAKE_PREFIX_PATH=${CMAKE_PREFIX_PATH}:/opt/ros/humble /usr/bin/cmake --install /home/a/deep-rl-navigation/DRL_robot_navigation_ros2/build/td3
[0.941s] Level 1:colcon.colcon_core.environment:checking '/home/a/deep-rl-navigation/DRL_robot_navigation_ros2/install/td3/lib'
[0.942s] Level 1:colcon.colcon_core.environment:checking '/home/a/deep-rl-navigation/DRL_robot_navigation_ros2/install/td3/bin'
[0.942s] Level 1:colcon.colcon_core.environment:checking '/home/a/deep-rl-navigation/DRL_robot_navigation_ros2/install/td3/lib/pkgconfig/td3.pc'
[0.942s] Level 1:colcon.colcon_core.environment:checking '/home/a/deep-rl-navigation/DRL_robot_navigation_ros2/install/td3/lib/python3.10/site-packages'
[0.942s] Level 1:colcon.colcon_core.environment:checking '/home/a/deep-rl-navigation/DRL_robot_navigation_ros2/install/td3/bin'
[0.943s] INFO:colcon.colcon_core.shell:Creating package script '/home/a/deep-rl-navigation/DRL_robot_navigation_ros2/install/td3/share/td3/package.ps1'
[0.947s] INFO:colcon.colcon_core.shell:Creating package descriptor '/home/a/deep-rl-navigation/DRL_robot_navigation_ros2/install/td3/share/td3/package.dsv'
[0.948s] INFO:colcon.colcon_core.shell:Creating package script '/home/a/deep-rl-navigation/DRL_robot_navigation_ros2/install/td3/share/td3/package.sh'
[0.949s] INFO:colcon.colcon_core.shell:Creating package script '/home/a/deep-rl-navigation/DRL_robot_navigation_ros2/install/td3/share/td3/package.bash'
[0.950s] INFO:colcon.colcon_core.shell:Creating package script '/home/a/deep-rl-navigation/DRL_robot_navigation_ros2/install/td3/share/td3/package.zsh'
[0.950s] Level 1:colcon.colcon_core.environment:create_file_with_runtime_dependencies(/home/a/deep-rl-navigation/DRL_robot_navigation_ros2/install/td3/share/colcon-core/packages/td3)
[0.954s] Level 1:colcon.colcon_core.environment:create_environment_scripts_only(velodyne_gazebo_plugins)
[0.955s] Level 1:colcon.colcon_core.environment:checking '/home/a/deep-rl-navigation/DRL_robot_navigation_ros2/install/velodyne_gazebo_plugins' for CMake module files
[0.956s] DEBUG:colcon.colcon_core.event_handler.log_command:Invoked command in '/home/a/deep-rl-navigation/DRL_robot_navigation_ros2/build/velodyne_gazebo_plugins' returned '0': CMAKE_PREFIX_PATH=${CMAKE_PREFIX_PATH}:/opt/ros/humble /usr/bin/cmake --install /home/a/deep-rl-navigation/DRL_robot_navigation_ros2/build/velodyne_gazebo_plugins
[0.956s] Level 1:colcon.colcon_core.environment:checking '/home/a/deep-rl-navigation/DRL_robot_navigation_ros2/install/velodyne_gazebo_plugins' for CMake config files
[0.956s] Level 1:colcon.colcon_core.shell:create_environment_hook('velodyne_gazebo_plugins', 'cmake_prefix_path')
[0.957s] INFO:colcon.colcon_core.shell:Creating environment hook '/home/a/deep-rl-navigation/DRL_robot_navigation_ros2/install/velodyne_gazebo_plugins/share/velodyne_gazebo_plugins/hook/cmake_prefix_path.ps1'
[0.957s] INFO:colcon.colcon_core.shell:Creating environment descriptor '/home/a/deep-rl-navigation/DRL_robot_navigation_ros2/install/velodyne_gazebo_plugins/share/velodyne_gazebo_plugins/hook/cmake_prefix_path.dsv'
[0.958s] INFO:colcon.colcon_core.shell:Creating environment hook '/home/a/deep-rl-navigation/DRL_robot_navigation_ros2/install/velodyne_gazebo_plugins/share/velodyne_gazebo_plugins/hook/cmake_prefix_path.sh'
[0.959s] Level 1:colcon.colcon_core.environment:checking '/home/a/deep-rl-navigation/DRL_robot_navigation_ros2/install/velodyne_gazebo_plugins/lib'
[0.959s] Level 1:colcon.colcon_core.shell:create_environment_hook('velodyne_gazebo_plugins', 'ld_library_path_lib')
[0.959s] INFO:colcon.colcon_core.shell:Creating environment hook '/home/a/deep-rl-navigation/DRL_robot_navigation_ros2/install/velodyne_gazebo_plugins/share/velodyne_gazebo_plugins/hook/ld_library_path_lib.ps1'
[0.960s] INFO:colcon.colcon_core.shell:Creating environment descriptor '/home/a/deep-rl-navigation/DRL_robot_navigation_ros2/install/velodyne_gazebo_plugins/share/velodyne_gazebo_plugins/hook/ld_library_path_lib.dsv'
[0.961s] INFO:colcon.colcon_core.shell:Creating environment hook '/home/a/deep-rl-navigation/DRL_robot_navigation_ros2/install/velodyne_gazebo_plugins/share/velodyne_gazebo_plugins/hook/ld_library_path_lib.sh'
[0.961s] Level 1:colcon.colcon_core.environment:checking '/home/a/deep-rl-navigation/DRL_robot_navigation_ros2/install/velodyne_gazebo_plugins/bin'
[0.961s] Level 1:colcon.colcon_core.environment:checking '/home/a/deep-rl-navigation/DRL_robot_navigation_ros2/install/velodyne_gazebo_plugins/lib/pkgconfig/velodyne_gazebo_plugins.pc'
[0.962s] Level 1:colcon.colcon_core.environment:checking '/home/a/deep-rl-navigation/DRL_robot_navigation_ros2/install/velodyne_gazebo_plugins/lib/python3.10/site-packages'
[0.962s] Level 1:colcon.colcon_core.environment:checking '/home/a/deep-rl-navigation/DRL_robot_navigation_ros2/install/velodyne_gazebo_plugins/bin'
[0.962s] INFO:colcon.colcon_core.shell:Creating package script '/home/a/deep-rl-navigation/DRL_robot_navigation_ros2/install/velodyne_gazebo_plugins/share/velodyne_gazebo_plugins/package.ps1'
[0.963s] INFO:colcon.colcon_core.shell:Creating package descriptor '/home/a/deep-rl-navigation/DRL_robot_navigation_ros2/install/velodyne_gazebo_plugins/share/velodyne_gazebo_plugins/package.dsv'
[0.964s] INFO:colcon.colcon_core.shell:Creating package script '/home/a/deep-rl-navigation/DRL_robot_navigation_ros2/install/velodyne_gazebo_plugins/share/velodyne_gazebo_plugins/package.sh'
[0.965s] INFO:colcon.colcon_core.shell:Creating package script '/home/a/deep-rl-navigation/DRL_robot_navigation_ros2/install/velodyne_gazebo_plugins/share/velodyne_gazebo_plugins/package.bash'
[0.965s] INFO:colcon.colcon_core.shell:Creating package script '/home/a/deep-rl-navigation/DRL_robot_navigation_ros2/install/velodyne_gazebo_plugins/share/velodyne_gazebo_plugins/package.zsh'
[0.966s] Level 1:colcon.colcon_core.environment:create_file_with_runtime_dependencies(/home/a/deep-rl-navigation/DRL_robot_navigation_ros2/install/velodyne_gazebo_plugins/share/colcon-core/packages/velodyne_gazebo_plugins)
[0.969s] Level 1:colcon.colcon_core.environment:create_environment_scripts_only(velodyne_description)
[0.970s] Level 1:colcon.colcon_core.environment:checking '/home/a/deep-rl-navigation/DRL_robot_navigation_ros2/install/velodyne_description' for CMake module files
[0.970s] Level 1:colcon.colcon_core.environment:checking '/home/a/deep-rl-navigation/DRL_robot_navigation_ros2/install/velodyne_description' for CMake config files
[0.970s] Level 1:colcon.colcon_core.shell:create_environment_hook('velodyne_description', 'cmake_prefix_path')
[0.971s] INFO:colcon.colcon_core.shell:Creating environment hook '/home/a/deep-rl-navigation/DRL_robot_navigation_ros2/install/velodyne_description/share/velodyne_description/hook/cmake_prefix_path.ps1'
[0.971s] INFO:colcon.colcon_core.shell:Creating environment descriptor '/home/a/deep-rl-navigation/DRL_robot_navigation_ros2/install/velodyne_description/share/velodyne_description/hook/cmake_prefix_path.dsv'
[0.972s] INFO:colcon.colcon_core.shell:Creating environment hook '/home/a/deep-rl-navigation/DRL_robot_navigation_ros2/install/velodyne_description/share/velodyne_description/hook/cmake_prefix_path.sh'
[0.973s] Level 1:colcon.colcon_core.environment:checking '/home/a/deep-rl-navigation/DRL_robot_navigation_ros2/install/velodyne_description/bin'
[0.973s] Level 1:colcon.colcon_core.environment:checking '/home/a/deep-rl-navigation/DRL_robot_navigation_ros2/install/velodyne_description/lib/pkgconfig/velodyne_description.pc'
[0.973s] Level 1:colcon.colcon_core.environment:checking '/home/a/deep-rl-navigation/DRL_robot_navigation_ros2/install/velodyne_description/lib/python3.10/site-packages'
[0.974s] Level 1:colcon.colcon_core.environment:checking '/home/a/deep-rl-navigation/DRL_robot_navigation_ros2/install/velodyne_description/bin'
[0.974s] INFO:colcon.colcon_core.shell:Creating package script '/home/a/deep-rl-navigation/DRL_robot_navigation_ros2/install/velodyne_description/share/velodyne_description/package.ps1'
[0.975s] INFO:colcon.colcon_core.shell:Creating package descriptor '/home/a/deep-rl-navigation/DRL_robot_navigation_ros2/install/velodyne_description/share/velodyne_description/package.dsv'
[0.975s] INFO:colcon.colcon_core.shell:Creating package script '/home/a/deep-rl-navigation/DRL_robot_navigation_ros2/install/velodyne_description/share/velodyne_description/package.sh'
[0.976s] INFO:colcon.colcon_core.shell:Creating package script '/home/a/deep-rl-navigation/DRL_robot_navigation_ros2/install/velodyne_description/share/velodyne_description/package.bash'
[0.977s] INFO:colcon.colcon_core.shell:Creating package script '/home/a/deep-rl-navigation/DRL_robot_navigation_ros2/install/velodyne_description/share/velodyne_description/package.zsh'
[0.977s] Level 1:colcon.colcon_core.environment:create_file_with_runtime_dependencies(/home/a/deep-rl-navigation/DRL_robot_navigation_ros2/install/velodyne_description/share/colcon-core/packages/velodyne_description)
[1.004s] Level 1:colcon.colcon_core.environment:create_environment_scripts_only(td3)
[1.004s] Level 1:colcon.colcon_core.environment:checking '/home/a/deep-rl-navigation/DRL_robot_navigation_ros2/install/td3' for CMake module files
[1.005s] Level 1:colcon.colcon_core.environment:checking '/home/a/deep-rl-navigation/DRL_robot_navigation_ros2/install/td3' for CMake config files
[1.005s] Level 1:colcon.colcon_core.shell:create_environment_hook('td3', 'cmake_prefix_path')
[1.006s] INFO:colcon.colcon_core.shell:Creating environment hook '/home/a/deep-rl-navigation/DRL_robot_navigation_ros2/install/td3/share/td3/hook/cmake_prefix_path.ps1'
[1.007s] INFO:colcon.colcon_core.shell:Creating environment descriptor '/home/a/deep-rl-navigation/DRL_robot_navigation_ros2/install/td3/share/td3/hook/cmake_prefix_path.dsv'
[1.008s] INFO:colcon.colcon_core.shell:Creating environment hook '/home/a/deep-rl-navigation/DRL_robot_navigation_ros2/install/td3/share/td3/hook/cmake_prefix_path.sh'
[1.009s] Level 1:colcon.colcon_core.environment:checking '/home/a/deep-rl-navigation/DRL_robot_navigation_ros2/install/td3/lib'
[1.009s] Level 1:colcon.colcon_core.environment:checking '/home/a/deep-rl-navigation/DRL_robot_navigation_ros2/install/td3/bin'
[1.009s] Level 1:colcon.colcon_core.environment:checking '/home/a/deep-rl-navigation/DRL_robot_navigation_ros2/install/td3/lib/pkgconfig/td3.pc'
[1.009s] Level 1:colcon.colcon_core.environment:checking '/home/a/deep-rl-navigation/DRL_robot_navigation_ros2/install/td3/lib/python3.10/site-packages'
[1.010s] Level 1:colcon.colcon_core.environment:checking '/home/a/deep-rl-navigation/DRL_robot_navigation_ros2/install/td3/bin'
[1.010s] INFO:colcon.colcon_core.shell:Creating package script '/home/a/deep-rl-navigation/DRL_robot_navigation_ros2/install/td3/share/td3/package.ps1'
[1.011s] INFO:colcon.colcon_core.shell:Creating package descriptor '/home/a/deep-rl-navigation/DRL_robot_navigation_ros2/install/td3/share/td3/package.dsv'
[1.012s] INFO:colcon.colcon_core.shell:Creating package script '/home/a/deep-rl-navigation/DRL_robot_navigation_ros2/install/td3/share/td3/package.sh'
[1.013s] INFO:colcon.colcon_core.shell:Creating package script '/home/a/deep-rl-navigation/DRL_robot_navigation_ros2/install/td3/share/td3/package.bash'
[1.014s] INFO:colcon.colcon_core.shell:Creating package script '/home/a/deep-rl-navigation/DRL_robot_navigation_ros2/install/td3/share/td3/package.zsh'
[1.015s] Level 1:colcon.colcon_core.environment:create_file_with_runtime_dependencies(/home/a/deep-rl-navigation/DRL_robot_navigation_ros2/install/td3/share/colcon-core/packages/td3)
[1.033s] Level 1:colcon.colcon_core.environment:create_environment_scripts_only(velodyne_gazebo_plugins)
[1.033s] Level 1:colcon.colcon_core.environment:checking '/home/a/deep-rl-navigation/DRL_robot_navigation_ros2/install/velodyne_gazebo_plugins' for CMake module files
[1.034s] Level 1:colcon.colcon_core.environment:checking '/home/a/deep-rl-navigation/DRL_robot_navigation_ros2/install/velodyne_gazebo_plugins' for CMake config files
[1.034s] Level 1:colcon.colcon_core.shell:create_environment_hook('velodyne_gazebo_plugins', 'cmake_prefix_path')
[1.034s] INFO:colcon.colcon_core.shell:Creating environment hook '/home/a/deep-rl-navigation/DRL_robot_navigation_ros2/install/velodyne_gazebo_plugins/share/velodyne_gazebo_plugins/hook/cmake_prefix_path.ps1'
[1.035s] INFO:colcon.colcon_core.shell:Creating environment descriptor '/home/a/deep-rl-navigation/DRL_robot_navigation_ros2/install/velodyne_gazebo_plugins/share/velodyne_gazebo_plugins/hook/cmake_prefix_path.dsv'
[1.036s] INFO:colcon.colcon_core.shell:Creating environment hook '/home/a/deep-rl-navigation/DRL_robot_navigation_ros2/install/velodyne_gazebo_plugins/share/velodyne_gazebo_plugins/hook/cmake_prefix_path.sh'
[1.037s] Level 1:colcon.colcon_core.environment:checking '/home/a/deep-rl-navigation/DRL_robot_navigation_ros2/install/velodyne_gazebo_plugins/lib'
[1.037s] Level 1:colcon.colcon_core.shell:create_environment_hook('velodyne_gazebo_plugins', 'ld_library_path_lib')
[1.037s] INFO:colcon.colcon_core.shell:Creating environment hook '/home/a/deep-rl-navigation/DRL_robot_navigation_ros2/install/velodyne_gazebo_plugins/share/velodyne_gazebo_plugins/hook/ld_library_path_lib.ps1'
[1.038s] INFO:colcon.colcon_core.shell:Creating environment descriptor '/home/a/deep-rl-navigation/DRL_robot_navigation_ros2/install/velodyne_gazebo_plugins/share/velodyne_gazebo_plugins/hook/ld_library_path_lib.dsv'
[1.039s] INFO:colcon.colcon_core.shell:Creating environment hook '/home/a/deep-rl-navigation/DRL_robot_navigation_ros2/install/velodyne_gazebo_plugins/share/velodyne_gazebo_plugins/hook/ld_library_path_lib.sh'
[1.040s] Level 1:colcon.colcon_core.environment:checking '/home/a/deep-rl-navigation/DRL_robot_navigation_ros2/install/velodyne_gazebo_plugins/bin'
[1.040s] Level 1:colcon.colcon_core.environment:checking '/home/a/deep-rl-navigation/DRL_robot_navigation_ros2/install/velodyne_gazebo_plugins/lib/pkgconfig/velodyne_gazebo_plugins.pc'
[1.041s] Level 1:colcon.colcon_core.environment:checking '/home/a/deep-rl-navigation/DRL_robot_navigation_ros2/install/velodyne_gazebo_plugins/lib/python3.10/site-packages'
[1.041s] Level 1:colcon.colcon_core.environment:checking '/home/a/deep-rl-navigation/DRL_robot_navigation_ros2/install/velodyne_gazebo_plugins/bin'
[1.042s] INFO:colcon.colcon_core.shell:Creating package script '/home/a/deep-rl-navigation/DRL_robot_navigation_ros2/install/velodyne_gazebo_plugins/share/velodyne_gazebo_plugins/package.ps1'
[1.043s] INFO:colcon.colcon_core.shell:Creating package descriptor '/home/a/deep-rl-navigation/DRL_robot_navigation_ros2/install/velodyne_gazebo_plugins/share/velodyne_gazebo_plugins/package.dsv'
[1.044s] INFO:colcon.colcon_core.shell:Creating package script '/home/a/deep-rl-navigation/DRL_robot_navigation_ros2/install/velodyne_gazebo_plugins/share/velodyne_gazebo_plugins/package.sh'
[1.045s] INFO:colcon.colcon_core.shell:Creating package script '/home/a/deep-rl-navigation/DRL_robot_navigation_ros2/install/velodyne_gazebo_plugins/share/velodyne_gazebo_plugins/package.bash'
[1.046s] INFO:colcon.colcon_core.shell:Creating package script '/home/a/deep-rl-navigation/DRL_robot_navigation_ros2/install/velodyne_gazebo_plugins/share/velodyne_gazebo_plugins/package.zsh'
[1.047s] Level 1:colcon.colcon_core.environment:create_file_with_runtime_dependencies(/home/a/deep-rl-navigation/DRL_robot_navigation_ros2/install/velodyne_gazebo_plugins/share/colcon-core/packages/velodyne_gazebo_plugins)
[1.048s] INFO:colcon.colcon_ros.task.ament_cmake.build:Building ROS package in '/home/a/deep-rl-navigation/DRL_robot_navigation_ros2/src/velodyne_simulator/velodyne_simulator' with build type 'ament_cmake'
[1.048s] INFO:colcon.colcon_cmake.task.cmake.build:Building CMake package in '/home/a/deep-rl-navigation/DRL_robot_navigation_ros2/src/velodyne_simulator/velodyne_simulator'
[1.049s] INFO:colcon.colcon_core.shell:Skip shell extension 'powershell' for command environment: Not usable outside of PowerShell
[1.049s] DEBUG:colcon.colcon_core.shell:Skip shell extension 'dsv' for command environment
[1.075s] DEBUG:colcon.colcon_core.event_handler.log_command:Invoking command in '/home/a/deep-rl-navigation/DRL_robot_navigation_ros2/build/velodyne_simulator': CMAKE_PREFIX_PATH=/home/a/deep-rl-navigation/DRL_robot_navigation_ros2/install/velodyne_gazebo_plugins:/home/a/deep-rl-navigation/DRL_robot_navigation_ros2/install/velodyne_description:/home/a/deep-rl-navigation/DRL_robot_navigation_ros2/install/velodyne_simulator:/home/a/deep-rl-navigation/DRL_robot_navigation_ros2/install/td3:/opt/ros/humble /usr/bin/cmake --build /home/a/deep-rl-navigation/DRL_robot_navigation_ros2/build/velodyne_simulator -- -j8 -l8
[1.151s] DEBUG:colcon.colcon_core.event_handler.log_command:Invoked command in '/home/a/deep-rl-navigation/DRL_robot_navigation_ros2/build/velodyne_simulator' returned '0': CMAKE_PREFIX_PATH=/home/a/deep-rl-navigation/DRL_robot_navigation_ros2/install/velodyne_gazebo_plugins:/home/a/deep-rl-navigation/DRL_robot_navigation_ros2/install/velodyne_description:/home/a/deep-rl-navigation/DRL_robot_navigation_ros2/install/velodyne_simulator:/home/a/deep-rl-navigation/DRL_robot_navigation_ros2/install/td3:/opt/ros/humble /usr/bin/cmake --build /home/a/deep-rl-navigation/DRL_robot_navigation_ros2/build/velodyne_simulator -- -j8 -l8
[1.203s] DEBUG:colcon.colcon_core.event_handler.log_command:Invoking command in '/home/a/deep-rl-navigation/DRL_robot_navigation_ros2/build/velodyne_simulator': CMAKE_PREFIX_PATH=/home/a/deep-rl-navigation/DRL_robot_navigation_ros2/install/velodyne_gazebo_plugins:/home/a/deep-rl-navigation/DRL_robot_navigation_ros2/install/velodyne_description:/home/a/deep-rl-navigation/DRL_robot_navigation_ros2/install/velodyne_simulator:/home/a/deep-rl-navigation/DRL_robot_navigation_ros2/install/td3:/opt/ros/humble /usr/bin/cmake --install /home/a/deep-rl-navigation/DRL_robot_navigation_ros2/build/velodyne_simulator
[1.225s] Level 1:colcon.colcon_core.environment:create_environment_scripts_only(velodyne_simulator)
[1.225s] Level 1:colcon.colcon_core.environment:checking '/home/a/deep-rl-navigation/DRL_robot_navigation_ros2/install/velodyne_simulator' for CMake module files
[1.226s] DEBUG:colcon.colcon_core.event_handler.log_command:Invoked command in '/home/a/deep-rl-navigation/DRL_robot_navigation_ros2/build/velodyne_simulator' returned '0': CMAKE_PREFIX_PATH=/home/a/deep-rl-navigation/DRL_robot_navigation_ros2/install/velodyne_gazebo_plugins:/home/a/deep-rl-navigation/DRL_robot_navigation_ros2/install/velodyne_description:/home/a/deep-rl-navigation/DRL_robot_navigation_ros2/install/velodyne_simulator:/home/a/deep-rl-navigation/DRL_robot_navigation_ros2/install/td3:/opt/ros/humble /usr/bin/cmake --install /home/a/deep-rl-navigation/DRL_robot_navigation_ros2/build/velodyne_simulator
[1.226s] Level 1:colcon.colcon_core.environment:checking '/home/a/deep-rl-navigation/DRL_robot_navigation_ros2/install/velodyne_simulator' for CMake config files
[1.226s] Level 1:colcon.colcon_core.shell:create_environment_hook('velodyne_simulator', 'cmake_prefix_path')
[1.227s] INFO:colcon.colcon_core.shell:Creating environment hook '/home/a/deep-rl-navigation/DRL_robot_navigation_ros2/install/velodyne_simulator/share/velodyne_simulator/hook/cmake_prefix_path.ps1'
[1.228s] INFO:colcon.colcon_core.shell:Creating environment descriptor '/home/a/deep-rl-navigation/DRL_robot_navigation_ros2/install/velodyne_simulator/share/velodyne_simulator/hook/cmake_prefix_path.dsv'
[1.230s] INFO:colcon.colcon_core.shell:Creating environment hook '/home/a/deep-rl-navigation/DRL_robot_navigation_ros2/install/velodyne_simulator/share/velodyne_simulator/hook/cmake_prefix_path.sh'
[1.231s] Level 1:colcon.colcon_core.environment:checking '/home/a/deep-rl-navigation/DRL_robot_navigation_ros2/install/velodyne_simulator/bin'
[1.231s] Level 1:colcon.colcon_core.environment:checking '/home/a/deep-rl-navigation/DRL_robot_navigation_ros2/install/velodyne_simulator/lib/pkgconfig/velodyne_simulator.pc'
[1.231s] Level 1:colcon.colcon_core.environment:checking '/home/a/deep-rl-navigation/DRL_robot_navigation_ros2/install/velodyne_simulator/lib/python3.10/site-packages'
[1.232s] Level 1:colcon.colcon_core.environment:checking '/home/a/deep-rl-navigation/DRL_robot_navigation_ros2/install/velodyne_simulator/bin'
[1.232s] INFO:colcon.colcon_core.shell:Creating package script '/home/a/deep-rl-navigation/DRL_robot_navigation_ros2/install/velodyne_simulator/share/velodyne_simulator/package.ps1'
[1.233s] INFO:colcon.colcon_core.shell:Creating package descriptor '/home/a/deep-rl-navigation/DRL_robot_navigation_ros2/install/velodyne_simulator/share/velodyne_simulator/package.dsv'
[1.234s] INFO:colcon.colcon_core.shell:Creating package script '/home/a/deep-rl-navigation/DRL_robot_navigation_ros2/install/velodyne_simulator/share/velodyne_simulator/package.sh'
[1.235s] INFO:colcon.colcon_core.shell:Creating package script '/home/a/deep-rl-navigation/DRL_robot_navigation_ros2/install/velodyne_simulator/share/velodyne_simulator/package.bash'
[1.236s] INFO:colcon.colcon_core.shell:Creating package script '/home/a/deep-rl-navigation/DRL_robot_navigation_ros2/install/velodyne_simulator/share/velodyne_simulator/package.zsh'
[1.236s] Level 1:colcon.colcon_core.environment:create_file_with_runtime_dependencies(/home/a/deep-rl-navigation/DRL_robot_navigation_ros2/install/velodyne_simulator/share/colcon-core/packages/velodyne_simulator)
[1.287s] Level 1:colcon.colcon_core.environment:create_environment_scripts_only(velodyne_simulator)
[1.288s] Level 1:colcon.colcon_core.environment:checking '/home/a/deep-rl-navigation/DRL_robot_navigation_ros2/install/velodyne_simulator' for CMake module files
[1.289s] Level 1:colcon.colcon_core.environment:checking '/home/a/deep-rl-navigation/DRL_robot_navigation_ros2/install/velodyne_simulator' for CMake config files
[1.289s] Level 1:colcon.colcon_core.shell:create_environment_hook('velodyne_simulator', 'cmake_prefix_path')
[1.290s] INFO:colcon.colcon_core.shell:Creating environment hook '/home/a/deep-rl-navigation/DRL_robot_navigation_ros2/install/velodyne_simulator/share/velodyne_simulator/hook/cmake_prefix_path.ps1'
[1.290s] INFO:colcon.colcon_core.shell:Creating environment descriptor '/home/a/deep-rl-navigation/DRL_robot_navigation_ros2/install/velodyne_simulator/share/velodyne_simulator/hook/cmake_prefix_path.dsv'
[1.291s] INFO:colcon.colcon_core.shell:Creating environment hook '/home/a/deep-rl-navigation/DRL_robot_navigation_ros2/install/velodyne_simulator/share/velodyne_simulator/hook/cmake_prefix_path.sh'
[1.292s] Level 1:colcon.colcon_core.environment:checking '/home/a/deep-rl-navigation/DRL_robot_navigation_ros2/install/velodyne_simulator/bin'
[1.293s] Level 1:colcon.colcon_core.environment:checking '/home/a/deep-rl-navigation/DRL_robot_navigation_ros2/install/velodyne_simulator/lib/pkgconfig/velodyne_simulator.pc'
[1.293s] Level 1:colcon.colcon_core.environment:checking '/home/a/deep-rl-navigation/DRL_robot_navigation_ros2/install/velodyne_simulator/lib/python3.10/site-packages'
[1.293s] Level 1:colcon.colcon_core.environment:checking '/home/a/deep-rl-navigation/DRL_robot_navigation_ros2/install/velodyne_simulator/bin'
[1.294s] INFO:colcon.colcon_core.shell:Creating package script '/home/a/deep-rl-navigation/DRL_robot_navigation_ros2/install/velodyne_simulator/share/velodyne_simulator/package.ps1'
[1.294s] INFO:colcon.colcon_core.shell:Creating package descriptor '/home/a/deep-rl-navigation/DRL_robot_navigation_ros2/install/velodyne_simulator/share/velodyne_simulator/package.dsv'
[1.295s] INFO:colcon.colcon_core.shell:Creating package script '/home/a/deep-rl-navigation/DRL_robot_navigation_ros2/install/velodyne_simulator/share/velodyne_simulator/package.sh'
[1.296s] INFO:colcon.colcon_core.shell:Creating package script '/home/a/deep-rl-navigation/DRL_robot_navigation_ros2/install/velodyne_simulator/share/velodyne_simulator/package.bash'
[1.297s] INFO:colcon.colcon_core.shell:Creating package script '/home/a/deep-rl-navigation/DRL_robot_navigation_ros2/install/velodyne_simulator/share/velodyne_simulator/package.zsh'
[1.297s] Level 1:colcon.colcon_core.environment:create_file_with_runtime_dependencies(/home/a/deep-rl-navigation/DRL_robot_navigation_ros2/install/velodyne_simulator/share/colcon-core/packages/velodyne_simulator)
[1.298s] DEBUG:colcon.colcon_parallel_executor.executor.parallel:closing loop
[1.299s] DEBUG:colcon.colcon_parallel_executor.executor.parallel:loop closed
[1.299s] DEBUG:colcon.colcon_parallel_executor.executor.parallel:run_until_complete finished with '0'
[1.299s] DEBUG:colcon.colcon_core.event_reactor:joining thread
[1.309s] INFO:colcon.colcon_core.plugin_system:Skipping extension 'colcon_notification.desktop_notification.terminal_notifier': Not used on non-Darwin systems
[1.309s] INFO:colcon.colcon_core.plugin_system:Skipping extension 'colcon_notification.desktop_notification.win32': Not used on non-Windows systems
[1.310s] INFO:colcon.colcon_notification.desktop_notification:Sending desktop notification using 'notify2'
[1.331s] DEBUG:colcon.colcon_core.event_reactor:joined thread
[1.332s] INFO:colcon.colcon_core.shell:Creating prefix script '/home/a/deep-rl-navigation/DRL_robot_navigation_ros2/install/local_setup.ps1'
[1.334s] INFO:colcon.colcon_core.shell:Creating prefix util module '/home/a/deep-rl-navigation/DRL_robot_navigation_ros2/install/_local_setup_util_ps1.py'
[1.337s] INFO:colcon.colcon_core.shell:Creating prefix chain script '/home/a/deep-rl-navigation/DRL_robot_navigation_ros2/install/setup.ps1'
[1.339s] INFO:colcon.colcon_core.shell:Creating prefix script '/home/a/deep-rl-navigation/DRL_robot_navigation_ros2/install/local_setup.sh'
[1.340s] INFO:colcon.colcon_core.shell:Creating prefix util module '/home/a/deep-rl-navigation/DRL_robot_navigation_ros2/install/_local_setup_util_sh.py'
[1.341s] INFO:colcon.colcon_core.shell:Creating prefix chain script '/home/a/deep-rl-navigation/DRL_robot_navigation_ros2/install/setup.sh'
[1.343s] INFO:colcon.colcon_core.shell:Creating prefix script '/home/a/deep-rl-navigation/DRL_robot_navigation_ros2/install/local_setup.bash'
[1.344s] INFO:colcon.colcon_core.shell:Creating prefix chain script '/home/a/deep-rl-navigation/DRL_robot_navigation_ros2/install/setup.bash'
[1.345s] INFO:colcon.colcon_core.shell:Creating prefix script '/home/a/deep-rl-navigation/DRL_robot_navigation_ros2/install/local_setup.zsh'
[1.346s] INFO:colcon.colcon_core.shell:Creating prefix chain script '/home/a/deep-rl-navigation/DRL_robot_navigation_ros2/install/setup.zsh'
