[0.033s] Invoking command in '/home/a/deep-rl-navigation/DRL_robot_navigation_ros2/build/td3': CMAKE_PREFIX_PATH=${CMAKE_PREFIX_PATH}:/opt/ros/humble /usr/bin/cmake --build /home/a/deep-rl-navigation/DRL_robot_navigation_ros2/build/td3 -- -j8 -l8
[0.101s] Invoked command in '/home/a/deep-rl-navigation/DRL_robot_navigation_ros2/build/td3' returned '0': CMAKE_PREFIX_PATH=${CMAKE_PREFIX_PATH}:/opt/ros/humble /usr/bin/cmake --build /home/a/deep-rl-navigation/DRL_robot_navigation_ros2/build/td3 -- -j8 -l8
[0.167s] Invoking command in '/home/a/deep-rl-navigation/DRL_robot_navigation_ros2/build/td3': CMAKE_PREFIX_PATH=${CMAKE_PREFIX_PATH}:/opt/ros/humble /usr/bin/cmake --install /home/a/deep-rl-navigation/DRL_robot_navigation_ros2/build/td3
[0.188s] -- Install configuration: ""
[0.188s] -- Up-to-date: /home/a/deep-rl-navigation/DRL_robot_navigation_ros2/install/td3/share/td3//launch
[0.197s] -- Up-to-date: /home/a/deep-rl-navigation/DRL_robot_navigation_ros2/install/td3/share/td3//launch/robot_state_publisher.launch.py
[0.198s] -- Up-to-date: /home/a/deep-rl-navigation/DRL_robot_navigation_ros2/install/td3/share/td3//launch/training_simulation.launch.py
[0.198s] -- Up-to-date: /home/a/deep-rl-navigation/DRL_robot_navigation_ros2/install/td3/share/td3//launch/multi_robot_scenario.launch.py
[0.198s] -- Up-to-date: /home/a/deep-rl-navigation/DRL_robot_navigation_ros2/install/td3/share/td3//launch/pioneer3dx.rviz
[0.198s] -- Up-to-date: /home/a/deep-rl-navigation/DRL_robot_navigation_ros2/install/td3/share/td3//launch/test_simulation.launch.py
[0.199s] -- Up-to-date: /home/a/deep-rl-navigation/DRL_robot_navigation_ros2/install/td3/share/td3//models
[0.200s] -- Up-to-date: /home/a/deep-rl-navigation/DRL_robot_navigation_ros2/install/td3/share/td3//models/td_robot
[0.201s] -- Up-to-date: /home/a/deep-rl-navigation/DRL_robot_navigation_ros2/install/td3/share/td3//models/td_robot/velodyne_description
[0.201s] -- Up-to-date: /home/a/deep-rl-navigation/DRL_robot_navigation_ros2/install/td3/share/td3//models/td_robot/velodyne_description/urdf
[0.203s] -- Up-to-date: /home/a/deep-rl-navigation/DRL_robot_navigation_ros2/install/td3/share/td3//models/td_robot/velodyne_description/urdf/example.urdf.xacro
[0.203s] -- Up-to-date: /home/a/deep-rl-navigation/DRL_robot_navigation_ros2/install/td3/share/td3//models/td_robot/velodyne_description/urdf/VLP-16.urdf.xacro
[0.204s] -- Up-to-date: /home/a/deep-rl-navigation/DRL_robot_navigation_ros2/install/td3/share/td3//models/td_robot/velodyne_description/urdf/HDL-32E.urdf.xacro
[0.204s] -- Up-to-date: /home/a/deep-rl-navigation/DRL_robot_navigation_ros2/install/td3/share/td3//models/td_robot/velodyne_description/urdf/VLP-32C.urdf.xacro
[0.205s] -- Up-to-date: /home/a/deep-rl-navigation/DRL_robot_navigation_ros2/install/td3/share/td3//models/td_robot/velodyne_description/world
[0.205s] -- Up-to-date: /home/a/deep-rl-navigation/DRL_robot_navigation_ros2/install/td3/share/td3//models/td_robot/velodyne_description/world/lio_sam.model
[0.205s] -- Up-to-date: /home/a/deep-rl-navigation/DRL_robot_navigation_ros2/install/td3/share/td3//models/td_robot/velodyne_description/world/example.world
[0.206s] -- Up-to-date: /home/a/deep-rl-navigation/DRL_robot_navigation_ros2/install/td3/share/td3//models/td_robot/velodyne_description/meshes
[0.206s] -- Up-to-date: /home/a/deep-rl-navigation/DRL_robot_navigation_ros2/install/td3/share/td3//models/td_robot/velodyne_description/meshes/VLP16_base_1.stl
[0.206s] -- Up-to-date: /home/a/deep-rl-navigation/DRL_robot_navigation_ros2/install/td3/share/td3//models/td_robot/velodyne_description/meshes/HDL32E_scan.dae
[0.207s] -- Up-to-date: /home/a/deep-rl-navigation/DRL_robot_navigation_ros2/install/td3/share/td3//models/td_robot/velodyne_description/meshes/VLP16_base_1.dae
[0.207s] -- Up-to-date: /home/a/deep-rl-navigation/DRL_robot_navigation_ros2/install/td3/share/td3//models/td_robot/velodyne_description/meshes/VLP16_scan.stl
[0.207s] -- Up-to-date: /home/a/deep-rl-navigation/DRL_robot_navigation_ros2/install/td3/share/td3//models/td_robot/velodyne_description/meshes/HDL32E_scan.stl
[0.210s] -- Up-to-date: /home/a/deep-rl-navigation/DRL_robot_navigation_ros2/install/td3/share/td3//models/td_robot/velodyne_description/meshes/HDL32E_base.dae
[0.210s] -- Up-to-date: /home/a/deep-rl-navigation/DRL_robot_navigation_ros2/install/td3/share/td3//models/td_robot/velodyne_description/meshes/VLP16_base_2.dae
[0.210s] -- Up-to-date: /home/a/deep-rl-navigation/DRL_robot_navigation_ros2/install/td3/share/td3//models/td_robot/velodyne_description/meshes/HDL32E_base.stl
[0.211s] -- Up-to-date: /home/a/deep-rl-navigation/DRL_robot_navigation_ros2/install/td3/share/td3//models/td_robot/velodyne_description/meshes/VLP16_scan.dae
[0.211s] -- Up-to-date: /home/a/deep-rl-navigation/DRL_robot_navigation_ros2/install/td3/share/td3//models/td_robot/velodyne_description/meshes/VLP16_base_2.stl
[0.211s] -- Up-to-date: /home/a/deep-rl-navigation/DRL_robot_navigation_ros2/install/td3/share/td3//models/td_robot/velodyne_description/CMakeLists.txt
[0.212s] -- Up-to-date: /home/a/deep-rl-navigation/DRL_robot_navigation_ros2/install/td3/share/td3//models/td_robot/velodyne_description/rviz
[0.212s] -- Up-to-date: /home/a/deep-rl-navigation/DRL_robot_navigation_ros2/install/td3/share/td3//models/td_robot/velodyne_description/rviz/example.rviz
[0.217s] -- Up-to-date: /home/a/deep-rl-navigation/DRL_robot_navigation_ros2/install/td3/share/td3//models/td_robot/velodyne_description/launch
[0.217s] -- Up-to-date: /home/a/deep-rl-navigation/DRL_robot_navigation_ros2/install/td3/share/td3//models/td_robot/velodyne_description/launch/example-launch.py
[0.217s] -- Up-to-date: /home/a/deep-rl-navigation/DRL_robot_navigation_ros2/install/td3/share/td3//models/td_robot/velodyne_description/models
[0.217s] -- Up-to-date: /home/a/deep-rl-navigation/DRL_robot_navigation_ros2/install/td3/share/td3//models/td_robot/velodyne_description/models/rs_robot
[0.218s] -- Up-to-date: /home/a/deep-rl-navigation/DRL_robot_navigation_ros2/install/td3/share/td3//models/td_robot/velodyne_description/models/rs_robot/meshes
[0.218s] -- Up-to-date: /home/a/deep-rl-navigation/DRL_robot_navigation_ros2/install/td3/share/td3//models/td_robot/velodyne_description/models/rs_robot/meshes/DAE
[0.218s] -- Up-to-date: /home/a/deep-rl-navigation/DRL_robot_navigation_ros2/install/td3/share/td3//models/td_robot/velodyne_description/models/rs_robot/meshes/DAE/wheel
[0.218s] -- Up-to-date: /home/a/deep-rl-navigation/DRL_robot_navigation_ros2/install/td3/share/td3//models/td_robot/velodyne_description/models/rs_robot/meshes/DAE/wheel/wheel_link.dae
[0.218s] -- Up-to-date: /home/a/deep-rl-navigation/DRL_robot_navigation_ros2/install/td3/share/td3//models/td_robot/velodyne_description/models/rs_robot/meshes/DAE/sensors
[0.218s] -- Up-to-date: /home/a/deep-rl-navigation/DRL_robot_navigation_ros2/install/td3/share/td3//models/td_robot/velodyne_description/models/rs_robot/meshes/DAE/sensors/camera
[0.218s] -- Up-to-date: /home/a/deep-rl-navigation/DRL_robot_navigation_ros2/install/td3/share/td3//models/td_robot/velodyne_description/models/rs_robot/meshes/DAE/sensors/camera/camera.dae
[0.218s] -- Up-to-date: /home/a/deep-rl-navigation/DRL_robot_navigation_ros2/install/td3/share/td3//models/td_robot/velodyne_description/models/rs_robot/meshes/DAE/sensors/gps
[0.218s] -- Up-to-date: /home/a/deep-rl-navigation/DRL_robot_navigation_ros2/install/td3/share/td3//models/td_robot/velodyne_description/models/rs_robot/meshes/DAE/sensors/gps/gps.dae
[0.219s] -- Up-to-date: /home/a/deep-rl-navigation/DRL_robot_navigation_ros2/install/td3/share/td3//models/td_robot/velodyne_description/models/rs_robot/meshes/DAE/sensors/gps/gps_texture.png
[0.219s] -- Up-to-date: /home/a/deep-rl-navigation/DRL_robot_navigation_ros2/install/td3/share/td3//models/td_robot/velodyne_description/models/rs_robot/meshes/DAE/sensors/gim30
[0.219s] -- Up-to-date: /home/a/deep-rl-navigation/DRL_robot_navigation_ros2/install/td3/share/td3//models/td_robot/velodyne_description/models/rs_robot/meshes/DAE/sensors/gim30/gim30.dae
[0.219s] -- Up-to-date: /home/a/deep-rl-navigation/DRL_robot_navigation_ros2/install/td3/share/td3//models/td_robot/velodyne_description/models/rs_robot/meshes/DAE/sensors/gim30/gim30_lrf_texture.png
[0.219s] -- Up-to-date: /home/a/deep-rl-navigation/DRL_robot_navigation_ros2/install/td3/share/td3//models/td_robot/velodyne_description/models/rs_robot/meshes/DAE/sensors/rear_lrf
[0.221s] -- Up-to-date: /home/a/deep-rl-navigation/DRL_robot_navigation_ros2/install/td3/share/td3//models/td_robot/velodyne_description/models/rs_robot/meshes/DAE/sensors/rear_lrf/rear_lrf.dae
[0.221s] -- Up-to-date: /home/a/deep-rl-navigation/DRL_robot_navigation_ros2/install/td3/share/td3//models/td_robot/velodyne_description/models/rs_robot/meshes/DAE/sensors/rear_lrf/urg_texture.png
[0.221s] -- Up-to-date: /home/a/deep-rl-navigation/DRL_robot_navigation_ros2/install/td3/share/td3//models/td_robot/velodyne_description/models/rs_robot/meshes/DAE/sensors/front_lrf
[0.221s] -- Up-to-date: /home/a/deep-rl-navigation/DRL_robot_navigation_ros2/install/td3/share/td3//models/td_robot/velodyne_description/models/rs_robot/meshes/DAE/sensors/front_lrf/lrf_texture.png
[0.221s] -- Up-to-date: /home/a/deep-rl-navigation/DRL_robot_navigation_ros2/install/td3/share/td3//models/td_robot/velodyne_description/models/rs_robot/meshes/DAE/sensors/front_lrf/front_lrf.dae
[0.221s] -- Up-to-date: /home/a/deep-rl-navigation/DRL_robot_navigation_ros2/install/td3/share/td3//models/td_robot/velodyne_description/models/rs_robot/meshes/DAE/suspension
[0.222s] -- Up-to-date: /home/a/deep-rl-navigation/DRL_robot_navigation_ros2/install/td3/share/td3//models/td_robot/velodyne_description/models/rs_robot/meshes/DAE/suspension/rear_right_link.dae
[0.222s] -- Up-to-date: /home/a/deep-rl-navigation/DRL_robot_navigation_ros2/install/td3/share/td3//models/td_robot/velodyne_description/models/rs_robot/meshes/DAE/suspension/rear_left_link.dae
[0.222s] -- Up-to-date: /home/a/deep-rl-navigation/DRL_robot_navigation_ros2/install/td3/share/td3//models/td_robot/velodyne_description/models/rs_robot/meshes/DAE/suspension/front_left_link.dae
[0.222s] -- Up-to-date: /home/a/deep-rl-navigation/DRL_robot_navigation_ros2/install/td3/share/td3//models/td_robot/velodyne_description/models/rs_robot/meshes/DAE/suspension/front_right_link.dae
[0.223s] -- Up-to-date: /home/a/deep-rl-navigation/DRL_robot_navigation_ros2/install/td3/share/td3//models/td_robot/velodyne_description/models/rs_robot/meshes/DAE/lidar_base
[0.223s] -- Up-to-date: /home/a/deep-rl-navigation/DRL_robot_navigation_ros2/install/td3/share/td3//models/td_robot/velodyne_description/models/rs_robot/meshes/DAE/lidar_base/YDlidar_base.dae
[0.223s] -- Up-to-date: /home/a/deep-rl-navigation/DRL_robot_navigation_ros2/install/td3/share/td3//models/td_robot/velodyne_description/models/rs_robot/meshes/DAE/base
[0.223s] -- Up-to-date: /home/a/deep-rl-navigation/DRL_robot_navigation_ros2/install/td3/share/td3//models/td_robot/velodyne_description/models/rs_robot/meshes/DAE/base/base_linkOLD.dae
[0.224s] -- Up-to-date: /home/a/deep-rl-navigation/DRL_robot_navigation_ros2/install/td3/share/td3//models/td_robot/velodyne_description/models/rs_robot/meshes/DAE/base/base_link.dae
[0.224s] -- Up-to-date: /home/a/deep-rl-navigation/DRL_robot_navigation_ros2/install/td3/share/td3//models/td_robot/velodyne_description/models/rs_robot/meshes/DAE/lidar_head
[0.224s] -- Up-to-date: /home/a/deep-rl-navigation/DRL_robot_navigation_ros2/install/td3/share/td3//models/td_robot/velodyne_description/models/rs_robot/meshes/DAE/lidar_head/YDlidar_head.dae
[0.224s] -- Up-to-date: /home/a/deep-rl-navigation/DRL_robot_navigation_ros2/install/td3/share/td3//models/td_robot/velodyne_description/models/rs_robot/meshes/STL
[0.224s] -- Up-to-date: /home/a/deep-rl-navigation/DRL_robot_navigation_ros2/install/td3/share/td3//models/td_robot/velodyne_description/models/rs_robot/meshes/STL/wheel
[0.225s] -- Up-to-date: /home/a/deep-rl-navigation/DRL_robot_navigation_ros2/install/td3/share/td3//models/td_robot/velodyne_description/models/rs_robot/meshes/STL/wheel/robot_wheel.stl
[0.225s] -- Up-to-date: /home/a/deep-rl-navigation/DRL_robot_navigation_ros2/install/td3/share/td3//models/td_robot/velodyne_description/models/rs_robot/meshes/STL/sensors
[0.225s] -- Up-to-date: /home/a/deep-rl-navigation/DRL_robot_navigation_ros2/install/td3/share/td3//models/td_robot/velodyne_description/models/rs_robot/meshes/STL/sensors/gps
[0.226s] -- Up-to-date: /home/a/deep-rl-navigation/DRL_robot_navigation_ros2/install/td3/share/td3//models/td_robot/velodyne_description/models/rs_robot/meshes/STL/sensors/gps/gps.stl
[0.227s] -- Up-to-date: /home/a/deep-rl-navigation/DRL_robot_navigation_ros2/install/td3/share/td3//models/td_robot/velodyne_description/models/rs_robot/meshes/STL/sensors/gim30
[0.227s] -- Up-to-date: /home/a/deep-rl-navigation/DRL_robot_navigation_ros2/install/td3/share/td3//models/td_robot/velodyne_description/models/rs_robot/meshes/STL/sensors/gim30/gim30.stl
[0.227s] -- Up-to-date: /home/a/deep-rl-navigation/DRL_robot_navigation_ros2/install/td3/share/td3//models/td_robot/velodyne_description/models/rs_robot/meshes/STL/sensors/rear_lrf
[0.227s] -- Up-to-date: /home/a/deep-rl-navigation/DRL_robot_navigation_ros2/install/td3/share/td3//models/td_robot/velodyne_description/models/rs_robot/meshes/STL/sensors/rear_lrf/rear_lrf.stl
[0.227s] -- Up-to-date: /home/a/deep-rl-navigation/DRL_robot_navigation_ros2/install/td3/share/td3//models/td_robot/velodyne_description/models/rs_robot/meshes/STL/sensors/front_lrf
[0.227s] -- Up-to-date: /home/a/deep-rl-navigation/DRL_robot_navigation_ros2/install/td3/share/td3//models/td_robot/velodyne_description/models/rs_robot/meshes/STL/sensors/front_lrf/front_lrf.stl
[0.227s] -- Up-to-date: /home/a/deep-rl-navigation/DRL_robot_navigation_ros2/install/td3/share/td3//models/td_robot/velodyne_description/models/rs_robot/meshes/STL/suspension
[0.228s] -- Up-to-date: /home/a/deep-rl-navigation/DRL_robot_navigation_ros2/install/td3/share/td3//models/td_robot/velodyne_description/models/rs_robot/meshes/STL/suspension/FRONT_LEFT_LINKSTL.stl
[0.228s] -- Up-to-date: /home/a/deep-rl-navigation/DRL_robot_navigation_ros2/install/td3/share/td3//models/td_robot/velodyne_description/models/rs_robot/meshes/STL/suspension/REAR_LEFT_LINKSTL.stl
[0.228s] -- Up-to-date: /home/a/deep-rl-navigation/DRL_robot_navigation_ros2/install/td3/share/td3//models/td_robot/velodyne_description/models/rs_robot/meshes/STL/suspension/sus_link.stl
[0.229s] -- Up-to-date: /home/a/deep-rl-navigation/DRL_robot_navigation_ros2/install/td3/share/td3//models/td_robot/velodyne_description/models/rs_robot/meshes/STL/suspension/FRONT_RIGHT_LINKSTL.stl
[0.229s] -- Up-to-date: /home/a/deep-rl-navigation/DRL_robot_navigation_ros2/install/td3/share/td3//models/td_robot/velodyne_description/models/rs_robot/meshes/STL/suspension/REAR_RIGHT_LINKSTL.stl
[0.229s] -- Up-to-date: /home/a/deep-rl-navigation/DRL_robot_navigation_ros2/install/td3/share/td3//models/td_robot/velodyne_description/models/rs_robot/meshes/STL/lidar_base
[0.229s] -- Up-to-date: /home/a/deep-rl-navigation/DRL_robot_navigation_ros2/install/td3/share/td3//models/td_robot/velodyne_description/models/rs_robot/meshes/STL/lidar_base/YDlidar_base.stl
[0.229s] -- Up-to-date: /home/a/deep-rl-navigation/DRL_robot_navigation_ros2/install/td3/share/td3//models/td_robot/velodyne_description/models/rs_robot/meshes/STL/base
[0.230s] -- Up-to-date: /home/a/deep-rl-navigation/DRL_robot_navigation_ros2/install/td3/share/td3//models/td_robot/velodyne_description/models/rs_robot/meshes/STL/base/base_link_old.stl
[0.230s] -- Up-to-date: /home/a/deep-rl-navigation/DRL_robot_navigation_ros2/install/td3/share/td3//models/td_robot/velodyne_description/models/rs_robot/meshes/STL/base/base_link.stl
[0.231s] -- Up-to-date: /home/a/deep-rl-navigation/DRL_robot_navigation_ros2/install/td3/share/td3//models/td_robot/velodyne_description/models/rs_robot/meshes/STL/lidar_head
[0.231s] -- Up-to-date: /home/a/deep-rl-navigation/DRL_robot_navigation_ros2/install/td3/share/td3//models/td_robot/velodyne_description/models/rs_robot/meshes/STL/lidar_head/YDlidar_head v4.stl
[0.231s] -- Up-to-date: /home/a/deep-rl-navigation/DRL_robot_navigation_ros2/install/td3/share/td3//models/td_robot/velodyne_description/models/rs_robot/rs_robot.sdf
[0.231s] -- Up-to-date: /home/a/deep-rl-navigation/DRL_robot_navigation_ros2/install/td3/share/td3//models/td_robot/velodyne_description/models/rs_robot/model.config
[0.232s] -- Up-to-date: /home/a/deep-rl-navigation/DRL_robot_navigation_ros2/install/td3/share/td3//models/td_robot/velodyne_description/CHANGELOG.rst
[0.232s] -- Up-to-date: /home/a/deep-rl-navigation/DRL_robot_navigation_ros2/install/td3/share/td3//models/td_robot/velodyne_description/package.xml
[0.233s] -- Up-to-date: /home/a/deep-rl-navigation/DRL_robot_navigation_ros2/install/td3/share/td3//models/td_robot/meshes
[0.233s] -- Up-to-date: /home/a/deep-rl-navigation/DRL_robot_navigation_ros2/install/td3/share/td3//models/td_robot/meshes/p3dx
[0.233s] -- Up-to-date: /home/a/deep-rl-navigation/DRL_robot_navigation_ros2/install/td3/share/td3//models/td_robot/meshes/p3dx/back_sonar.stl
[0.233s] -- Up-to-date: /home/a/deep-rl-navigation/DRL_robot_navigation_ros2/install/td3/share/td3//models/td_robot/meshes/p3dx/chassis.stl
[0.234s] -- Up-to-date: /home/a/deep-rl-navigation/DRL_robot_navigation_ros2/install/td3/share/td3//models/td_robot/meshes/p3dx/right_hubcap.stl
[0.234s] -- Up-to-date: /home/a/deep-rl-navigation/DRL_robot_navigation_ros2/install/td3/share/td3//models/td_robot/meshes/p3dx/center_hubcap.stl
[0.234s] -- Up-to-date: /home/a/deep-rl-navigation/DRL_robot_navigation_ros2/install/td3/share/td3//models/td_robot/meshes/p3dx/right_wheel.stl
[0.235s] -- Up-to-date: /home/a/deep-rl-navigation/DRL_robot_navigation_ros2/install/td3/share/td3//models/td_robot/meshes/p3dx/front_sonar.stl
[0.235s] -- Up-to-date: /home/a/deep-rl-navigation/DRL_robot_navigation_ros2/install/td3/share/td3//models/td_robot/meshes/p3dx/front_rim.stl
[0.235s] -- Up-to-date: /home/a/deep-rl-navigation/DRL_robot_navigation_ros2/install/td3/share/td3//models/td_robot/meshes/p3dx/center_wheel.stl
[0.236s] -- Up-to-date: /home/a/deep-rl-navigation/DRL_robot_navigation_ros2/install/td3/share/td3//models/td_robot/meshes/p3dx/back_rim.stl
[0.236s] -- Up-to-date: /home/a/deep-rl-navigation/DRL_robot_navigation_ros2/install/td3/share/td3//models/td_robot/meshes/p3dx/left_wheel.stl
[0.236s] -- Up-to-date: /home/a/deep-rl-navigation/DRL_robot_navigation_ros2/install/td3/share/td3//models/td_robot/meshes/p3dx/Coordinates
[0.237s] -- Up-to-date: /home/a/deep-rl-navigation/DRL_robot_navigation_ros2/install/td3/share/td3//models/td_robot/meshes/p3dx/left_hubcap.stl
[0.237s] -- Up-to-date: /home/a/deep-rl-navigation/DRL_robot_navigation_ros2/install/td3/share/td3//models/td_robot/meshes/p3dx/swivel.stl
[0.237s] -- Up-to-date: /home/a/deep-rl-navigation/DRL_robot_navigation_ros2/install/td3/share/td3//models/td_robot/meshes/p3dx/top.stl
[0.237s] -- Up-to-date: /home/a/deep-rl-navigation/DRL_robot_navigation_ros2/install/td3/share/td3//models/td_robot/meshes/laser
[0.237s] -- Up-to-date: /home/a/deep-rl-navigation/DRL_robot_navigation_ros2/install/td3/share/td3//models/td_robot/meshes/laser/hokuyo.dae
[0.237s] -- Up-to-date: /home/a/deep-rl-navigation/DRL_robot_navigation_ros2/install/td3/share/td3//models/td_robot/td_robot.sdf
[0.238s] -- Up-to-date: /home/a/deep-rl-navigation/DRL_robot_navigation_ros2/install/td3/share/td3//models/td_robot/model.config
[0.238s] -- Up-to-date: /home/a/deep-rl-navigation/DRL_robot_navigation_ros2/install/td3/share/td3//scripts
[0.238s] -- Installing: /home/a/deep-rl-navigation/DRL_robot_navigation_ros2/install/td3/share/td3//scripts/train_velodyne_node.py
[0.238s] -- Up-to-date: /home/a/deep-rl-navigation/DRL_robot_navigation_ros2/install/td3/share/td3//scripts/runs
[0.238s] -- Up-to-date: /home/a/deep-rl-navigation/DRL_robot_navigation_ros2/install/td3/share/td3//scripts/runs/events.out.tfevents.1702123823.vish-ubuntu.94740.0
[0.238s] -- Up-to-date: /home/a/deep-rl-navigation/DRL_robot_navigation_ros2/install/td3/share/td3//scripts/runs/events.out.tfevents.1702122561.vish-ubuntu.87435.0
[0.238s] -- Up-to-date: /home/a/deep-rl-navigation/DRL_robot_navigation_ros2/install/td3/share/td3//scripts/runs/events.out.tfevents.1702131171.vish-ubuntu.117214.0
[0.239s] -- Up-to-date: /home/a/deep-rl-navigation/DRL_robot_navigation_ros2/install/td3/share/td3//scripts/runs/events.out.tfevents.1702132572.vish-ubuntu.126652.0
[0.241s] -- Up-to-date: /home/a/deep-rl-navigation/DRL_robot_navigation_ros2/install/td3/share/td3//scripts/runs/events.out.tfevents.1680403642.robotmania-MINIPC-PA90.28717.0
[0.241s] -- Up-to-date: /home/a/deep-rl-navigation/DRL_robot_navigation_ros2/install/td3/share/td3//scripts/runs/events.out.tfevents.1702137020.vish-ubuntu.156802.0
[0.242s] -- Up-to-date: /home/a/deep-rl-navigation/DRL_robot_navigation_ros2/install/td3/share/td3//scripts/runs/events.out.tfevents.1702124053.vish-ubuntu.96522.0
[0.242s] -- Up-to-date: /home/a/deep-rl-navigation/DRL_robot_navigation_ros2/install/td3/share/td3//scripts/runs/events.out.tfevents.1702131595.vish-ubuntu.119269.0
[0.242s] -- Up-to-date: /home/a/deep-rl-navigation/DRL_robot_navigation_ros2/install/td3/share/td3//scripts/runs/events.out.tfevents.1702184852.vish-ubuntu.36208.0
[0.243s] -- Up-to-date: /home/a/deep-rl-navigation/DRL_robot_navigation_ros2/install/td3/share/td3//scripts/runs/events.out.tfevents.1702123764.vish-ubuntu.94011.0
[0.243s] -- Up-to-date: /home/a/deep-rl-navigation/DRL_robot_navigation_ros2/install/td3/share/td3//scripts/runs/events.out.tfevents.1702125273.vish-ubuntu.99081.0
[0.243s] -- Up-to-date: /home/a/deep-rl-navigation/DRL_robot_navigation_ros2/install/td3/share/td3//scripts/runs/events.out.tfevents.1702131321.vish-ubuntu.118058.0
[0.243s] -- Up-to-date: /home/a/deep-rl-navigation/DRL_robot_navigation_ros2/install/td3/share/td3//scripts/runs/events.out.tfevents.1702136732.vish-ubuntu.153900.0
[0.244s] -- Up-to-date: /home/a/deep-rl-navigation/DRL_robot_navigation_ros2/install/td3/share/td3//scripts/runs/events.out.tfevents.1702137062.vish-ubuntu.157123.0
[0.244s] -- Up-to-date: /home/a/deep-rl-navigation/DRL_robot_navigation_ros2/install/td3/share/td3//scripts/runs/events.out.tfevents.1702126383.vish-ubuntu.103611.0
[0.244s] -- Up-to-date: /home/a/deep-rl-navigation/DRL_robot_navigation_ros2/install/td3/share/td3//scripts/runs/events.out.tfevents.1702202681.vish-ubuntu.15652.0
[0.244s] -- Up-to-date: /home/a/deep-rl-navigation/DRL_robot_navigation_ros2/install/td3/share/td3//scripts/runs/events.out.tfevents.1702137346.vish-ubuntu.6235.0
[0.245s] -- Up-to-date: /home/a/deep-rl-navigation/DRL_robot_navigation_ros2/install/td3/share/td3//scripts/runs/events.out.tfevents.1702137512.vish-ubuntu.7361.0
[0.246s] -- Up-to-date: /home/a/deep-rl-navigation/DRL_robot_navigation_ros2/install/td3/share/td3//scripts/runs/events.out.tfevents.1702123347.vish-ubuntu.91291.0
[0.261s] -- Up-to-date: /home/a/deep-rl-navigation/DRL_robot_navigation_ros2/install/td3/share/td3//scripts/runs/events.out.tfevents.1702058311.vish-ubuntu.6923.0
[0.261s] -- Up-to-date: /home/a/deep-rl-navigation/DRL_robot_navigation_ros2/install/td3/share/td3//scripts/runs/events.out.tfevents.1702137093.vish-ubuntu.157388.0
[0.261s] -- Up-to-date: /home/a/deep-rl-navigation/DRL_robot_navigation_ros2/install/td3/share/td3//scripts/runs/events.out.tfevents.1702113129.vish-ubuntu.77727.0
[0.263s] -- Up-to-date: /home/a/deep-rl-navigation/DRL_robot_navigation_ros2/install/td3/share/td3//scripts/runs/events.out.tfevents.1702138457.vish-ubuntu.10243.0
[0.264s] -- Up-to-date: /home/a/deep-rl-navigation/DRL_robot_navigation_ros2/install/td3/share/td3//scripts/runs/events.out.tfevents.1702125781.vish-ubuntu.101690.0
[0.264s] -- Up-to-date: /home/a/deep-rl-navigation/DRL_robot_navigation_ros2/install/td3/share/td3//scripts/runs/events.out.tfevents.1702130035.vish-ubuntu.113818.0
[0.264s] -- Up-to-date: /home/a/deep-rl-navigation/DRL_robot_navigation_ros2/install/td3/share/td3//scripts/runs/events.out.tfevents.1702138081.vish-ubuntu.9118.0
[0.264s] -- Up-to-date: /home/a/deep-rl-navigation/DRL_robot_navigation_ros2/install/td3/share/td3//scripts/runs/events.out.tfevents.1702130924.vish-ubuntu.115595.0
[0.265s] -- Up-to-date: /home/a/deep-rl-navigation/DRL_robot_navigation_ros2/install/td3/share/td3//scripts/runs/events.out.tfevents.1680403580.robotmania-MINIPC-PA90.28181.0
[0.265s] -- Up-to-date: /home/a/deep-rl-navigation/DRL_robot_navigation_ros2/install/td3/share/td3//scripts/runs/events.out.tfevents.1702125719.vish-ubuntu.101126.0
[0.265s] -- Up-to-date: /home/a/deep-rl-navigation/DRL_robot_navigation_ros2/install/td3/share/td3//scripts/runs/events.out.tfevents.1702125836.vish-ubuntu.102265.0
[0.266s] -- Up-to-date: /home/a/deep-rl-navigation/DRL_robot_navigation_ros2/install/td3/share/td3//scripts/runs/events.out.tfevents.1702127821.vish-ubuntu.107103.0
[0.266s] -- Up-to-date: /home/a/deep-rl-navigation/DRL_robot_navigation_ros2/install/td3/share/td3//scripts/runs/events.out.tfevents.1702129867.vish-ubuntu.113086.0
[0.266s] -- Up-to-date: /home/a/deep-rl-navigation/DRL_robot_navigation_ros2/install/td3/share/td3//scripts/runs/events.out.tfevents.1702131106.vish-ubuntu.116587.0
[0.266s] -- Up-to-date: /home/a/deep-rl-navigation/DRL_robot_navigation_ros2/install/td3/share/td3//scripts/runs/events.out.tfevents.1702129318.vish-ubuntu.110922.0
[0.267s] -- Up-to-date: /home/a/deep-rl-navigation/DRL_robot_navigation_ros2/install/td3/share/td3//scripts/runs/events.out.tfevents.1702196832.vish-ubuntu.9055.0
[0.267s] -- Up-to-date: /home/a/deep-rl-navigation/DRL_robot_navigation_ros2/install/td3/share/td3//scripts/runs/events.out.tfevents.1702138787.vish-ubuntu.11442.0
[0.267s] -- Up-to-date: /home/a/deep-rl-navigation/DRL_robot_navigation_ros2/install/td3/share/td3//scripts/runs/events.out.tfevents.1702207343.vish-ubuntu.18092.0
[0.268s] -- Up-to-date: /home/a/deep-rl-navigation/DRL_robot_navigation_ros2/install/td3/share/td3//scripts/runs/events.out.tfevents.1702127296.vish-ubuntu.105049.0
[0.268s] -- Up-to-date: /home/a/deep-rl-navigation/DRL_robot_navigation_ros2/install/td3/share/td3//scripts/runs/events.out.tfevents.1702122736.vish-ubuntu.88576.0
[0.268s] -- Up-to-date: /home/a/deep-rl-navigation/DRL_robot_navigation_ros2/install/td3/share/td3//scripts/runs/events.out.tfevents.1702143087.vish-ubuntu.15454.0
[0.269s] -- Up-to-date: /home/a/deep-rl-navigation/DRL_robot_navigation_ros2/install/td3/share/td3//scripts/runs/events.out.tfevents.1702112878.vish-ubuntu.76245.0
[0.269s] -- Up-to-date: /home/a/deep-rl-navigation/DRL_robot_navigation_ros2/install/td3/share/td3//scripts/runs/events.out.tfevents.1702125531.vish-ubuntu.100158.0
[0.269s] -- Up-to-date: /home/a/deep-rl-navigation/DRL_robot_navigation_ros2/install/td3/share/td3//scripts/runs/events.out.tfevents.1702137298.vish-ubuntu.5805.0
[0.270s] -- Up-to-date: /home/a/deep-rl-navigation/DRL_robot_navigation_ros2/install/td3/share/td3//scripts/runs/events.out.tfevents.1702126352.vish-ubuntu.103240.0
[0.270s] -- Up-to-date: /home/a/deep-rl-navigation/DRL_robot_navigation_ros2/install/td3/share/td3//scripts/runs/events.out.tfevents.1702135897.vish-ubuntu.147305.0
[0.270s] -- Up-to-date: /home/a/deep-rl-navigation/DRL_robot_navigation_ros2/install/td3/share/td3//scripts/runs/events.out.tfevents.1702123266.vish-ubuntu.90616.0
[0.271s] -- Up-to-date: /home/a/deep-rl-navigation/DRL_robot_navigation_ros2/install/td3/share/td3//scripts/runs/events.out.tfevents.1702132489.vish-ubuntu.125588.0
[0.271s] -- Up-to-date: /home/a/deep-rl-navigation/DRL_robot_navigation_ros2/install/td3/share/td3//scripts/runs/events.out.tfevents.1702113012.vish-ubuntu.77026.0
[0.271s] -- Up-to-date: /home/a/deep-rl-navigation/DRL_robot_navigation_ros2/install/td3/share/td3//scripts/runs/events.out.tfevents.1702137454.vish-ubuntu.6933.0
[0.272s] -- Up-to-date: /home/a/deep-rl-navigation/DRL_robot_navigation_ros2/install/td3/share/td3//scripts/runs/events.out.tfevents.1702132297.vish-ubuntu.124833.0
[0.272s] -- Up-to-date: /home/a/deep-rl-navigation/DRL_robot_navigation_ros2/install/td3/share/td3//scripts/runs/events.out.tfevents.1702127554.vish-ubuntu.106195.0
[0.272s] -- Up-to-date: /home/a/deep-rl-navigation/DRL_robot_navigation_ros2/install/td3/share/td3//scripts/runs/events.out.tfevents.1702123799.vish-ubuntu.94401.0
[0.272s] -- Up-to-date: /home/a/deep-rl-navigation/DRL_robot_navigation_ros2/install/td3/share/td3//scripts/runs/events.out.tfevents.1702127882.vish-ubuntu.107712.0
[0.272s] -- Up-to-date: /home/a/deep-rl-navigation/DRL_robot_navigation_ros2/install/td3/share/td3//scripts/runs/events.out.tfevents.1702125602.vish-ubuntu.100692.0
[0.273s] -- Up-to-date: /home/a/deep-rl-navigation/DRL_robot_navigation_ros2/install/td3/share/td3//scripts/runs/events.out.tfevents.1702131626.vish-ubuntu.119656.0
[0.273s] -- Up-to-date: /home/a/deep-rl-navigation/DRL_robot_navigation_ros2/install/td3/share/td3//scripts/runs/events.out.tfevents.1702123944.vish-ubuntu.95824.0
[0.273s] -- Up-to-date: /home/a/deep-rl-navigation/DRL_robot_navigation_ros2/install/td3/share/td3//scripts/runs/events.out.tfevents.1702123618.vish-ubuntu.93261.0
[0.274s] -- Up-to-date: /home/a/deep-rl-navigation/DRL_robot_navigation_ros2/install/td3/share/td3//scripts/runs/events.out.tfevents.1702123835.vish-ubuntu.95058.0
[0.274s] -- Up-to-date: /home/a/deep-rl-navigation/DRL_robot_navigation_ros2/install/td3/share/td3//scripts/runs/events.out.tfevents.1702131643.vish-ubuntu.119992.0
[0.274s] -- Up-to-date: /home/a/deep-rl-navigation/DRL_robot_navigation_ros2/install/td3/share/td3//scripts/runs/events.out.tfevents.1702129469.vish-ubuntu.111832.0
[0.274s] -- Up-to-date: /home/a/deep-rl-navigation/DRL_robot_navigation_ros2/install/td3/share/td3//scripts/runs/events.out.tfevents.1702122323.vish-ubuntu.86336.0
[0.275s] -- Up-to-date: /home/a/deep-rl-navigation/DRL_robot_navigation_ros2/install/td3/share/td3//scripts/runs/events.out.tfevents.1702132223.vish-ubuntu.122468.0
[0.276s] -- Up-to-date: /home/a/deep-rl-navigation/DRL_robot_navigation_ros2/install/td3/share/td3//scripts/runs/events.out.tfevents.1702143581.vish-ubuntu.17439.0
[0.276s] -- Up-to-date: /home/a/deep-rl-navigation/DRL_robot_navigation_ros2/install/td3/share/td3//scripts/runs/events.out.tfevents.1702128034.vish-ubuntu.108558.0
[0.276s] -- Up-to-date: /home/a/deep-rl-navigation/DRL_robot_navigation_ros2/install/td3/share/td3//scripts/runs/events.out.tfevents.1702102710.vish-ubuntu.66278.0
[0.276s] -- Up-to-date: /home/a/deep-rl-navigation/DRL_robot_navigation_ros2/install/td3/share/td3//scripts/runs/events.out.tfevents.1702112304.vish-ubuntu.75006.0
[0.276s] -- Up-to-date: /home/a/deep-rl-navigation/DRL_robot_navigation_ros2/install/td3/share/td3//scripts/runs/events.out.tfevents.1702136930.vish-ubuntu.154661.0
[0.276s] -- Up-to-date: /home/a/deep-rl-navigation/DRL_robot_navigation_ros2/install/td3/share/td3//scripts/runs/events.out.tfevents.1702123044.vish-ubuntu.89428.0
[0.277s] -- Up-to-date: /home/a/deep-rl-navigation/DRL_robot_navigation_ros2/install/td3/share/td3//scripts/runs/events.out.tfevents.1702141865.vish-ubuntu.13513.0
[0.277s] -- Up-to-date: /home/a/deep-rl-navigation/DRL_robot_navigation_ros2/install/td3/share/td3//scripts/pytorch_models
[0.277s] -- Up-to-date: /home/a/deep-rl-navigation/DRL_robot_navigation_ros2/install/td3/share/td3//scripts/pytorch_models/td3_velodyne_critic.pth
[0.277s] -- Up-to-date: /home/a/deep-rl-navigation/DRL_robot_navigation_ros2/install/td3/share/td3//scripts/pytorch_models/td3_velodyne_actor.pth
[0.278s] -- Up-to-date: /home/a/deep-rl-navigation/DRL_robot_navigation_ros2/install/td3/share/td3//scripts/replay_buffer.py
[0.279s] -- Up-to-date: /home/a/deep-rl-navigation/DRL_robot_navigation_ros2/install/td3/share/td3//scripts/results
[0.279s] -- Up-to-date: /home/a/deep-rl-navigation/DRL_robot_navigation_ros2/install/td3/share/td3//scripts/results/TD3_velodyne.npy
[0.279s] -- Up-to-date: /home/a/deep-rl-navigation/DRL_robot_navigation_ros2/install/td3/share/td3//scripts/results/td3_velodyne.npy
[0.280s] -- Up-to-date: /home/a/deep-rl-navigation/DRL_robot_navigation_ros2/install/td3/share/td3//scripts/test_velodyne_node.py
[0.280s] -- Up-to-date: /home/a/deep-rl-navigation/DRL_robot_navigation_ros2/install/td3/share/td3//scripts/point_cloud2.py
[0.280s] -- Up-to-date: /home/a/deep-rl-navigation/DRL_robot_navigation_ros2/install/td3/share/td3//urdf
[0.280s] -- Up-to-date: /home/a/deep-rl-navigation/DRL_robot_navigation_ros2/install/td3/share/td3//urdf/td_robot.urdf
[0.282s] -- Up-to-date: /home/a/deep-rl-navigation/DRL_robot_navigation_ros2/install/td3/share/td3//urdf/meshes
[0.283s] -- Up-to-date: /home/a/deep-rl-navigation/DRL_robot_navigation_ros2/install/td3/share/td3//urdf/meshes/p3dx
[0.283s] -- Up-to-date: /home/a/deep-rl-navigation/DRL_robot_navigation_ros2/install/td3/share/td3//urdf/meshes/p3dx/back_sonar.stl
[0.284s] -- Up-to-date: /home/a/deep-rl-navigation/DRL_robot_navigation_ros2/install/td3/share/td3//urdf/meshes/p3dx/chassis.stl
[0.284s] -- Up-to-date: /home/a/deep-rl-navigation/DRL_robot_navigation_ros2/install/td3/share/td3//urdf/meshes/p3dx/right_hubcap.stl
[0.285s] -- Up-to-date: /home/a/deep-rl-navigation/DRL_robot_navigation_ros2/install/td3/share/td3//urdf/meshes/p3dx/center_hubcap.stl
[0.285s] -- Up-to-date: /home/a/deep-rl-navigation/DRL_robot_navigation_ros2/install/td3/share/td3//urdf/meshes/p3dx/right_wheel.stl
[0.286s] -- Up-to-date: /home/a/deep-rl-navigation/DRL_robot_navigation_ros2/install/td3/share/td3//urdf/meshes/p3dx/front_sonar.stl
[0.286s] -- Up-to-date: /home/a/deep-rl-navigation/DRL_robot_navigation_ros2/install/td3/share/td3//urdf/meshes/p3dx/front_rim.stl
[0.286s] -- Up-to-date: /home/a/deep-rl-navigation/DRL_robot_navigation_ros2/install/td3/share/td3//urdf/meshes/p3dx/center_wheel.stl
[0.286s] -- Up-to-date: /home/a/deep-rl-navigation/DRL_robot_navigation_ros2/install/td3/share/td3//urdf/meshes/p3dx/back_rim.stl
[0.286s] -- Up-to-date: /home/a/deep-rl-navigation/DRL_robot_navigation_ros2/install/td3/share/td3//urdf/meshes/p3dx/left_wheel.stl
[0.287s] -- Up-to-date: /home/a/deep-rl-navigation/DRL_robot_navigation_ros2/install/td3/share/td3//urdf/meshes/p3dx/Coordinates
[0.287s] -- Up-to-date: /home/a/deep-rl-navigation/DRL_robot_navigation_ros2/install/td3/share/td3//urdf/meshes/p3dx/left_hubcap.stl
[0.287s] -- Up-to-date: /home/a/deep-rl-navigation/DRL_robot_navigation_ros2/install/td3/share/td3//urdf/meshes/p3dx/swivel.stl
[0.287s] -- Up-to-date: /home/a/deep-rl-navigation/DRL_robot_navigation_ros2/install/td3/share/td3//urdf/meshes/p3dx/top.stl
[0.288s] -- Up-to-date: /home/a/deep-rl-navigation/DRL_robot_navigation_ros2/install/td3/share/td3//urdf/meshes/laser
[0.288s] -- Up-to-date: /home/a/deep-rl-navigation/DRL_robot_navigation_ros2/install/td3/share/td3//urdf/meshes/laser/hokuyo.dae
[0.288s] -- Up-to-date: /home/a/deep-rl-navigation/DRL_robot_navigation_ros2/install/td3/share/td3//worlds
[0.289s] -- Up-to-date: /home/a/deep-rl-navigation/DRL_robot_navigation_ros2/install/td3/share/td3//worlds/td3.world
[0.289s] -- Up-to-date: /home/a/deep-rl-navigation/DRL_robot_navigation_ros2/install/td3/lib/td3/replay_buffer.py
[0.290s] -- Up-to-date: /home/a/deep-rl-navigation/DRL_robot_navigation_ros2/install/td3/lib/td3/test_velodyne_node.py
[0.290s] -- Installing: /home/a/deep-rl-navigation/DRL_robot_navigation_ros2/install/td3/lib/td3/train_velodyne_node.py
[0.290s] -- Up-to-date: /home/a/deep-rl-navigation/DRL_robot_navigation_ros2/install/td3/lib/td3/point_cloud2.py
[0.290s] -- Up-to-date: /home/a/deep-rl-navigation/DRL_robot_navigation_ros2/install/td3/lib/td3/multi_robot_scenario.launch.py
[0.290s] -- Up-to-date: /home/a/deep-rl-navigation/DRL_robot_navigation_ros2/install/td3/lib/td3/robot_state_publisher.launch.py
[0.290s] -- Up-to-date: /home/a/deep-rl-navigation/DRL_robot_navigation_ros2/install/td3/lib/td3/training_simulation.launch.py
[0.291s] -- Up-to-date: /home/a/deep-rl-navigation/DRL_robot_navigation_ros2/install/td3/lib/td3/test_simulation.launch.py
[0.291s] -- Up-to-date: /home/a/deep-rl-navigation/DRL_robot_navigation_ros2/install/td3/lib/td3/pioneer3dx.rviz
[0.291s] -- Up-to-date: /home/a/deep-rl-navigation/DRL_robot_navigation_ros2/install/td3/share/ament_index/resource_index/package_run_dependencies/td3
[0.292s] -- Up-to-date: /home/a/deep-rl-navigation/DRL_robot_navigation_ros2/install/td3/share/ament_index/resource_index/parent_prefix_path/td3
[0.292s] -- Up-to-date: /home/a/deep-rl-navigation/DRL_robot_navigation_ros2/install/td3/share/td3/environment/ament_prefix_path.sh
[0.292s] -- Up-to-date: /home/a/deep-rl-navigation/DRL_robot_navigation_ros2/install/td3/share/td3/environment/ament_prefix_path.dsv
[0.292s] -- Up-to-date: /home/a/deep-rl-navigation/DRL_robot_navigation_ros2/install/td3/share/td3/environment/path.sh
[0.293s] -- Up-to-date: /home/a/deep-rl-navigation/DRL_robot_navigation_ros2/install/td3/share/td3/environment/path.dsv
[0.293s] -- Up-to-date: /home/a/deep-rl-navigation/DRL_robot_navigation_ros2/install/td3/share/td3/local_setup.bash
[0.293s] -- Up-to-date: /home/a/deep-rl-navigation/DRL_robot_navigation_ros2/install/td3/share/td3/local_setup.sh
[0.293s] -- Up-to-date: /home/a/deep-rl-navigation/DRL_robot_navigation_ros2/install/td3/share/td3/local_setup.zsh
[0.293s] -- Up-to-date: /home/a/deep-rl-navigation/DRL_robot_navigation_ros2/install/td3/share/td3/local_setup.dsv
[0.294s] -- Installing: /home/a/deep-rl-navigation/DRL_robot_navigation_ros2/install/td3/share/td3/package.dsv
[0.294s] -- Up-to-date: /home/a/deep-rl-navigation/DRL_robot_navigation_ros2/install/td3/share/ament_index/resource_index/packages/td3
[0.294s] -- Up-to-date: /home/a/deep-rl-navigation/DRL_robot_navigation_ros2/install/td3/share/td3/cmake/td3Config.cmake
[0.294s] -- Up-to-date: /home/a/deep-rl-navigation/DRL_robot_navigation_ros2/install/td3/share/td3/cmake/td3Config-version.cmake
[0.295s] -- Up-to-date: /home/a/deep-rl-navigation/DRL_robot_navigation_ros2/install/td3/share/td3/package.xml
[0.295s] Invoked command in '/home/a/deep-rl-navigation/DRL_robot_navigation_ros2/build/td3' returned '0': CMAKE_PREFIX_PATH=${CMAKE_PREFIX_PATH}:/opt/ros/humble /usr/bin/cmake --install /home/a/deep-rl-navigation/DRL_robot_navigation_ros2/build/td3
