[0.189s] DEBUG:colcon:Command line arguments: ['/usr/bin/colcon', 'build']
[0.189s] DEBUG:colcon:Parsed command line arguments: Namespace(log_base=None, log_level=None, verb_name='build', build_base='build', install_base='install', merge_install=False, symlink_install=False, test_result_base=None, continue_on_error=False, executor='parallel', parallel_workers=8, event_handlers=None, ignore_user_meta=False, metas=['./colcon.meta'], base_paths=['.'], packages_ignore=None, packages_ignore_regex=None, paths=None, packages_up_to=None, packages_up_to_regex=None, packages_above=None, packages_above_and_dependencies=None, packages_above_depth=None, packages_select_by_dep=None, packages_skip_by_dep=None, packages_skip_up_to=None, packages_select_build_failed=False, packages_skip_build_finished=False, packages_select_test_failures=False, packages_skip_test_passed=False, packages_select=None, packages_skip=None, packages_select_regex=None, packages_skip_regex=None, packages_start=None, packages_end=None, allow_overriding=[], cmake_args=None, cmake_target=None, cmake_target_skip_unavailable=False, cmake_clean_cache=False, cmake_clean_first=False, cmake_force_configure=False, ament_cmake_args=None, catkin_cmake_args=None, catkin_skip_building_tests=False, verb_parser=<colcon_defaults.argument_parser.defaults.DefaultArgumentsDecorator object at 0x7d4f4a14cb80>, verb_extension=<colcon_core.verb.build.BuildVerb object at 0x7d4f4a14c730>, main=<bound method BuildVerb.main of <colcon_core.verb.build.BuildVerb object at 0x7d4f4a14c730>>)
[0.523s] Level 1:colcon.colcon_core.package_discovery:discover_packages(colcon_meta) check parameters
[0.524s] Level 1:colcon.colcon_core.package_discovery:discover_packages(recursive) check parameters
[0.524s] Level 1:colcon.colcon_core.package_discovery:discover_packages(ignore) check parameters
[0.524s] Level 1:colcon.colcon_core.package_discovery:discover_packages(path) check parameters
[0.524s] Level 1:colcon.colcon_core.package_discovery:discover_packages(colcon_meta) discover
[0.524s] Level 1:colcon.colcon_core.package_discovery:discover_packages(recursive) discover
[0.524s] INFO:colcon.colcon_core.package_discovery:Crawling recursively for packages in '/home/a/deep-rl-navigation/DRL_robot_navigation_ros2'
[0.524s] Level 1:colcon.colcon_core.package_identification:_identify(.) by extensions ['ignore', 'ignore_ament_install']
[0.525s] Level 1:colcon.colcon_core.package_identification:_identify(.) by extension 'ignore'
[0.525s] Level 1:colcon.colcon_core.package_identification:_identify(.) by extension 'ignore_ament_install'
[0.525s] Level 1:colcon.colcon_core.package_identification:_identify(.) by extensions ['colcon_pkg']
[0.525s] Level 1:colcon.colcon_core.package_identification:_identify(.) by extension 'colcon_pkg'
[0.525s] Level 1:colcon.colcon_core.package_identification:_identify(.) by extensions ['colcon_meta']
[0.525s] Level 1:colcon.colcon_core.package_identification:_identify(.) by extension 'colcon_meta'
[0.525s] Level 1:colcon.colcon_core.package_identification:_identify(.) by extensions ['ros']
[0.525s] Level 1:colcon.colcon_core.package_identification:_identify(.) by extension 'ros'
[0.558s] Level 1:colcon.colcon_core.package_identification:_identify(.) by extensions ['cmake', 'python']
[0.558s] Level 1:colcon.colcon_core.package_identification:_identify(.) by extension 'cmake'
[0.558s] Level 1:colcon.colcon_core.package_identification:_identify(.) by extension 'python'
[0.558s] Level 1:colcon.colcon_core.package_identification:_identify(.) by extensions ['python_setup_py']
[0.558s] Level 1:colcon.colcon_core.package_identification:_identify(.) by extension 'python_setup_py'
[0.558s] Level 1:colcon.colcon_core.package_identification:_identify(build) by extensions ['ignore', 'ignore_ament_install']
[0.558s] Level 1:colcon.colcon_core.package_identification:_identify(build) by extension 'ignore'
[0.558s] Level 1:colcon.colcon_core.package_identification:_identify(build) ignored
[0.558s] Level 1:colcon.colcon_core.package_identification:_identify(install) by extensions ['ignore', 'ignore_ament_install']
[0.559s] Level 1:colcon.colcon_core.package_identification:_identify(install) by extension 'ignore'
[0.559s] Level 1:colcon.colcon_core.package_identification:_identify(install) ignored
[0.559s] Level 1:colcon.colcon_core.package_identification:_identify(log) by extensions ['ignore', 'ignore_ament_install']
[0.559s] Level 1:colcon.colcon_core.package_identification:_identify(log) by extension 'ignore'
[0.559s] Level 1:colcon.colcon_core.package_identification:_identify(log) ignored
[0.559s] Level 1:colcon.colcon_core.package_identification:_identify(src) by extensions ['ignore', 'ignore_ament_install']
[0.559s] Level 1:colcon.colcon_core.package_identification:_identify(src) by extension 'ignore'
[0.559s] Level 1:colcon.colcon_core.package_identification:_identify(src) by extension 'ignore_ament_install'
[0.560s] Level 1:colcon.colcon_core.package_identification:_identify(src) by extensions ['colcon_pkg']
[0.560s] Level 1:colcon.colcon_core.package_identification:_identify(src) by extension 'colcon_pkg'
[0.560s] Level 1:colcon.colcon_core.package_identification:_identify(src) by extensions ['colcon_meta']
[0.560s] Level 1:colcon.colcon_core.package_identification:_identify(src) by extension 'colcon_meta'
[0.560s] Level 1:colcon.colcon_core.package_identification:_identify(src) by extensions ['ros']
[0.560s] Level 1:colcon.colcon_core.package_identification:_identify(src) by extension 'ros'
[0.560s] Level 1:colcon.colcon_core.package_identification:_identify(src) by extensions ['cmake', 'python']
[0.560s] Level 1:colcon.colcon_core.package_identification:_identify(src) by extension 'cmake'
[0.560s] Level 1:colcon.colcon_core.package_identification:_identify(src) by extension 'python'
[0.560s] Level 1:colcon.colcon_core.package_identification:_identify(src) by extensions ['python_setup_py']
[0.560s] Level 1:colcon.colcon_core.package_identification:_identify(src) by extension 'python_setup_py'
[0.560s] Level 1:colcon.colcon_core.package_identification:_identify(src/td3) by extensions ['ignore', 'ignore_ament_install']
[0.561s] Level 1:colcon.colcon_core.package_identification:_identify(src/td3) by extension 'ignore'
[0.561s] Level 1:colcon.colcon_core.package_identification:_identify(src/td3) by extension 'ignore_ament_install'
[0.561s] Level 1:colcon.colcon_core.package_identification:_identify(src/td3) by extensions ['colcon_pkg']
[0.561s] Level 1:colcon.colcon_core.package_identification:_identify(src/td3) by extension 'colcon_pkg'
[0.561s] Level 1:colcon.colcon_core.package_identification:_identify(src/td3) by extensions ['colcon_meta']
[0.561s] Level 1:colcon.colcon_core.package_identification:_identify(src/td3) by extension 'colcon_meta'
[0.561s] Level 1:colcon.colcon_core.package_identification:_identify(src/td3) by extensions ['ros']
[0.561s] Level 1:colcon.colcon_core.package_identification:_identify(src/td3) by extension 'ros'
[0.566s] DEBUG:colcon.colcon_core.package_identification:Package 'src/td3' with type 'ros.ament_cmake' and name 'td3'
[0.566s] Level 1:colcon.colcon_core.package_identification:_identify(src/velodyne_simulator) by extensions ['ignore', 'ignore_ament_install']
[0.566s] Level 1:colcon.colcon_core.package_identification:_identify(src/velodyne_simulator) by extension 'ignore'
[0.566s] Level 1:colcon.colcon_core.package_identification:_identify(src/velodyne_simulator) by extension 'ignore_ament_install'
[0.566s] Level 1:colcon.colcon_core.package_identification:_identify(src/velodyne_simulator) by extensions ['colcon_pkg']
[0.566s] Level 1:colcon.colcon_core.package_identification:_identify(src/velodyne_simulator) by extension 'colcon_pkg'
[0.566s] Level 1:colcon.colcon_core.package_identification:_identify(src/velodyne_simulator) by extensions ['colcon_meta']
[0.566s] Level 1:colcon.colcon_core.package_identification:_identify(src/velodyne_simulator) by extension 'colcon_meta'
[0.566s] Level 1:colcon.colcon_core.package_identification:_identify(src/velodyne_simulator) by extensions ['ros']
[0.566s] Level 1:colcon.colcon_core.package_identification:_identify(src/velodyne_simulator) by extension 'ros'
[0.567s] Level 1:colcon.colcon_core.package_identification:_identify(src/velodyne_simulator) by extensions ['cmake', 'python']
[0.567s] Level 1:colcon.colcon_core.package_identification:_identify(src/velodyne_simulator) by extension 'cmake'
[0.567s] Level 1:colcon.colcon_core.package_identification:_identify(src/velodyne_simulator) by extension 'python'
[0.567s] Level 1:colcon.colcon_core.package_identification:_identify(src/velodyne_simulator) by extensions ['python_setup_py']
[0.567s] Level 1:colcon.colcon_core.package_identification:_identify(src/velodyne_simulator) by extension 'python_setup_py'
[0.567s] Level 1:colcon.colcon_core.package_identification:_identify(src/velodyne_simulator/img) by extensions ['ignore', 'ignore_ament_install']
[0.567s] Level 1:colcon.colcon_core.package_identification:_identify(src/velodyne_simulator/img) by extension 'ignore'
[0.567s] Level 1:colcon.colcon_core.package_identification:_identify(src/velodyne_simulator/img) by extension 'ignore_ament_install'
[0.568s] Level 1:colcon.colcon_core.package_identification:_identify(src/velodyne_simulator/img) by extensions ['colcon_pkg']
[0.568s] Level 1:colcon.colcon_core.package_identification:_identify(src/velodyne_simulator/img) by extension 'colcon_pkg'
[0.568s] Level 1:colcon.colcon_core.package_identification:_identify(src/velodyne_simulator/img) by extensions ['colcon_meta']
[0.568s] Level 1:colcon.colcon_core.package_identification:_identify(src/velodyne_simulator/img) by extension 'colcon_meta'
[0.568s] Level 1:colcon.colcon_core.package_identification:_identify(src/velodyne_simulator/img) by extensions ['ros']
[0.568s] Level 1:colcon.colcon_core.package_identification:_identify(src/velodyne_simulator/img) by extension 'ros'
[0.568s] Level 1:colcon.colcon_core.package_identification:_identify(src/velodyne_simulator/img) by extensions ['cmake', 'python']
[0.568s] Level 1:colcon.colcon_core.package_identification:_identify(src/velodyne_simulator/img) by extension 'cmake'
[0.569s] Level 1:colcon.colcon_core.package_identification:_identify(src/velodyne_simulator/img) by extension 'python'
[0.569s] Level 1:colcon.colcon_core.package_identification:_identify(src/velodyne_simulator/img) by extensions ['python_setup_py']
[0.569s] Level 1:colcon.colcon_core.package_identification:_identify(src/velodyne_simulator/img) by extension 'python_setup_py'
[0.569s] Level 1:colcon.colcon_core.package_identification:_identify(src/velodyne_simulator/velodyne_description) by extensions ['ignore', 'ignore_ament_install']
[0.569s] Level 1:colcon.colcon_core.package_identification:_identify(src/velodyne_simulator/velodyne_description) by extension 'ignore'
[0.569s] Level 1:colcon.colcon_core.package_identification:_identify(src/velodyne_simulator/velodyne_description) by extension 'ignore_ament_install'
[0.569s] Level 1:colcon.colcon_core.package_identification:_identify(src/velodyne_simulator/velodyne_description) by extensions ['colcon_pkg']
[0.569s] Level 1:colcon.colcon_core.package_identification:_identify(src/velodyne_simulator/velodyne_description) by extension 'colcon_pkg'
[0.569s] Level 1:colcon.colcon_core.package_identification:_identify(src/velodyne_simulator/velodyne_description) by extensions ['colcon_meta']
[0.569s] Level 1:colcon.colcon_core.package_identification:_identify(src/velodyne_simulator/velodyne_description) by extension 'colcon_meta'
[0.569s] Level 1:colcon.colcon_core.package_identification:_identify(src/velodyne_simulator/velodyne_description) by extensions ['ros']
[0.569s] Level 1:colcon.colcon_core.package_identification:_identify(src/velodyne_simulator/velodyne_description) by extension 'ros'
[0.570s] DEBUG:colcon.colcon_core.package_identification:Package 'src/velodyne_simulator/velodyne_description' with type 'ros.ament_cmake' and name 'velodyne_description'
[0.571s] Level 1:colcon.colcon_core.package_identification:_identify(src/velodyne_simulator/velodyne_gazebo_plugins) by extensions ['ignore', 'ignore_ament_install']
[0.571s] Level 1:colcon.colcon_core.package_identification:_identify(src/velodyne_simulator/velodyne_gazebo_plugins) by extension 'ignore'
[0.571s] Level 1:colcon.colcon_core.package_identification:_identify(src/velodyne_simulator/velodyne_gazebo_plugins) by extension 'ignore_ament_install'
[0.571s] Level 1:colcon.colcon_core.package_identification:_identify(src/velodyne_simulator/velodyne_gazebo_plugins) by extensions ['colcon_pkg']
[0.571s] Level 1:colcon.colcon_core.package_identification:_identify(src/velodyne_simulator/velodyne_gazebo_plugins) by extension 'colcon_pkg'
[0.571s] Level 1:colcon.colcon_core.package_identification:_identify(src/velodyne_simulator/velodyne_gazebo_plugins) by extensions ['colcon_meta']
[0.571s] Level 1:colcon.colcon_core.package_identification:_identify(src/velodyne_simulator/velodyne_gazebo_plugins) by extension 'colcon_meta'
[0.571s] Level 1:colcon.colcon_core.package_identification:_identify(src/velodyne_simulator/velodyne_gazebo_plugins) by extensions ['ros']
[0.572s] Level 1:colcon.colcon_core.package_identification:_identify(src/velodyne_simulator/velodyne_gazebo_plugins) by extension 'ros'
[0.573s] DEBUG:colcon.colcon_core.package_identification:Package 'src/velodyne_simulator/velodyne_gazebo_plugins' with type 'ros.ament_cmake' and name 'velodyne_gazebo_plugins'
[0.573s] Level 1:colcon.colcon_core.package_identification:_identify(src/velodyne_simulator/velodyne_simulator) by extensions ['ignore', 'ignore_ament_install']
[0.573s] Level 1:colcon.colcon_core.package_identification:_identify(src/velodyne_simulator/velodyne_simulator) by extension 'ignore'
[0.573s] Level 1:colcon.colcon_core.package_identification:_identify(src/velodyne_simulator/velodyne_simulator) by extension 'ignore_ament_install'
[0.573s] Level 1:colcon.colcon_core.package_identification:_identify(src/velodyne_simulator/velodyne_simulator) by extensions ['colcon_pkg']
[0.573s] Level 1:colcon.colcon_core.package_identification:_identify(src/velodyne_simulator/velodyne_simulator) by extension 'colcon_pkg'
[0.573s] Level 1:colcon.colcon_core.package_identification:_identify(src/velodyne_simulator/velodyne_simulator) by extensions ['colcon_meta']
[0.573s] Level 1:colcon.colcon_core.package_identification:_identify(src/velodyne_simulator/velodyne_simulator) by extension 'colcon_meta'
[0.574s] Level 1:colcon.colcon_core.package_identification:_identify(src/velodyne_simulator/velodyne_simulator) by extensions ['ros']
[0.574s] Level 1:colcon.colcon_core.package_identification:_identify(src/velodyne_simulator/velodyne_simulator) by extension 'ros'
[0.575s] DEBUG:colcon.colcon_core.package_identification:Package 'src/velodyne_simulator/velodyne_simulator' with type 'ros.ament_cmake' and name 'velodyne_simulator'
[0.575s] Level 1:colcon.colcon_core.package_discovery:discover_packages(recursive) using defaults
[0.575s] Level 1:colcon.colcon_core.package_discovery:discover_packages(ignore) discover
[0.575s] Level 1:colcon.colcon_core.package_discovery:discover_packages(ignore) using defaults
[0.575s] Level 1:colcon.colcon_core.package_discovery:discover_packages(path) discover
[0.575s] Level 1:colcon.colcon_core.package_discovery:discover_packages(path) using defaults
[0.607s] Level 1:colcon.colcon_core.package_discovery:discover_packages(prefix_path) check parameters
[0.607s] Level 1:colcon.colcon_core.package_discovery:discover_packages(prefix_path) discover
[0.609s] WARNING:colcon.colcon_ros.prefix_path.ament:The path '/home/a/deep-rl-navigation/DRL_robot_navigation_ros2/install/velodyne_simulator' in the environment variable AMENT_PREFIX_PATH doesn't exist
[0.609s] WARNING:colcon.colcon_ros.prefix_path.ament:The path '/home/a/deep-rl-navigation/DRL_robot_navigation_ros2/install/velodyne_gazebo_plugins' in the environment variable AMENT_PREFIX_PATH doesn't exist
[0.609s] WARNING:colcon.colcon_ros.prefix_path.ament:The path '/home/a/deep-rl-navigation/DRL_robot_navigation_ros2/install/velodyne_description' in the environment variable AMENT_PREFIX_PATH doesn't exist
[0.609s] WARNING:colcon.colcon_ros.prefix_path.ament:The path '/home/a/deep-rl-navigation/DRL_robot_navigation_ros2/install/td3' in the environment variable AMENT_PREFIX_PATH doesn't exist
[0.610s] WARNING:colcon.colcon_ros.prefix_path.catkin:The path '/home/a/deep-rl-navigation/DRL_robot_navigation_ros2/install/velodyne_simulator' in the environment variable CMAKE_PREFIX_PATH doesn't exist
[0.610s] WARNING:colcon.colcon_ros.prefix_path.catkin:The path '/home/a/deep-rl-navigation/DRL_robot_navigation_ros2/install/velodyne_gazebo_plugins' in the environment variable CMAKE_PREFIX_PATH doesn't exist
[0.610s] WARNING:colcon.colcon_ros.prefix_path.catkin:The path '/home/a/deep-rl-navigation/DRL_robot_navigation_ros2/install/velodyne_description' in the environment variable CMAKE_PREFIX_PATH doesn't exist
[0.610s] WARNING:colcon.colcon_ros.prefix_path.catkin:The path '/home/a/deep-rl-navigation/DRL_robot_navigation_ros2/install/td3' in the environment variable CMAKE_PREFIX_PATH doesn't exist
[0.611s] DEBUG:colcon.colcon_installed_package_information.package_discovery:Found 0 installed packages in /home/a/deep-rl-navigation/DRL_robot_navigation_ros2/install
[0.614s] DEBUG:colcon.colcon_installed_package_information.package_discovery:Found 278 installed packages in /opt/ros/humble
[0.617s] Level 1:colcon.colcon_core.package_discovery:discover_packages(prefix_path) using defaults
[0.690s] Level 5:colcon.colcon_core.verb:set package 'td3' build argument 'cmake_args' from command line to 'None'
[0.690s] Level 5:colcon.colcon_core.verb:set package 'td3' build argument 'cmake_target' from command line to 'None'
[0.690s] Level 5:colcon.colcon_core.verb:set package 'td3' build argument 'cmake_target_skip_unavailable' from command line to 'False'
[0.690s] Level 5:colcon.colcon_core.verb:set package 'td3' build argument 'cmake_clean_cache' from command line to 'False'
[0.690s] Level 5:colcon.colcon_core.verb:set package 'td3' build argument 'cmake_clean_first' from command line to 'False'
[0.690s] Level 5:colcon.colcon_core.verb:set package 'td3' build argument 'cmake_force_configure' from command line to 'False'
[0.690s] Level 5:colcon.colcon_core.verb:set package 'td3' build argument 'ament_cmake_args' from command line to 'None'
[0.690s] Level 5:colcon.colcon_core.verb:set package 'td3' build argument 'catkin_cmake_args' from command line to 'None'
[0.690s] Level 5:colcon.colcon_core.verb:set package 'td3' build argument 'catkin_skip_building_tests' from command line to 'False'
[0.690s] DEBUG:colcon.colcon_core.verb:Building package 'td3' with the following arguments: {'ament_cmake_args': None, 'build_base': '/home/a/deep-rl-navigation/DRL_robot_navigation_ros2/build/td3', 'catkin_cmake_args': None, 'catkin_skip_building_tests': False, 'cmake_args': None, 'cmake_clean_cache': False, 'cmake_clean_first': False, 'cmake_force_configure': False, 'cmake_target': None, 'cmake_target_skip_unavailable': False, 'install_base': '/home/a/deep-rl-navigation/DRL_robot_navigation_ros2/install/td3', 'merge_install': False, 'path': '/home/a/deep-rl-navigation/DRL_robot_navigation_ros2/src/td3', 'symlink_install': False, 'test_result_base': None}
[0.690s] Level 5:colcon.colcon_core.verb:set package 'velodyne_description' build argument 'cmake_args' from command line to 'None'
[0.690s] Level 5:colcon.colcon_core.verb:set package 'velodyne_description' build argument 'cmake_target' from command line to 'None'
[0.691s] Level 5:colcon.colcon_core.verb:set package 'velodyne_description' build argument 'cmake_target_skip_unavailable' from command line to 'False'
[0.691s] Level 5:colcon.colcon_core.verb:set package 'velodyne_description' build argument 'cmake_clean_cache' from command line to 'False'
[0.691s] Level 5:colcon.colcon_core.verb:set package 'velodyne_description' build argument 'cmake_clean_first' from command line to 'False'
[0.691s] Level 5:colcon.colcon_core.verb:set package 'velodyne_description' build argument 'cmake_force_configure' from command line to 'False'
[0.691s] Level 5:colcon.colcon_core.verb:set package 'velodyne_description' build argument 'ament_cmake_args' from command line to 'None'
[0.691s] Level 5:colcon.colcon_core.verb:set package 'velodyne_description' build argument 'catkin_cmake_args' from command line to 'None'
[0.691s] Level 5:colcon.colcon_core.verb:set package 'velodyne_description' build argument 'catkin_skip_building_tests' from command line to 'False'
[0.691s] DEBUG:colcon.colcon_core.verb:Building package 'velodyne_description' with the following arguments: {'ament_cmake_args': None, 'build_base': '/home/a/deep-rl-navigation/DRL_robot_navigation_ros2/build/velodyne_description', 'catkin_cmake_args': None, 'catkin_skip_building_tests': False, 'cmake_args': None, 'cmake_clean_cache': False, 'cmake_clean_first': False, 'cmake_force_configure': False, 'cmake_target': None, 'cmake_target_skip_unavailable': False, 'install_base': '/home/a/deep-rl-navigation/DRL_robot_navigation_ros2/install/velodyne_description', 'merge_install': False, 'path': '/home/a/deep-rl-navigation/DRL_robot_navigation_ros2/src/velodyne_simulator/velodyne_description', 'symlink_install': False, 'test_result_base': None}
[0.691s] Level 5:colcon.colcon_core.verb:set package 'velodyne_gazebo_plugins' build argument 'cmake_args' from command line to 'None'
[0.691s] Level 5:colcon.colcon_core.verb:set package 'velodyne_gazebo_plugins' build argument 'cmake_target' from command line to 'None'
[0.691s] Level 5:colcon.colcon_core.verb:set package 'velodyne_gazebo_plugins' build argument 'cmake_target_skip_unavailable' from command line to 'False'
[0.692s] Level 5:colcon.colcon_core.verb:set package 'velodyne_gazebo_plugins' build argument 'cmake_clean_cache' from command line to 'False'
[0.692s] Level 5:colcon.colcon_core.verb:set package 'velodyne_gazebo_plugins' build argument 'cmake_clean_first' from command line to 'False'
[0.692s] Level 5:colcon.colcon_core.verb:set package 'velodyne_gazebo_plugins' build argument 'cmake_force_configure' from command line to 'False'
[0.692s] Level 5:colcon.colcon_core.verb:set package 'velodyne_gazebo_plugins' build argument 'ament_cmake_args' from command line to 'None'
[0.692s] Level 5:colcon.colcon_core.verb:set package 'velodyne_gazebo_plugins' build argument 'catkin_cmake_args' from command line to 'None'
[0.692s] Level 5:colcon.colcon_core.verb:set package 'velodyne_gazebo_plugins' build argument 'catkin_skip_building_tests' from command line to 'False'
[0.692s] DEBUG:colcon.colcon_core.verb:Building package 'velodyne_gazebo_plugins' with the following arguments: {'ament_cmake_args': None, 'build_base': '/home/a/deep-rl-navigation/DRL_robot_navigation_ros2/build/velodyne_gazebo_plugins', 'catkin_cmake_args': None, 'catkin_skip_building_tests': False, 'cmake_args': None, 'cmake_clean_cache': False, 'cmake_clean_first': False, 'cmake_force_configure': False, 'cmake_target': None, 'cmake_target_skip_unavailable': False, 'install_base': '/home/a/deep-rl-navigation/DRL_robot_navigation_ros2/install/velodyne_gazebo_plugins', 'merge_install': False, 'path': '/home/a/deep-rl-navigation/DRL_robot_navigation_ros2/src/velodyne_simulator/velodyne_gazebo_plugins', 'symlink_install': False, 'test_result_base': None}
[0.692s] Level 5:colcon.colcon_core.verb:set package 'velodyne_simulator' build argument 'cmake_args' from command line to 'None'
[0.692s] Level 5:colcon.colcon_core.verb:set package 'velodyne_simulator' build argument 'cmake_target' from command line to 'None'
[0.693s] Level 5:colcon.colcon_core.verb:set package 'velodyne_simulator' build argument 'cmake_target_skip_unavailable' from command line to 'False'
[0.693s] Level 5:colcon.colcon_core.verb:set package 'velodyne_simulator' build argument 'cmake_clean_cache' from command line to 'False'
[0.693s] Level 5:colcon.colcon_core.verb:set package 'velodyne_simulator' build argument 'cmake_clean_first' from command line to 'False'
[0.693s] Level 5:colcon.colcon_core.verb:set package 'velodyne_simulator' build argument 'cmake_force_configure' from command line to 'False'
[0.693s] Level 5:colcon.colcon_core.verb:set package 'velodyne_simulator' build argument 'ament_cmake_args' from command line to 'None'
[0.693s] Level 5:colcon.colcon_core.verb:set package 'velodyne_simulator' build argument 'catkin_cmake_args' from command line to 'None'
[0.693s] Level 5:colcon.colcon_core.verb:set package 'velodyne_simulator' build argument 'catkin_skip_building_tests' from command line to 'False'
[0.693s] DEBUG:colcon.colcon_core.verb:Building package 'velodyne_simulator' with the following arguments: {'ament_cmake_args': None, 'build_base': '/home/a/deep-rl-navigation/DRL_robot_navigation_ros2/build/velodyne_simulator', 'catkin_cmake_args': None, 'catkin_skip_building_tests': False, 'cmake_args': None, 'cmake_clean_cache': False, 'cmake_clean_first': False, 'cmake_force_configure': False, 'cmake_target': None, 'cmake_target_skip_unavailable': False, 'install_base': '/home/a/deep-rl-navigation/DRL_robot_navigation_ros2/install/velodyne_simulator', 'merge_install': False, 'path': '/home/a/deep-rl-navigation/DRL_robot_navigation_ros2/src/velodyne_simulator/velodyne_simulator', 'symlink_install': False, 'test_result_base': None}
[0.693s] INFO:colcon.colcon_core.executor:Executing jobs using 'parallel' executor
[0.695s] DEBUG:colcon.colcon_parallel_executor.executor.parallel:run_until_complete
[0.696s] INFO:colcon.colcon_ros.task.ament_cmake.build:Building ROS package in '/home/a/deep-rl-navigation/DRL_robot_navigation_ros2/src/velodyne_simulator/velodyne_description' with build type 'ament_cmake'
[0.696s] INFO:colcon.colcon_cmake.task.cmake.build:Building CMake package in '/home/a/deep-rl-navigation/DRL_robot_navigation_ros2/src/velodyne_simulator/velodyne_description'
[0.700s] INFO:colcon.colcon_core.plugin_system:Skipping extension 'colcon_core.shell.bat': Not used on non-Windows systems
[0.700s] INFO:colcon.colcon_core.shell:Skip shell extension 'powershell' for command environment: Not usable outside of PowerShell
[0.700s] DEBUG:colcon.colcon_core.shell:Skip shell extension 'dsv' for command environment
[0.706s] INFO:colcon.colcon_ros.task.ament_cmake.build:Building ROS package in '/home/a/deep-rl-navigation/DRL_robot_navigation_ros2/src/velodyne_simulator/velodyne_gazebo_plugins' with build type 'ament_cmake'
[0.707s] INFO:colcon.colcon_cmake.task.cmake.build:Building CMake package in '/home/a/deep-rl-navigation/DRL_robot_navigation_ros2/src/velodyne_simulator/velodyne_gazebo_plugins'
[0.707s] INFO:colcon.colcon_core.shell:Skip shell extension 'powershell' for command environment: Not usable outside of PowerShell
[0.708s] DEBUG:colcon.colcon_core.shell:Skip shell extension 'dsv' for command environment
[0.714s] INFO:colcon.colcon_ros.task.ament_cmake.build:Building ROS package in '/home/a/deep-rl-navigation/DRL_robot_navigation_ros2/src/td3' with build type 'ament_cmake'
[0.714s] INFO:colcon.colcon_cmake.task.cmake.build:Building CMake package in '/home/a/deep-rl-navigation/DRL_robot_navigation_ros2/src/td3'
[0.714s] INFO:colcon.colcon_core.shell:Skip shell extension 'powershell' for command environment: Not usable outside of PowerShell
[0.714s] DEBUG:colcon.colcon_core.shell:Skip shell extension 'dsv' for command environment
[0.727s] DEBUG:colcon.colcon_core.event_handler.log_command:Invoking command in '/home/a/deep-rl-navigation/DRL_robot_navigation_ros2/build/velodyne_description': CMAKE_PREFIX_PATH=${CMAKE_PREFIX_PATH}:/opt/ros/humble /usr/bin/cmake /home/a/deep-rl-navigation/DRL_robot_navigation_ros2/src/velodyne_simulator/velodyne_description -DCMAKE_INSTALL_PREFIX=/home/a/deep-rl-navigation/DRL_robot_navigation_ros2/install/velodyne_description
[0.743s] DEBUG:colcon.colcon_core.event_handler.log_command:Invoking command in '/home/a/deep-rl-navigation/DRL_robot_navigation_ros2/build/velodyne_gazebo_plugins': CMAKE_PREFIX_PATH=${CMAKE_PREFIX_PATH}:/opt/ros/humble /usr/bin/cmake /home/a/deep-rl-navigation/DRL_robot_navigation_ros2/src/velodyne_simulator/velodyne_gazebo_plugins -DCMAKE_INSTALL_PREFIX=/home/a/deep-rl-navigation/DRL_robot_navigation_ros2/install/velodyne_gazebo_plugins
[0.746s] DEBUG:colcon.colcon_core.event_handler.log_command:Invoking command in '/home/a/deep-rl-navigation/DRL_robot_navigation_ros2/build/td3': CMAKE_PREFIX_PATH=${CMAKE_PREFIX_PATH}:/opt/ros/humble /usr/bin/cmake /home/a/deep-rl-navigation/DRL_robot_navigation_ros2/src/td3 -DCMAKE_INSTALL_PREFIX=/home/a/deep-rl-navigation/DRL_robot_navigation_ros2/install/td3
[2.142s] DEBUG:colcon.colcon_core.event_handler.log_command:Invoked command in '/home/a/deep-rl-navigation/DRL_robot_navigation_ros2/build/td3' returned '0': CMAKE_PREFIX_PATH=${CMAKE_PREFIX_PATH}:/opt/ros/humble /usr/bin/cmake /home/a/deep-rl-navigation/DRL_robot_navigation_ros2/src/td3 -DCMAKE_INSTALL_PREFIX=/home/a/deep-rl-navigation/DRL_robot_navigation_ros2/install/td3
[2.146s] DEBUG:colcon.colcon_core.event_handler.log_command:Invoking command in '/home/a/deep-rl-navigation/DRL_robot_navigation_ros2/build/td3': CMAKE_PREFIX_PATH=${CMAKE_PREFIX_PATH}:/opt/ros/humble /usr/bin/cmake --build /home/a/deep-rl-navigation/DRL_robot_navigation_ros2/build/td3 -- -j8 -l8
[2.240s] DEBUG:colcon.colcon_core.event_handler.log_command:Invoked command in '/home/a/deep-rl-navigation/DRL_robot_navigation_ros2/build/td3' returned '0': CMAKE_PREFIX_PATH=${CMAKE_PREFIX_PATH}:/opt/ros/humble /usr/bin/cmake --build /home/a/deep-rl-navigation/DRL_robot_navigation_ros2/build/td3 -- -j8 -l8
[2.328s] DEBUG:colcon.colcon_core.event_handler.log_command:Invoking command in '/home/a/deep-rl-navigation/DRL_robot_navigation_ros2/build/td3': CMAKE_PREFIX_PATH=${CMAKE_PREFIX_PATH}:/opt/ros/humble /usr/bin/cmake --install /home/a/deep-rl-navigation/DRL_robot_navigation_ros2/build/td3
[2.795s] Level 1:colcon.colcon_core.environment:create_environment_scripts_only(td3)
[2.797s] DEBUG:colcon.colcon_core.event_handler.log_command:Invoked command in '/home/a/deep-rl-navigation/DRL_robot_navigation_ros2/build/td3' returned '0': CMAKE_PREFIX_PATH=${CMAKE_PREFIX_PATH}:/opt/ros/humble /usr/bin/cmake --install /home/a/deep-rl-navigation/DRL_robot_navigation_ros2/build/td3
[2.801s] Level 1:colcon.colcon_core.environment:checking '/home/a/deep-rl-navigation/DRL_robot_navigation_ros2/install/td3' for CMake module files
[2.801s] Level 1:colcon.colcon_core.environment:checking '/home/a/deep-rl-navigation/DRL_robot_navigation_ros2/install/td3' for CMake config files
[2.802s] Level 1:colcon.colcon_core.shell:create_environment_hook('td3', 'cmake_prefix_path')
[2.802s] INFO:colcon.colcon_core.shell:Creating environment hook '/home/a/deep-rl-navigation/DRL_robot_navigation_ros2/install/td3/share/td3/hook/cmake_prefix_path.ps1'
[2.803s] INFO:colcon.colcon_core.shell:Creating environment descriptor '/home/a/deep-rl-navigation/DRL_robot_navigation_ros2/install/td3/share/td3/hook/cmake_prefix_path.dsv'
[2.804s] INFO:colcon.colcon_core.shell:Creating environment hook '/home/a/deep-rl-navigation/DRL_robot_navigation_ros2/install/td3/share/td3/hook/cmake_prefix_path.sh'
[2.807s] Level 1:colcon.colcon_core.environment:checking '/home/a/deep-rl-navigation/DRL_robot_navigation_ros2/install/td3/lib'
[2.808s] Level 1:colcon.colcon_core.environment:checking '/home/a/deep-rl-navigation/DRL_robot_navigation_ros2/install/td3/bin'
[2.808s] Level 1:colcon.colcon_core.environment:checking '/home/a/deep-rl-navigation/DRL_robot_navigation_ros2/install/td3/lib/pkgconfig/td3.pc'
[2.808s] Level 1:colcon.colcon_core.environment:checking '/home/a/deep-rl-navigation/DRL_robot_navigation_ros2/install/td3/lib/python3.10/site-packages'
[2.809s] Level 1:colcon.colcon_core.environment:checking '/home/a/deep-rl-navigation/DRL_robot_navigation_ros2/install/td3/bin'
[2.810s] INFO:colcon.colcon_core.shell:Creating package script '/home/a/deep-rl-navigation/DRL_robot_navigation_ros2/install/td3/share/td3/package.ps1'
[2.812s] INFO:colcon.colcon_core.shell:Creating package descriptor '/home/a/deep-rl-navigation/DRL_robot_navigation_ros2/install/td3/share/td3/package.dsv'
[2.814s] INFO:colcon.colcon_core.shell:Creating package script '/home/a/deep-rl-navigation/DRL_robot_navigation_ros2/install/td3/share/td3/package.sh'
[2.815s] INFO:colcon.colcon_core.shell:Creating package script '/home/a/deep-rl-navigation/DRL_robot_navigation_ros2/install/td3/share/td3/package.bash'
[2.818s] INFO:colcon.colcon_core.shell:Creating package script '/home/a/deep-rl-navigation/DRL_robot_navigation_ros2/install/td3/share/td3/package.zsh'
[2.820s] Level 1:colcon.colcon_core.environment:create_file_with_runtime_dependencies(/home/a/deep-rl-navigation/DRL_robot_navigation_ros2/install/td3/share/colcon-core/packages/td3)
[2.895s] Level 1:colcon.colcon_core.environment:create_environment_scripts_only(td3)
[2.895s] Level 1:colcon.colcon_core.environment:checking '/home/a/deep-rl-navigation/DRL_robot_navigation_ros2/install/td3' for CMake module files
[2.898s] Level 1:colcon.colcon_core.environment:checking '/home/a/deep-rl-navigation/DRL_robot_navigation_ros2/install/td3' for CMake config files
[2.898s] Level 1:colcon.colcon_core.shell:create_environment_hook('td3', 'cmake_prefix_path')
[2.898s] INFO:colcon.colcon_core.shell:Creating environment hook '/home/a/deep-rl-navigation/DRL_robot_navigation_ros2/install/td3/share/td3/hook/cmake_prefix_path.ps1'
[2.900s] INFO:colcon.colcon_core.shell:Creating environment descriptor '/home/a/deep-rl-navigation/DRL_robot_navigation_ros2/install/td3/share/td3/hook/cmake_prefix_path.dsv'
[2.901s] INFO:colcon.colcon_core.shell:Creating environment hook '/home/a/deep-rl-navigation/DRL_robot_navigation_ros2/install/td3/share/td3/hook/cmake_prefix_path.sh'
[2.903s] Level 1:colcon.colcon_core.environment:checking '/home/a/deep-rl-navigation/DRL_robot_navigation_ros2/install/td3/lib'
[2.904s] Level 1:colcon.colcon_core.environment:checking '/home/a/deep-rl-navigation/DRL_robot_navigation_ros2/install/td3/bin'
[2.904s] Level 1:colcon.colcon_core.environment:checking '/home/a/deep-rl-navigation/DRL_robot_navigation_ros2/install/td3/lib/pkgconfig/td3.pc'
[2.904s] Level 1:colcon.colcon_core.environment:checking '/home/a/deep-rl-navigation/DRL_robot_navigation_ros2/install/td3/lib/python3.10/site-packages'
[2.905s] Level 1:colcon.colcon_core.environment:checking '/home/a/deep-rl-navigation/DRL_robot_navigation_ros2/install/td3/bin'
[2.905s] INFO:colcon.colcon_core.shell:Creating package script '/home/a/deep-rl-navigation/DRL_robot_navigation_ros2/install/td3/share/td3/package.ps1'
[2.908s] INFO:colcon.colcon_core.shell:Creating package descriptor '/home/a/deep-rl-navigation/DRL_robot_navigation_ros2/install/td3/share/td3/package.dsv'
[2.910s] INFO:colcon.colcon_core.shell:Creating package script '/home/a/deep-rl-navigation/DRL_robot_navigation_ros2/install/td3/share/td3/package.sh'
[2.910s] INFO:colcon.colcon_core.shell:Creating package script '/home/a/deep-rl-navigation/DRL_robot_navigation_ros2/install/td3/share/td3/package.bash'
[2.911s] INFO:colcon.colcon_core.shell:Creating package script '/home/a/deep-rl-navigation/DRL_robot_navigation_ros2/install/td3/share/td3/package.zsh'
[2.913s] Level 1:colcon.colcon_core.environment:create_file_with_runtime_dependencies(/home/a/deep-rl-navigation/DRL_robot_navigation_ros2/install/td3/share/colcon-core/packages/td3)
[4.681s] DEBUG:colcon.colcon_core.event_handler.log_command:Invoked command in '/home/a/deep-rl-navigation/DRL_robot_navigation_ros2/build/velodyne_description' returned '0': CMAKE_PREFIX_PATH=${CMAKE_PREFIX_PATH}:/opt/ros/humble /usr/bin/cmake /home/a/deep-rl-navigation/DRL_robot_navigation_ros2/src/velodyne_simulator/velodyne_description -DCMAKE_INSTALL_PREFIX=/home/a/deep-rl-navigation/DRL_robot_navigation_ros2/install/velodyne_description
[4.687s] DEBUG:colcon.colcon_core.event_handler.log_command:Invoking command in '/home/a/deep-rl-navigation/DRL_robot_navigation_ros2/build/velodyne_description': CMAKE_PREFIX_PATH=${CMAKE_PREFIX_PATH}:/opt/ros/humble /usr/bin/cmake --build /home/a/deep-rl-navigation/DRL_robot_navigation_ros2/build/velodyne_description -- -j8 -l8
[4.808s] DEBUG:colcon.colcon_core.event_handler.log_command:Invoked command in '/home/a/deep-rl-navigation/DRL_robot_navigation_ros2/build/velodyne_description' returned '0': CMAKE_PREFIX_PATH=${CMAKE_PREFIX_PATH}:/opt/ros/humble /usr/bin/cmake --build /home/a/deep-rl-navigation/DRL_robot_navigation_ros2/build/velodyne_description -- -j8 -l8
[4.867s] DEBUG:colcon.colcon_core.event_handler.log_command:Invoking command in '/home/a/deep-rl-navigation/DRL_robot_navigation_ros2/build/velodyne_description': CMAKE_PREFIX_PATH=${CMAKE_PREFIX_PATH}:/opt/ros/humble /usr/bin/cmake --install /home/a/deep-rl-navigation/DRL_robot_navigation_ros2/build/velodyne_description
[5.242s] Level 1:colcon.colcon_core.environment:create_environment_scripts_only(velodyne_description)
[5.242s] Level 1:colcon.colcon_core.environment:checking '/home/a/deep-rl-navigation/DRL_robot_navigation_ros2/install/velodyne_description' for CMake module files
[5.244s] DEBUG:colcon.colcon_core.event_handler.log_command:Invoked command in '/home/a/deep-rl-navigation/DRL_robot_navigation_ros2/build/velodyne_description' returned '0': CMAKE_PREFIX_PATH=${CMAKE_PREFIX_PATH}:/opt/ros/humble /usr/bin/cmake --install /home/a/deep-rl-navigation/DRL_robot_navigation_ros2/build/velodyne_description
[5.244s] Level 1:colcon.colcon_core.environment:checking '/home/a/deep-rl-navigation/DRL_robot_navigation_ros2/install/velodyne_description' for CMake config files
[5.244s] Level 1:colcon.colcon_core.shell:create_environment_hook('velodyne_description', 'cmake_prefix_path')
[5.245s] INFO:colcon.colcon_core.shell:Creating environment hook '/home/a/deep-rl-navigation/DRL_robot_navigation_ros2/install/velodyne_description/share/velodyne_description/hook/cmake_prefix_path.ps1'
[5.245s] INFO:colcon.colcon_core.shell:Creating environment descriptor '/home/a/deep-rl-navigation/DRL_robot_navigation_ros2/install/velodyne_description/share/velodyne_description/hook/cmake_prefix_path.dsv'
[5.246s] INFO:colcon.colcon_core.shell:Creating environment hook '/home/a/deep-rl-navigation/DRL_robot_navigation_ros2/install/velodyne_description/share/velodyne_description/hook/cmake_prefix_path.sh'
[5.246s] Level 1:colcon.colcon_core.environment:checking '/home/a/deep-rl-navigation/DRL_robot_navigation_ros2/install/velodyne_description/bin'
[5.246s] Level 1:colcon.colcon_core.environment:checking '/home/a/deep-rl-navigation/DRL_robot_navigation_ros2/install/velodyne_description/lib/pkgconfig/velodyne_description.pc'
[5.247s] Level 1:colcon.colcon_core.environment:checking '/home/a/deep-rl-navigation/DRL_robot_navigation_ros2/install/velodyne_description/lib/python3.10/site-packages'
[5.247s] Level 1:colcon.colcon_core.environment:checking '/home/a/deep-rl-navigation/DRL_robot_navigation_ros2/install/velodyne_description/bin'
[5.247s] INFO:colcon.colcon_core.shell:Creating package script '/home/a/deep-rl-navigation/DRL_robot_navigation_ros2/install/velodyne_description/share/velodyne_description/package.ps1'
[5.249s] INFO:colcon.colcon_core.shell:Creating package descriptor '/home/a/deep-rl-navigation/DRL_robot_navigation_ros2/install/velodyne_description/share/velodyne_description/package.dsv'
[5.250s] INFO:colcon.colcon_core.shell:Creating package script '/home/a/deep-rl-navigation/DRL_robot_navigation_ros2/install/velodyne_description/share/velodyne_description/package.sh'
[5.251s] INFO:colcon.colcon_core.shell:Creating package script '/home/a/deep-rl-navigation/DRL_robot_navigation_ros2/install/velodyne_description/share/velodyne_description/package.bash'
[5.252s] INFO:colcon.colcon_core.shell:Creating package script '/home/a/deep-rl-navigation/DRL_robot_navigation_ros2/install/velodyne_description/share/velodyne_description/package.zsh'
[5.253s] Level 1:colcon.colcon_core.environment:create_file_with_runtime_dependencies(/home/a/deep-rl-navigation/DRL_robot_navigation_ros2/install/velodyne_description/share/colcon-core/packages/velodyne_description)
[5.329s] Level 1:colcon.colcon_core.environment:create_environment_scripts_only(velodyne_description)
[5.330s] Level 1:colcon.colcon_core.environment:checking '/home/a/deep-rl-navigation/DRL_robot_navigation_ros2/install/velodyne_description' for CMake module files
[5.331s] Level 1:colcon.colcon_core.environment:checking '/home/a/deep-rl-navigation/DRL_robot_navigation_ros2/install/velodyne_description' for CMake config files
[5.331s] Level 1:colcon.colcon_core.shell:create_environment_hook('velodyne_description', 'cmake_prefix_path')
[5.332s] INFO:colcon.colcon_core.shell:Creating environment hook '/home/a/deep-rl-navigation/DRL_robot_navigation_ros2/install/velodyne_description/share/velodyne_description/hook/cmake_prefix_path.ps1'
[5.333s] INFO:colcon.colcon_core.shell:Creating environment descriptor '/home/a/deep-rl-navigation/DRL_robot_navigation_ros2/install/velodyne_description/share/velodyne_description/hook/cmake_prefix_path.dsv'
[5.334s] INFO:colcon.colcon_core.shell:Creating environment hook '/home/a/deep-rl-navigation/DRL_robot_navigation_ros2/install/velodyne_description/share/velodyne_description/hook/cmake_prefix_path.sh'
[5.335s] Level 1:colcon.colcon_core.environment:checking '/home/a/deep-rl-navigation/DRL_robot_navigation_ros2/install/velodyne_description/bin'
[5.336s] Level 1:colcon.colcon_core.environment:checking '/home/a/deep-rl-navigation/DRL_robot_navigation_ros2/install/velodyne_description/lib/pkgconfig/velodyne_description.pc'
[5.336s] Level 1:colcon.colcon_core.environment:checking '/home/a/deep-rl-navigation/DRL_robot_navigation_ros2/install/velodyne_description/lib/python3.10/site-packages'
[5.337s] Level 1:colcon.colcon_core.environment:checking '/home/a/deep-rl-navigation/DRL_robot_navigation_ros2/install/velodyne_description/bin'
[5.337s] INFO:colcon.colcon_core.shell:Creating package script '/home/a/deep-rl-navigation/DRL_robot_navigation_ros2/install/velodyne_description/share/velodyne_description/package.ps1'
[5.338s] INFO:colcon.colcon_core.shell:Creating package descriptor '/home/a/deep-rl-navigation/DRL_robot_navigation_ros2/install/velodyne_description/share/velodyne_description/package.dsv'
[5.340s] INFO:colcon.colcon_core.shell:Creating package script '/home/a/deep-rl-navigation/DRL_robot_navigation_ros2/install/velodyne_description/share/velodyne_description/package.sh'
[5.341s] INFO:colcon.colcon_core.shell:Creating package script '/home/a/deep-rl-navigation/DRL_robot_navigation_ros2/install/velodyne_description/share/velodyne_description/package.bash'
[5.343s] INFO:colcon.colcon_core.shell:Creating package script '/home/a/deep-rl-navigation/DRL_robot_navigation_ros2/install/velodyne_description/share/velodyne_description/package.zsh'
[5.344s] Level 1:colcon.colcon_core.environment:create_file_with_runtime_dependencies(/home/a/deep-rl-navigation/DRL_robot_navigation_ros2/install/velodyne_description/share/colcon-core/packages/velodyne_description)
[6.641s] DEBUG:colcon.colcon_core.event_handler.log_command:Invoked command in '/home/a/deep-rl-navigation/DRL_robot_navigation_ros2/build/velodyne_gazebo_plugins' returned '0': CMAKE_PREFIX_PATH=${CMAKE_PREFIX_PATH}:/opt/ros/humble /usr/bin/cmake /home/a/deep-rl-navigation/DRL_robot_navigation_ros2/src/velodyne_simulator/velodyne_gazebo_plugins -DCMAKE_INSTALL_PREFIX=/home/a/deep-rl-navigation/DRL_robot_navigation_ros2/install/velodyne_gazebo_plugins
[6.646s] DEBUG:colcon.colcon_core.event_handler.log_command:Invoking command in '/home/a/deep-rl-navigation/DRL_robot_navigation_ros2/build/velodyne_gazebo_plugins': CMAKE_PREFIX_PATH=${CMAKE_PREFIX_PATH}:/opt/ros/humble /usr/bin/cmake --build /home/a/deep-rl-navigation/DRL_robot_navigation_ros2/build/velodyne_gazebo_plugins -- -j8 -l8
[35.464s] DEBUG:colcon.colcon_core.event_handler.log_command:Invoked command in '/home/a/deep-rl-navigation/DRL_robot_navigation_ros2/build/velodyne_gazebo_plugins' returned '0': CMAKE_PREFIX_PATH=${CMAKE_PREFIX_PATH}:/opt/ros/humble /usr/bin/cmake --build /home/a/deep-rl-navigation/DRL_robot_navigation_ros2/build/velodyne_gazebo_plugins -- -j8 -l8
[35.545s] DEBUG:colcon.colcon_core.event_handler.log_command:Invoking command in '/home/a/deep-rl-navigation/DRL_robot_navigation_ros2/build/velodyne_gazebo_plugins': CMAKE_PREFIX_PATH=${CMAKE_PREFIX_PATH}:/opt/ros/humble /usr/bin/cmake --install /home/a/deep-rl-navigation/DRL_robot_navigation_ros2/build/velodyne_gazebo_plugins
[35.580s] Level 1:colcon.colcon_core.environment:create_environment_scripts_only(velodyne_gazebo_plugins)
[35.581s] Level 1:colcon.colcon_core.environment:checking '/home/a/deep-rl-navigation/DRL_robot_navigation_ros2/install/velodyne_gazebo_plugins' for CMake module files
[35.582s] Level 1:colcon.colcon_core.environment:checking '/home/a/deep-rl-navigation/DRL_robot_navigation_ros2/install/velodyne_gazebo_plugins' for CMake config files
[35.583s] Level 1:colcon.colcon_core.shell:create_environment_hook('velodyne_gazebo_plugins', 'cmake_prefix_path')
[35.584s] INFO:colcon.colcon_core.shell:Creating environment hook '/home/a/deep-rl-navigation/DRL_robot_navigation_ros2/install/velodyne_gazebo_plugins/share/velodyne_gazebo_plugins/hook/cmake_prefix_path.ps1'
[35.585s] INFO:colcon.colcon_core.shell:Creating environment descriptor '/home/a/deep-rl-navigation/DRL_robot_navigation_ros2/install/velodyne_gazebo_plugins/share/velodyne_gazebo_plugins/hook/cmake_prefix_path.dsv'
[35.585s] INFO:colcon.colcon_core.shell:Creating environment hook '/home/a/deep-rl-navigation/DRL_robot_navigation_ros2/install/velodyne_gazebo_plugins/share/velodyne_gazebo_plugins/hook/cmake_prefix_path.sh'
[35.586s] DEBUG:colcon.colcon_core.event_handler.log_command:Invoked command in '/home/a/deep-rl-navigation/DRL_robot_navigation_ros2/build/velodyne_gazebo_plugins' returned '0': CMAKE_PREFIX_PATH=${CMAKE_PREFIX_PATH}:/opt/ros/humble /usr/bin/cmake --install /home/a/deep-rl-navigation/DRL_robot_navigation_ros2/build/velodyne_gazebo_plugins
[35.587s] Level 1:colcon.colcon_core.environment:checking '/home/a/deep-rl-navigation/DRL_robot_navigation_ros2/install/velodyne_gazebo_plugins/lib'
[35.587s] Level 1:colcon.colcon_core.shell:create_environment_hook('velodyne_gazebo_plugins', 'ld_library_path_lib')
[35.587s] INFO:colcon.colcon_core.shell:Creating environment hook '/home/a/deep-rl-navigation/DRL_robot_navigation_ros2/install/velodyne_gazebo_plugins/share/velodyne_gazebo_plugins/hook/ld_library_path_lib.ps1'
[35.588s] INFO:colcon.colcon_core.shell:Creating environment descriptor '/home/a/deep-rl-navigation/DRL_robot_navigation_ros2/install/velodyne_gazebo_plugins/share/velodyne_gazebo_plugins/hook/ld_library_path_lib.dsv'
[35.588s] INFO:colcon.colcon_core.shell:Creating environment hook '/home/a/deep-rl-navigation/DRL_robot_navigation_ros2/install/velodyne_gazebo_plugins/share/velodyne_gazebo_plugins/hook/ld_library_path_lib.sh'
[35.589s] Level 1:colcon.colcon_core.environment:checking '/home/a/deep-rl-navigation/DRL_robot_navigation_ros2/install/velodyne_gazebo_plugins/bin'
[35.589s] Level 1:colcon.colcon_core.environment:checking '/home/a/deep-rl-navigation/DRL_robot_navigation_ros2/install/velodyne_gazebo_plugins/lib/pkgconfig/velodyne_gazebo_plugins.pc'
[35.589s] Level 1:colcon.colcon_core.environment:checking '/home/a/deep-rl-navigation/DRL_robot_navigation_ros2/install/velodyne_gazebo_plugins/lib/python3.10/site-packages'
[35.589s] Level 1:colcon.colcon_core.environment:checking '/home/a/deep-rl-navigation/DRL_robot_navigation_ros2/install/velodyne_gazebo_plugins/bin'
[35.589s] INFO:colcon.colcon_core.shell:Creating package script '/home/a/deep-rl-navigation/DRL_robot_navigation_ros2/install/velodyne_gazebo_plugins/share/velodyne_gazebo_plugins/package.ps1'
[35.590s] INFO:colcon.colcon_core.shell:Creating package descriptor '/home/a/deep-rl-navigation/DRL_robot_navigation_ros2/install/velodyne_gazebo_plugins/share/velodyne_gazebo_plugins/package.dsv'
[35.590s] INFO:colcon.colcon_core.shell:Creating package script '/home/a/deep-rl-navigation/DRL_robot_navigation_ros2/install/velodyne_gazebo_plugins/share/velodyne_gazebo_plugins/package.sh'
[35.591s] INFO:colcon.colcon_core.shell:Creating package script '/home/a/deep-rl-navigation/DRL_robot_navigation_ros2/install/velodyne_gazebo_plugins/share/velodyne_gazebo_plugins/package.bash'
[35.592s] INFO:colcon.colcon_core.shell:Creating package script '/home/a/deep-rl-navigation/DRL_robot_navigation_ros2/install/velodyne_gazebo_plugins/share/velodyne_gazebo_plugins/package.zsh'
[35.592s] Level 1:colcon.colcon_core.environment:create_file_with_runtime_dependencies(/home/a/deep-rl-navigation/DRL_robot_navigation_ros2/install/velodyne_gazebo_plugins/share/colcon-core/packages/velodyne_gazebo_plugins)
[35.676s] Level 1:colcon.colcon_core.environment:create_environment_scripts_only(velodyne_gazebo_plugins)
[35.676s] Level 1:colcon.colcon_core.environment:checking '/home/a/deep-rl-navigation/DRL_robot_navigation_ros2/install/velodyne_gazebo_plugins' for CMake module files
[35.677s] Level 1:colcon.colcon_core.environment:checking '/home/a/deep-rl-navigation/DRL_robot_navigation_ros2/install/velodyne_gazebo_plugins' for CMake config files
[35.677s] Level 1:colcon.colcon_core.shell:create_environment_hook('velodyne_gazebo_plugins', 'cmake_prefix_path')
[35.678s] INFO:colcon.colcon_core.shell:Creating environment hook '/home/a/deep-rl-navigation/DRL_robot_navigation_ros2/install/velodyne_gazebo_plugins/share/velodyne_gazebo_plugins/hook/cmake_prefix_path.ps1'
[35.679s] INFO:colcon.colcon_core.shell:Creating environment descriptor '/home/a/deep-rl-navigation/DRL_robot_navigation_ros2/install/velodyne_gazebo_plugins/share/velodyne_gazebo_plugins/hook/cmake_prefix_path.dsv'
[35.681s] INFO:colcon.colcon_core.shell:Creating environment hook '/home/a/deep-rl-navigation/DRL_robot_navigation_ros2/install/velodyne_gazebo_plugins/share/velodyne_gazebo_plugins/hook/cmake_prefix_path.sh'
[35.682s] Level 1:colcon.colcon_core.environment:checking '/home/a/deep-rl-navigation/DRL_robot_navigation_ros2/install/velodyne_gazebo_plugins/lib'
[35.682s] Level 1:colcon.colcon_core.shell:create_environment_hook('velodyne_gazebo_plugins', 'ld_library_path_lib')
[35.683s] INFO:colcon.colcon_core.shell:Creating environment hook '/home/a/deep-rl-navigation/DRL_robot_navigation_ros2/install/velodyne_gazebo_plugins/share/velodyne_gazebo_plugins/hook/ld_library_path_lib.ps1'
[35.683s] INFO:colcon.colcon_core.shell:Creating environment descriptor '/home/a/deep-rl-navigation/DRL_robot_navigation_ros2/install/velodyne_gazebo_plugins/share/velodyne_gazebo_plugins/hook/ld_library_path_lib.dsv'
[35.684s] INFO:colcon.colcon_core.shell:Creating environment hook '/home/a/deep-rl-navigation/DRL_robot_navigation_ros2/install/velodyne_gazebo_plugins/share/velodyne_gazebo_plugins/hook/ld_library_path_lib.sh'
[35.685s] Level 1:colcon.colcon_core.environment:checking '/home/a/deep-rl-navigation/DRL_robot_navigation_ros2/install/velodyne_gazebo_plugins/bin'
[35.685s] Level 1:colcon.colcon_core.environment:checking '/home/a/deep-rl-navigation/DRL_robot_navigation_ros2/install/velodyne_gazebo_plugins/lib/pkgconfig/velodyne_gazebo_plugins.pc'
[35.686s] Level 1:colcon.colcon_core.environment:checking '/home/a/deep-rl-navigation/DRL_robot_navigation_ros2/install/velodyne_gazebo_plugins/lib/python3.10/site-packages'
[35.686s] Level 1:colcon.colcon_core.environment:checking '/home/a/deep-rl-navigation/DRL_robot_navigation_ros2/install/velodyne_gazebo_plugins/bin'
[35.687s] INFO:colcon.colcon_core.shell:Creating package script '/home/a/deep-rl-navigation/DRL_robot_navigation_ros2/install/velodyne_gazebo_plugins/share/velodyne_gazebo_plugins/package.ps1'
[35.688s] INFO:colcon.colcon_core.shell:Creating package descriptor '/home/a/deep-rl-navigation/DRL_robot_navigation_ros2/install/velodyne_gazebo_plugins/share/velodyne_gazebo_plugins/package.dsv'
[35.689s] INFO:colcon.colcon_core.shell:Creating package script '/home/a/deep-rl-navigation/DRL_robot_navigation_ros2/install/velodyne_gazebo_plugins/share/velodyne_gazebo_plugins/package.sh'
[35.690s] INFO:colcon.colcon_core.shell:Creating package script '/home/a/deep-rl-navigation/DRL_robot_navigation_ros2/install/velodyne_gazebo_plugins/share/velodyne_gazebo_plugins/package.bash'
[35.691s] INFO:colcon.colcon_core.shell:Creating package script '/home/a/deep-rl-navigation/DRL_robot_navigation_ros2/install/velodyne_gazebo_plugins/share/velodyne_gazebo_plugins/package.zsh'
[35.692s] Level 1:colcon.colcon_core.environment:create_file_with_runtime_dependencies(/home/a/deep-rl-navigation/DRL_robot_navigation_ros2/install/velodyne_gazebo_plugins/share/colcon-core/packages/velodyne_gazebo_plugins)
[35.693s] INFO:colcon.colcon_ros.task.ament_cmake.build:Building ROS package in '/home/a/deep-rl-navigation/DRL_robot_navigation_ros2/src/velodyne_simulator/velodyne_simulator' with build type 'ament_cmake'
[35.694s] INFO:colcon.colcon_cmake.task.cmake.build:Building CMake package in '/home/a/deep-rl-navigation/DRL_robot_navigation_ros2/src/velodyne_simulator/velodyne_simulator'
[35.694s] INFO:colcon.colcon_core.shell:Skip shell extension 'powershell' for command environment: Not usable outside of PowerShell
[35.694s] DEBUG:colcon.colcon_core.shell:Skip shell extension 'dsv' for command environment
[35.719s] DEBUG:colcon.colcon_core.event_handler.log_command:Invoking command in '/home/a/deep-rl-navigation/DRL_robot_navigation_ros2/build/velodyne_simulator': CMAKE_PREFIX_PATH=/home/a/deep-rl-navigation/DRL_robot_navigation_ros2/install/velodyne_gazebo_plugins:/home/a/deep-rl-navigation/DRL_robot_navigation_ros2/install/velodyne_description:/home/a/deep-rl-navigation/DRL_robot_navigation_ros2/install/velodyne_simulator:/home/a/deep-rl-navigation/DRL_robot_navigation_ros2/install/td3:/opt/ros/humble /usr/bin/cmake /home/a/deep-rl-navigation/DRL_robot_navigation_ros2/src/velodyne_simulator/velodyne_simulator -DCMAKE_INSTALL_PREFIX=/home/a/deep-rl-navigation/DRL_robot_navigation_ros2/install/velodyne_simulator
[36.887s] DEBUG:colcon.colcon_core.event_handler.log_command:Invoked command in '/home/a/deep-rl-navigation/DRL_robot_navigation_ros2/build/velodyne_simulator' returned '0': CMAKE_PREFIX_PATH=/home/a/deep-rl-navigation/DRL_robot_navigation_ros2/install/velodyne_gazebo_plugins:/home/a/deep-rl-navigation/DRL_robot_navigation_ros2/install/velodyne_description:/home/a/deep-rl-navigation/DRL_robot_navigation_ros2/install/velodyne_simulator:/home/a/deep-rl-navigation/DRL_robot_navigation_ros2/install/td3:/opt/ros/humble /usr/bin/cmake /home/a/deep-rl-navigation/DRL_robot_navigation_ros2/src/velodyne_simulator/velodyne_simulator -DCMAKE_INSTALL_PREFIX=/home/a/deep-rl-navigation/DRL_robot_navigation_ros2/install/velodyne_simulator
[36.891s] DEBUG:colcon.colcon_core.event_handler.log_command:Invoking command in '/home/a/deep-rl-navigation/DRL_robot_navigation_ros2/build/velodyne_simulator': CMAKE_PREFIX_PATH=/home/a/deep-rl-navigation/DRL_robot_navigation_ros2/install/velodyne_gazebo_plugins:/home/a/deep-rl-navigation/DRL_robot_navigation_ros2/install/velodyne_description:/home/a/deep-rl-navigation/DRL_robot_navigation_ros2/install/velodyne_simulator:/home/a/deep-rl-navigation/DRL_robot_navigation_ros2/install/td3:/opt/ros/humble /usr/bin/cmake --build /home/a/deep-rl-navigation/DRL_robot_navigation_ros2/build/velodyne_simulator -- -j8 -l8
[36.983s] DEBUG:colcon.colcon_core.event_handler.log_command:Invoked command in '/home/a/deep-rl-navigation/DRL_robot_navigation_ros2/build/velodyne_simulator' returned '0': CMAKE_PREFIX_PATH=/home/a/deep-rl-navigation/DRL_robot_navigation_ros2/install/velodyne_gazebo_plugins:/home/a/deep-rl-navigation/DRL_robot_navigation_ros2/install/velodyne_description:/home/a/deep-rl-navigation/DRL_robot_navigation_ros2/install/velodyne_simulator:/home/a/deep-rl-navigation/DRL_robot_navigation_ros2/install/td3:/opt/ros/humble /usr/bin/cmake --build /home/a/deep-rl-navigation/DRL_robot_navigation_ros2/build/velodyne_simulator -- -j8 -l8
[37.047s] DEBUG:colcon.colcon_core.event_handler.log_command:Invoking command in '/home/a/deep-rl-navigation/DRL_robot_navigation_ros2/build/velodyne_simulator': CMAKE_PREFIX_PATH=/home/a/deep-rl-navigation/DRL_robot_navigation_ros2/install/velodyne_gazebo_plugins:/home/a/deep-rl-navigation/DRL_robot_navigation_ros2/install/velodyne_description:/home/a/deep-rl-navigation/DRL_robot_navigation_ros2/install/velodyne_simulator:/home/a/deep-rl-navigation/DRL_robot_navigation_ros2/install/td3:/opt/ros/humble /usr/bin/cmake --install /home/a/deep-rl-navigation/DRL_robot_navigation_ros2/build/velodyne_simulator
[37.075s] Level 1:colcon.colcon_core.environment:create_environment_scripts_only(velodyne_simulator)
[37.076s] DEBUG:colcon.colcon_core.event_handler.log_command:Invoked command in '/home/a/deep-rl-navigation/DRL_robot_navigation_ros2/build/velodyne_simulator' returned '0': CMAKE_PREFIX_PATH=/home/a/deep-rl-navigation/DRL_robot_navigation_ros2/install/velodyne_gazebo_plugins:/home/a/deep-rl-navigation/DRL_robot_navigation_ros2/install/velodyne_description:/home/a/deep-rl-navigation/DRL_robot_navigation_ros2/install/velodyne_simulator:/home/a/deep-rl-navigation/DRL_robot_navigation_ros2/install/td3:/opt/ros/humble /usr/bin/cmake --install /home/a/deep-rl-navigation/DRL_robot_navigation_ros2/build/velodyne_simulator
[37.077s] Level 1:colcon.colcon_core.environment:checking '/home/a/deep-rl-navigation/DRL_robot_navigation_ros2/install/velodyne_simulator' for CMake module files
[37.078s] Level 1:colcon.colcon_core.environment:checking '/home/a/deep-rl-navigation/DRL_robot_navigation_ros2/install/velodyne_simulator' for CMake config files
[37.078s] Level 1:colcon.colcon_core.shell:create_environment_hook('velodyne_simulator', 'cmake_prefix_path')
[37.078s] INFO:colcon.colcon_core.shell:Creating environment hook '/home/a/deep-rl-navigation/DRL_robot_navigation_ros2/install/velodyne_simulator/share/velodyne_simulator/hook/cmake_prefix_path.ps1'
[37.079s] INFO:colcon.colcon_core.shell:Creating environment descriptor '/home/a/deep-rl-navigation/DRL_robot_navigation_ros2/install/velodyne_simulator/share/velodyne_simulator/hook/cmake_prefix_path.dsv'
[37.080s] INFO:colcon.colcon_core.shell:Creating environment hook '/home/a/deep-rl-navigation/DRL_robot_navigation_ros2/install/velodyne_simulator/share/velodyne_simulator/hook/cmake_prefix_path.sh'
[37.081s] Level 1:colcon.colcon_core.environment:checking '/home/a/deep-rl-navigation/DRL_robot_navigation_ros2/install/velodyne_simulator/bin'
[37.082s] Level 1:colcon.colcon_core.environment:checking '/home/a/deep-rl-navigation/DRL_robot_navigation_ros2/install/velodyne_simulator/lib/pkgconfig/velodyne_simulator.pc'
[37.082s] Level 1:colcon.colcon_core.environment:checking '/home/a/deep-rl-navigation/DRL_robot_navigation_ros2/install/velodyne_simulator/lib/python3.10/site-packages'
[37.083s] Level 1:colcon.colcon_core.environment:checking '/home/a/deep-rl-navigation/DRL_robot_navigation_ros2/install/velodyne_simulator/bin'
[37.083s] INFO:colcon.colcon_core.shell:Creating package script '/home/a/deep-rl-navigation/DRL_robot_navigation_ros2/install/velodyne_simulator/share/velodyne_simulator/package.ps1'
[37.084s] INFO:colcon.colcon_core.shell:Creating package descriptor '/home/a/deep-rl-navigation/DRL_robot_navigation_ros2/install/velodyne_simulator/share/velodyne_simulator/package.dsv'
[37.085s] INFO:colcon.colcon_core.shell:Creating package script '/home/a/deep-rl-navigation/DRL_robot_navigation_ros2/install/velodyne_simulator/share/velodyne_simulator/package.sh'
[37.086s] INFO:colcon.colcon_core.shell:Creating package script '/home/a/deep-rl-navigation/DRL_robot_navigation_ros2/install/velodyne_simulator/share/velodyne_simulator/package.bash'
[37.086s] INFO:colcon.colcon_core.shell:Creating package script '/home/a/deep-rl-navigation/DRL_robot_navigation_ros2/install/velodyne_simulator/share/velodyne_simulator/package.zsh'
[37.087s] Level 1:colcon.colcon_core.environment:create_file_with_runtime_dependencies(/home/a/deep-rl-navigation/DRL_robot_navigation_ros2/install/velodyne_simulator/share/colcon-core/packages/velodyne_simulator)
[37.153s] Level 1:colcon.colcon_core.environment:create_environment_scripts_only(velodyne_simulator)
[37.153s] Level 1:colcon.colcon_core.environment:checking '/home/a/deep-rl-navigation/DRL_robot_navigation_ros2/install/velodyne_simulator' for CMake module files
[37.154s] Level 1:colcon.colcon_core.environment:checking '/home/a/deep-rl-navigation/DRL_robot_navigation_ros2/install/velodyne_simulator' for CMake config files
[37.154s] Level 1:colcon.colcon_core.shell:create_environment_hook('velodyne_simulator', 'cmake_prefix_path')
[37.154s] INFO:colcon.colcon_core.shell:Creating environment hook '/home/a/deep-rl-navigation/DRL_robot_navigation_ros2/install/velodyne_simulator/share/velodyne_simulator/hook/cmake_prefix_path.ps1'
[37.156s] INFO:colcon.colcon_core.shell:Creating environment descriptor '/home/a/deep-rl-navigation/DRL_robot_navigation_ros2/install/velodyne_simulator/share/velodyne_simulator/hook/cmake_prefix_path.dsv'
[37.157s] INFO:colcon.colcon_core.shell:Creating environment hook '/home/a/deep-rl-navigation/DRL_robot_navigation_ros2/install/velodyne_simulator/share/velodyne_simulator/hook/cmake_prefix_path.sh'
[37.158s] Level 1:colcon.colcon_core.environment:checking '/home/a/deep-rl-navigation/DRL_robot_navigation_ros2/install/velodyne_simulator/bin'
[37.159s] Level 1:colcon.colcon_core.environment:checking '/home/a/deep-rl-navigation/DRL_robot_navigation_ros2/install/velodyne_simulator/lib/pkgconfig/velodyne_simulator.pc'
[37.159s] Level 1:colcon.colcon_core.environment:checking '/home/a/deep-rl-navigation/DRL_robot_navigation_ros2/install/velodyne_simulator/lib/python3.10/site-packages'
[37.159s] Level 1:colcon.colcon_core.environment:checking '/home/a/deep-rl-navigation/DRL_robot_navigation_ros2/install/velodyne_simulator/bin'
[37.160s] INFO:colcon.colcon_core.shell:Creating package script '/home/a/deep-rl-navigation/DRL_robot_navigation_ros2/install/velodyne_simulator/share/velodyne_simulator/package.ps1'
[37.161s] INFO:colcon.colcon_core.shell:Creating package descriptor '/home/a/deep-rl-navigation/DRL_robot_navigation_ros2/install/velodyne_simulator/share/velodyne_simulator/package.dsv'
[37.162s] INFO:colcon.colcon_core.shell:Creating package script '/home/a/deep-rl-navigation/DRL_robot_navigation_ros2/install/velodyne_simulator/share/velodyne_simulator/package.sh'
[37.163s] INFO:colcon.colcon_core.shell:Creating package script '/home/a/deep-rl-navigation/DRL_robot_navigation_ros2/install/velodyne_simulator/share/velodyne_simulator/package.bash'
[37.164s] INFO:colcon.colcon_core.shell:Creating package script '/home/a/deep-rl-navigation/DRL_robot_navigation_ros2/install/velodyne_simulator/share/velodyne_simulator/package.zsh'
[37.165s] Level 1:colcon.colcon_core.environment:create_file_with_runtime_dependencies(/home/a/deep-rl-navigation/DRL_robot_navigation_ros2/install/velodyne_simulator/share/colcon-core/packages/velodyne_simulator)
[37.166s] DEBUG:colcon.colcon_parallel_executor.executor.parallel:closing loop
[37.167s] DEBUG:colcon.colcon_parallel_executor.executor.parallel:loop closed
[37.167s] DEBUG:colcon.colcon_parallel_executor.executor.parallel:run_until_complete finished with '0'
[37.167s] DEBUG:colcon.colcon_core.event_reactor:joining thread
[37.178s] INFO:colcon.colcon_core.plugin_system:Skipping extension 'colcon_notification.desktop_notification.terminal_notifier': Not used on non-Darwin systems
[37.178s] INFO:colcon.colcon_core.plugin_system:Skipping extension 'colcon_notification.desktop_notification.win32': Not used on non-Windows systems
[37.178s] INFO:colcon.colcon_notification.desktop_notification:Sending desktop notification using 'notify2'
[37.205s] DEBUG:colcon.colcon_core.event_reactor:joined thread
[37.206s] INFO:colcon.colcon_core.shell:Creating prefix script '/home/a/deep-rl-navigation/DRL_robot_navigation_ros2/install/local_setup.ps1'
[37.207s] INFO:colcon.colcon_core.shell:Creating prefix util module '/home/a/deep-rl-navigation/DRL_robot_navigation_ros2/install/_local_setup_util_ps1.py'
[37.209s] INFO:colcon.colcon_core.shell:Creating prefix chain script '/home/a/deep-rl-navigation/DRL_robot_navigation_ros2/install/setup.ps1'
[37.212s] INFO:colcon.colcon_core.shell:Creating prefix script '/home/a/deep-rl-navigation/DRL_robot_navigation_ros2/install/local_setup.sh'
[37.213s] INFO:colcon.colcon_core.shell:Creating prefix util module '/home/a/deep-rl-navigation/DRL_robot_navigation_ros2/install/_local_setup_util_sh.py'
[37.214s] INFO:colcon.colcon_core.shell:Creating prefix chain script '/home/a/deep-rl-navigation/DRL_robot_navigation_ros2/install/setup.sh'
[37.217s] INFO:colcon.colcon_core.shell:Creating prefix script '/home/a/deep-rl-navigation/DRL_robot_navigation_ros2/install/local_setup.bash'
[37.218s] INFO:colcon.colcon_core.shell:Creating prefix chain script '/home/a/deep-rl-navigation/DRL_robot_navigation_ros2/install/setup.bash'
[37.220s] INFO:colcon.colcon_core.shell:Creating prefix script '/home/a/deep-rl-navigation/DRL_robot_navigation_ros2/install/local_setup.zsh'
[37.221s] INFO:colcon.colcon_core.shell:Creating prefix chain script '/home/a/deep-rl-navigation/DRL_robot_navigation_ros2/install/setup.zsh'
