[0.030s] Invoking command in '/home/a/deep-rl-navigation/DRL_robot_navigation_ros2/build/velodyne_description': CMAKE_PREFIX_PATH=${CMAKE_PREFIX_PATH}:/opt/ros/humble /usr/bin/cmake --build /home/a/deep-rl-navigation/DRL_robot_navigation_ros2/build/velodyne_description -- -j8 -l8
[0.105s] Invoked command in '/home/a/deep-rl-navigation/DRL_robot_navigation_ros2/build/velodyne_description' returned '0': CMAKE_PREFIX_PATH=${CMAKE_PREFIX_PATH}:/opt/ros/humble /usr/bin/cmake --build /home/a/deep-rl-navigation/DRL_robot_navigation_ros2/build/velodyne_description -- -j8 -l8
[0.173s] Invoking command in '/home/a/deep-rl-navigation/DRL_robot_navigation_ros2/build/velodyne_description': CMAKE_PREFIX_PATH=${CMAKE_PREFIX_PATH}:/opt/ros/humble /usr/bin/cmake --install /home/a/deep-rl-navigation/DRL_robot_navigation_ros2/build/velodyne_description
[0.185s] -- Install configuration: ""
[0.185s] -- Up-to-date: /home/a/deep-rl-navigation/DRL_robot_navigation_ros2/install/velodyne_description/share/ament_index/resource_index/package_run_dependencies/velodyne_description
[0.185s] -- Up-to-date: /home/a/deep-rl-navigation/DRL_robot_navigation_ros2/install/velodyne_description/share/ament_index/resource_index/parent_prefix_path/velodyne_description
[0.186s] -- Up-to-date: /home/a/deep-rl-navigation/DRL_robot_navigation_ros2/install/velodyne_description/share/velodyne_description/environment/ament_prefix_path.sh
[0.186s] -- Up-to-date: /home/a/deep-rl-navigation/DRL_robot_navigation_ros2/install/velodyne_description/share/velodyne_description/environment/ament_prefix_path.dsv
[0.186s] -- Up-to-date: /home/a/deep-rl-navigation/DRL_robot_navigation_ros2/install/velodyne_description/share/velodyne_description/environment/path.sh
[0.186s] -- Up-to-date: /home/a/deep-rl-navigation/DRL_robot_navigation_ros2/install/velodyne_description/share/velodyne_description/environment/path.dsv
[0.187s] -- Up-to-date: /home/a/deep-rl-navigation/DRL_robot_navigation_ros2/install/velodyne_description/share/velodyne_description/local_setup.bash
[0.187s] -- Up-to-date: /home/a/deep-rl-navigation/DRL_robot_navigation_ros2/install/velodyne_description/share/velodyne_description/local_setup.sh
[0.187s] -- Up-to-date: /home/a/deep-rl-navigation/DRL_robot_navigation_ros2/install/velodyne_description/share/velodyne_description/local_setup.zsh
[0.187s] -- Up-to-date: /home/a/deep-rl-navigation/DRL_robot_navigation_ros2/install/velodyne_description/share/velodyne_description/local_setup.dsv
[0.188s] -- Installing: /home/a/deep-rl-navigation/DRL_robot_navigation_ros2/install/velodyne_description/share/velodyne_description/package.dsv
[0.188s] -- Up-to-date: /home/a/deep-rl-navigation/DRL_robot_navigation_ros2/install/velodyne_description/share/ament_index/resource_index/packages/velodyne_description
[0.188s] -- Up-to-date: /home/a/deep-rl-navigation/DRL_robot_navigation_ros2/install/velodyne_description/share/velodyne_description/cmake/ament_cmake_export_dependencies-extras.cmake
[0.188s] -- Up-to-date: /home/a/deep-rl-navigation/DRL_robot_navigation_ros2/install/velodyne_description/share/velodyne_description/cmake/velodyne_descriptionConfig.cmake
[0.189s] -- Up-to-date: /home/a/deep-rl-navigation/DRL_robot_navigation_ros2/install/velodyne_description/share/velodyne_description/cmake/velodyne_descriptionConfig-version.cmake
[0.189s] -- Up-to-date: /home/a/deep-rl-navigation/DRL_robot_navigation_ros2/install/velodyne_description/share/velodyne_description/package.xml
[0.189s] -- Up-to-date: /home/a/deep-rl-navigation/DRL_robot_navigation_ros2/install/velodyne_description/share/velodyne_description/launch
[0.189s] -- Up-to-date: /home/a/deep-rl-navigation/DRL_robot_navigation_ros2/install/velodyne_description/share/velodyne_description/launch/example-launch.py
[0.189s] -- Up-to-date: /home/a/deep-rl-navigation/DRL_robot_navigation_ros2/install/velodyne_description/share/velodyne_description/meshes
[0.190s] -- Up-to-date: /home/a/deep-rl-navigation/DRL_robot_navigation_ros2/install/velodyne_description/share/velodyne_description/meshes/VLP16_base_1.stl
[0.190s] -- Up-to-date: /home/a/deep-rl-navigation/DRL_robot_navigation_ros2/install/velodyne_description/share/velodyne_description/meshes/HDL32E_scan.dae
[0.190s] -- Up-to-date: /home/a/deep-rl-navigation/DRL_robot_navigation_ros2/install/velodyne_description/share/velodyne_description/meshes/VLP16_base_1.dae
[0.190s] -- Up-to-date: /home/a/deep-rl-navigation/DRL_robot_navigation_ros2/install/velodyne_description/share/velodyne_description/meshes/VLP16_scan.stl
[0.190s] -- Up-to-date: /home/a/deep-rl-navigation/DRL_robot_navigation_ros2/install/velodyne_description/share/velodyne_description/meshes/HDL32E_scan.stl
[0.190s] -- Up-to-date: /home/a/deep-rl-navigation/DRL_robot_navigation_ros2/install/velodyne_description/share/velodyne_description/meshes/HDL32E_base.dae
[0.190s] -- Up-to-date: /home/a/deep-rl-navigation/DRL_robot_navigation_ros2/install/velodyne_description/share/velodyne_description/meshes/VLP16_base_2.dae
[0.191s] -- Up-to-date: /home/a/deep-rl-navigation/DRL_robot_navigation_ros2/install/velodyne_description/share/velodyne_description/meshes/HDL32E_base.stl
[0.191s] -- Up-to-date: /home/a/deep-rl-navigation/DRL_robot_navigation_ros2/install/velodyne_description/share/velodyne_description/meshes/VLP16_scan.dae
[0.192s] -- Up-to-date: /home/a/deep-rl-navigation/DRL_robot_navigation_ros2/install/velodyne_description/share/velodyne_description/meshes/VLP16_base_2.stl
[0.192s] -- Up-to-date: /home/a/deep-rl-navigation/DRL_robot_navigation_ros2/install/velodyne_description/share/velodyne_description/rviz
[0.193s] -- Up-to-date: /home/a/deep-rl-navigation/DRL_robot_navigation_ros2/install/velodyne_description/share/velodyne_description/rviz/example.rviz
[0.193s] -- Up-to-date: /home/a/deep-rl-navigation/DRL_robot_navigation_ros2/install/velodyne_description/share/velodyne_description/urdf
[0.193s] -- Up-to-date: /home/a/deep-rl-navigation/DRL_robot_navigation_ros2/install/velodyne_description/share/velodyne_description/urdf/example.urdf.xacro
[0.194s] -- Up-to-date: /home/a/deep-rl-navigation/DRL_robot_navigation_ros2/install/velodyne_description/share/velodyne_description/urdf/VLP-16.urdf.xacro
[0.195s] -- Up-to-date: /home/a/deep-rl-navigation/DRL_robot_navigation_ros2/install/velodyne_description/share/velodyne_description/urdf/HDL-32E.urdf.xacro
[0.195s] -- Up-to-date: /home/a/deep-rl-navigation/DRL_robot_navigation_ros2/install/velodyne_description/share/velodyne_description/urdf/VLP-32C.urdf.xacro
[0.195s] -- Up-to-date: /home/a/deep-rl-navigation/DRL_robot_navigation_ros2/install/velodyne_description/share/velodyne_description/world
[0.196s] -- Up-to-date: /home/a/deep-rl-navigation/DRL_robot_navigation_ros2/install/velodyne_description/share/velodyne_description/world/lio_sam.model
[0.196s] -- Up-to-date: /home/a/deep-rl-navigation/DRL_robot_navigation_ros2/install/velodyne_description/share/velodyne_description/world/example.world
[0.197s] -- Up-to-date: /home/a/deep-rl-navigation/DRL_robot_navigation_ros2/install/velodyne_description/share/velodyne_description/models
[0.197s] -- Up-to-date: /home/a/deep-rl-navigation/DRL_robot_navigation_ros2/install/velodyne_description/share/velodyne_description/models/rs_robot
[0.198s] -- Up-to-date: /home/a/deep-rl-navigation/DRL_robot_navigation_ros2/install/velodyne_description/share/velodyne_description/models/rs_robot/meshes
[0.200s] -- Up-to-date: /home/a/deep-rl-navigation/DRL_robot_navigation_ros2/install/velodyne_description/share/velodyne_description/models/rs_robot/meshes/DAE
[0.201s] -- Up-to-date: /home/a/deep-rl-navigation/DRL_robot_navigation_ros2/install/velodyne_description/share/velodyne_description/models/rs_robot/meshes/DAE/wheel
[0.202s] -- Up-to-date: /home/a/deep-rl-navigation/DRL_robot_navigation_ros2/install/velodyne_description/share/velodyne_description/models/rs_robot/meshes/DAE/wheel/wheel_link.dae
[0.203s] -- Up-to-date: /home/a/deep-rl-navigation/DRL_robot_navigation_ros2/install/velodyne_description/share/velodyne_description/models/rs_robot/meshes/DAE/sensors
[0.203s] -- Up-to-date: /home/a/deep-rl-navigation/DRL_robot_navigation_ros2/install/velodyne_description/share/velodyne_description/models/rs_robot/meshes/DAE/sensors/camera
[0.204s] -- Up-to-date: /home/a/deep-rl-navigation/DRL_robot_navigation_ros2/install/velodyne_description/share/velodyne_description/models/rs_robot/meshes/DAE/sensors/camera/camera.dae
[0.205s] -- Up-to-date: /home/a/deep-rl-navigation/DRL_robot_navigation_ros2/install/velodyne_description/share/velodyne_description/models/rs_robot/meshes/DAE/sensors/gps
[0.206s] -- Up-to-date: /home/a/deep-rl-navigation/DRL_robot_navigation_ros2/install/velodyne_description/share/velodyne_description/models/rs_robot/meshes/DAE/sensors/gps/gps.dae
[0.210s] -- Up-to-date: /home/a/deep-rl-navigation/DRL_robot_navigation_ros2/install/velodyne_description/share/velodyne_description/models/rs_robot/meshes/DAE/sensors/gps/gps_texture.png
[0.210s] -- Up-to-date: /home/a/deep-rl-navigation/DRL_robot_navigation_ros2/install/velodyne_description/share/velodyne_description/models/rs_robot/meshes/DAE/sensors/gim30
[0.211s] -- Up-to-date: /home/a/deep-rl-navigation/DRL_robot_navigation_ros2/install/velodyne_description/share/velodyne_description/models/rs_robot/meshes/DAE/sensors/gim30/gim30.dae
[0.213s] -- Up-to-date: /home/a/deep-rl-navigation/DRL_robot_navigation_ros2/install/velodyne_description/share/velodyne_description/models/rs_robot/meshes/DAE/sensors/gim30/gim30_lrf_texture.png
[0.214s] -- Up-to-date: /home/a/deep-rl-navigation/DRL_robot_navigation_ros2/install/velodyne_description/share/velodyne_description/models/rs_robot/meshes/DAE/sensors/rear_lrf
[0.215s] -- Up-to-date: /home/a/deep-rl-navigation/DRL_robot_navigation_ros2/install/velodyne_description/share/velodyne_description/models/rs_robot/meshes/DAE/sensors/rear_lrf/rear_lrf.dae
[0.215s] -- Up-to-date: /home/a/deep-rl-navigation/DRL_robot_navigation_ros2/install/velodyne_description/share/velodyne_description/models/rs_robot/meshes/DAE/sensors/rear_lrf/urg_texture.png
[0.215s] -- Up-to-date: /home/a/deep-rl-navigation/DRL_robot_navigation_ros2/install/velodyne_description/share/velodyne_description/models/rs_robot/meshes/DAE/sensors/front_lrf
[0.216s] -- Up-to-date: /home/a/deep-rl-navigation/DRL_robot_navigation_ros2/install/velodyne_description/share/velodyne_description/models/rs_robot/meshes/DAE/sensors/front_lrf/lrf_texture.png
[0.216s] -- Up-to-date: /home/a/deep-rl-navigation/DRL_robot_navigation_ros2/install/velodyne_description/share/velodyne_description/models/rs_robot/meshes/DAE/sensors/front_lrf/front_lrf.dae
[0.217s] -- Up-to-date: /home/a/deep-rl-navigation/DRL_robot_navigation_ros2/install/velodyne_description/share/velodyne_description/models/rs_robot/meshes/DAE/suspension
[0.217s] -- Up-to-date: /home/a/deep-rl-navigation/DRL_robot_navigation_ros2/install/velodyne_description/share/velodyne_description/models/rs_robot/meshes/DAE/suspension/rear_right_link.dae
[0.217s] -- Up-to-date: /home/a/deep-rl-navigation/DRL_robot_navigation_ros2/install/velodyne_description/share/velodyne_description/models/rs_robot/meshes/DAE/suspension/rear_left_link.dae
[0.218s] -- Up-to-date: /home/a/deep-rl-navigation/DRL_robot_navigation_ros2/install/velodyne_description/share/velodyne_description/models/rs_robot/meshes/DAE/suspension/front_left_link.dae
[0.218s] -- Up-to-date: /home/a/deep-rl-navigation/DRL_robot_navigation_ros2/install/velodyne_description/share/velodyne_description/models/rs_robot/meshes/DAE/suspension/front_right_link.dae
[0.218s] -- Up-to-date: /home/a/deep-rl-navigation/DRL_robot_navigation_ros2/install/velodyne_description/share/velodyne_description/models/rs_robot/meshes/DAE/lidar_base
[0.218s] -- Up-to-date: /home/a/deep-rl-navigation/DRL_robot_navigation_ros2/install/velodyne_description/share/velodyne_description/models/rs_robot/meshes/DAE/lidar_base/YDlidar_base.dae
[0.219s] -- Up-to-date: /home/a/deep-rl-navigation/DRL_robot_navigation_ros2/install/velodyne_description/share/velodyne_description/models/rs_robot/meshes/DAE/base
[0.219s] -- Up-to-date: /home/a/deep-rl-navigation/DRL_robot_navigation_ros2/install/velodyne_description/share/velodyne_description/models/rs_robot/meshes/DAE/base/base_linkOLD.dae
[0.219s] -- Up-to-date: /home/a/deep-rl-navigation/DRL_robot_navigation_ros2/install/velodyne_description/share/velodyne_description/models/rs_robot/meshes/DAE/base/base_link.dae
[0.220s] -- Up-to-date: /home/a/deep-rl-navigation/DRL_robot_navigation_ros2/install/velodyne_description/share/velodyne_description/models/rs_robot/meshes/DAE/lidar_head
[0.221s] -- Up-to-date: /home/a/deep-rl-navigation/DRL_robot_navigation_ros2/install/velodyne_description/share/velodyne_description/models/rs_robot/meshes/DAE/lidar_head/YDlidar_head.dae
[0.221s] -- Up-to-date: /home/a/deep-rl-navigation/DRL_robot_navigation_ros2/install/velodyne_description/share/velodyne_description/models/rs_robot/meshes/STL
[0.231s] -- Up-to-date: /home/a/deep-rl-navigation/DRL_robot_navigation_ros2/install/velodyne_description/share/velodyne_description/models/rs_robot/meshes/STL/wheel
[0.231s] -- Up-to-date: /home/a/deep-rl-navigation/DRL_robot_navigation_ros2/install/velodyne_description/share/velodyne_description/models/rs_robot/meshes/STL/wheel/robot_wheel.stl
[0.231s] -- Up-to-date: /home/a/deep-rl-navigation/DRL_robot_navigation_ros2/install/velodyne_description/share/velodyne_description/models/rs_robot/meshes/STL/sensors
[0.231s] -- Up-to-date: /home/a/deep-rl-navigation/DRL_robot_navigation_ros2/install/velodyne_description/share/velodyne_description/models/rs_robot/meshes/STL/sensors/gps
[0.231s] -- Up-to-date: /home/a/deep-rl-navigation/DRL_robot_navigation_ros2/install/velodyne_description/share/velodyne_description/models/rs_robot/meshes/STL/sensors/gps/gps.stl
[0.231s] -- Up-to-date: /home/a/deep-rl-navigation/DRL_robot_navigation_ros2/install/velodyne_description/share/velodyne_description/models/rs_robot/meshes/STL/sensors/gim30
[0.231s] -- Up-to-date: /home/a/deep-rl-navigation/DRL_robot_navigation_ros2/install/velodyne_description/share/velodyne_description/models/rs_robot/meshes/STL/sensors/gim30/gim30.stl
[0.231s] -- Up-to-date: /home/a/deep-rl-navigation/DRL_robot_navigation_ros2/install/velodyne_description/share/velodyne_description/models/rs_robot/meshes/STL/sensors/rear_lrf
[0.232s] -- Up-to-date: /home/a/deep-rl-navigation/DRL_robot_navigation_ros2/install/velodyne_description/share/velodyne_description/models/rs_robot/meshes/STL/sensors/rear_lrf/rear_lrf.stl
[0.232s] -- Up-to-date: /home/a/deep-rl-navigation/DRL_robot_navigation_ros2/install/velodyne_description/share/velodyne_description/models/rs_robot/meshes/STL/sensors/front_lrf
[0.232s] -- Up-to-date: /home/a/deep-rl-navigation/DRL_robot_navigation_ros2/install/velodyne_description/share/velodyne_description/models/rs_robot/meshes/STL/sensors/front_lrf/front_lrf.stl
[0.232s] -- Up-to-date: /home/a/deep-rl-navigation/DRL_robot_navigation_ros2/install/velodyne_description/share/velodyne_description/models/rs_robot/meshes/STL/suspension
[0.232s] -- Up-to-date: /home/a/deep-rl-navigation/DRL_robot_navigation_ros2/install/velodyne_description/share/velodyne_description/models/rs_robot/meshes/STL/suspension/FRONT_LEFT_LINKSTL.stl
[0.233s] -- Up-to-date: /home/a/deep-rl-navigation/DRL_robot_navigation_ros2/install/velodyne_description/share/velodyne_description/models/rs_robot/meshes/STL/suspension/REAR_LEFT_LINKSTL.stl
[0.233s] -- Up-to-date: /home/a/deep-rl-navigation/DRL_robot_navigation_ros2/install/velodyne_description/share/velodyne_description/models/rs_robot/meshes/STL/suspension/sus_link.stl
[0.234s] -- Up-to-date: /home/a/deep-rl-navigation/DRL_robot_navigation_ros2/install/velodyne_description/share/velodyne_description/models/rs_robot/meshes/STL/suspension/FRONT_RIGHT_LINKSTL.stl
[0.235s] -- Up-to-date: /home/a/deep-rl-navigation/DRL_robot_navigation_ros2/install/velodyne_description/share/velodyne_description/models/rs_robot/meshes/STL/suspension/REAR_RIGHT_LINKSTL.stl
[0.235s] -- Up-to-date: /home/a/deep-rl-navigation/DRL_robot_navigation_ros2/install/velodyne_description/share/velodyne_description/models/rs_robot/meshes/STL/lidar_base
[0.235s] -- Up-to-date: /home/a/deep-rl-navigation/DRL_robot_navigation_ros2/install/velodyne_description/share/velodyne_description/models/rs_robot/meshes/STL/lidar_base/YDlidar_base.stl
[0.235s] -- Up-to-date: /home/a/deep-rl-navigation/DRL_robot_navigation_ros2/install/velodyne_description/share/velodyne_description/models/rs_robot/meshes/STL/base
[0.235s] -- Up-to-date: /home/a/deep-rl-navigation/DRL_robot_navigation_ros2/install/velodyne_description/share/velodyne_description/models/rs_robot/meshes/STL/base/base_link_old.stl
[0.236s] -- Up-to-date: /home/a/deep-rl-navigation/DRL_robot_navigation_ros2/install/velodyne_description/share/velodyne_description/models/rs_robot/meshes/STL/base/base_link.stl
[0.236s] -- Up-to-date: /home/a/deep-rl-navigation/DRL_robot_navigation_ros2/install/velodyne_description/share/velodyne_description/models/rs_robot/meshes/STL/lidar_head
[0.236s] -- Up-to-date: /home/a/deep-rl-navigation/DRL_robot_navigation_ros2/install/velodyne_description/share/velodyne_description/models/rs_robot/meshes/STL/lidar_head/YDlidar_head v4.stl
[0.237s] -- Up-to-date: /home/a/deep-rl-navigation/DRL_robot_navigation_ros2/install/velodyne_description/share/velodyne_description/models/rs_robot/rs_robot.sdf
[0.237s] -- Up-to-date: /home/a/deep-rl-navigation/DRL_robot_navigation_ros2/install/velodyne_description/share/velodyne_description/models/rs_robot/model.config
[0.284s] Invoked command in '/home/a/deep-rl-navigation/DRL_robot_navigation_ros2/build/velodyne_description' returned '0': CMAKE_PREFIX_PATH=${CMAKE_PREFIX_PATH}:/opt/ros/humble /usr/bin/cmake --install /home/a/deep-rl-navigation/DRL_robot_navigation_ros2/build/velodyne_description
